#
# There is insufficient memory for the Java Runtime Environment to continue.
# Native memory allocation (mmap) failed to map 268435456 bytes for committing reserved memory.
# Possible reasons:
#   The system is out of physical RAM or swap space
#   In 32 bit mode, the process size limit was hit
# Possible solutions:
#   Reduce memory load on the system
#   Increase physical memory or swap space
#   Check if swap backing store is full
#   Use 64 bit Java on a 64 bit OS
#   Decrease Java heap size (-Xmx/-Xms)
#   Decrease number of Java threads
#   Decrease Java thread stack sizes (-Xss)
#   Set larger code cache with -XX:ReservedCodeCacheSize=
# This output file may be truncated or incomplete.
#
#  Out of Memory Error (os_linux.cpp:2643), pid=14176, tid=0x00007f6405579700
#
# JRE version: OpenJDK Runtime Environment (8.0_151-b12) (build 1.8.0_151-8u151-b12-0ubuntu0.16.04.2-b12)
# Java VM: OpenJDK 64-Bit Server VM (25.151-b12 mixed mode linux-amd64 compressed oops)
# Failed to write core dump. Core dumps have been disabled. To enable core dumping, try "ulimit -c unlimited" before starting Java again
#

---------------  T H R E A D  ---------------

Current thread (0x00007f641c07b000):  VMThread [stack: 0x00007f6405479000,0x00007f640557a000] [id=14184]

Stack: [0x00007f6405479000,0x00007f640557a000],  sp=0x00007f6405578480,  free space=1021k
Native frames: (J=compiled Java code, j=interpreted, Vv=VM code, C=native code)
V  [libjvm.so+0xa684eb]
V  [libjvm.so+0x4c579c]
V  [libjvm.so+0x8b6b50]
V  [libjvm.so+0x8b0fce]
V  [libjvm.so+0x92b806]
V  [libjvm.so+0x91ae9a]
V  [libjvm.so+0x91b0a3]
V  [libjvm.so+0x91ba08]
V  [libjvm.so+0x921cce]
V  [libjvm.so+0x92966d]
V  [libjvm.so+0x8db3c3]
V  [libjvm.so+0xa6a192]
V  [libjvm.so+0xa6f277]
V  [libjvm.so+0xa6ca47]
V  [libjvm.so+0xa6decf]
V  [libjvm.so+0xa6e3c1]
V  [libjvm.so+0x8b4032]

VM_Operation (0x00007f6422e516d0): ParallelGCFailedAllocation, mode: safepoint, requested by thread 0x00007f641c00e000


---------------  P R O C E S S  ---------------

Java Threads: ( => current thread )
  0x00007f641c0d3800 JavaThread "Service Thread" daemon [_thread_blocked, id=14198, stack(0x00007f640486a000,0x00007f640496b000)]
  0x00007f641c0c7800 JavaThread "C1 CompilerThread2" daemon [_thread_blocked, id=14197, stack(0x00007f640496b000,0x00007f6404a6c000)]
  0x00007f641c0c5800 JavaThread "C2 CompilerThread1" daemon [_thread_blocked, id=14196, stack(0x00007f6404a6c000,0x00007f6404b6d000)]
  0x00007f641c0c2800 JavaThread "C2 CompilerThread0" daemon [_thread_blocked, id=14195, stack(0x00007f6404b6d000,0x00007f6404c6e000)]
  0x00007f63e4001000 JavaThread "JDWP Command Reader" daemon [_thread_in_native, id=14192, stack(0x00007f6404c6e000,0x00007f6404d6f000)]
  0x00007f641c0c0800 JavaThread "JDWP Event Helper Thread" daemon [_thread_blocked, id=14191, stack(0x00007f6404d6f000,0x00007f6404e70000)]
  0x00007f641c0bd000 JavaThread "JDWP Transport Listener: dt_socket" daemon [_thread_blocked, id=14190, stack(0x00007f6404e70000,0x00007f6404f71000)]
  0x00007f641c0ae000 JavaThread "Signal Dispatcher" daemon [_thread_blocked, id=14189, stack(0x00007f6405176000,0x00007f6405277000)]
  0x00007f641c087800 JavaThread "Finalizer" daemon [_thread_blocked, id=14186, stack(0x00007f6405277000,0x00007f6405378000)]
  0x00007f641c083000 JavaThread "Reference Handler" daemon [_thread_blocked, id=14185, stack(0x00007f6405378000,0x00007f6405479000)]
  0x00007f641c00e000 JavaThread "main" [_thread_blocked, id=14179, stack(0x00007f6422d52000,0x00007f6422e53000)]

Other Threads:
=>0x00007f641c07b000 VMThread [stack: 0x00007f6405479000,0x00007f640557a000] [id=14184]
  0x00007f641c0d6000 WatcherThread [stack: 0x00007f6404769000,0x00007f640486a000] [id=14199]

VM state:at safepoint (normal execution)

VM Mutex/Monitor currently owned by a thread:  ([mutex/lock_event])
[0x00007f641c009a40] ExpandHeap_lock - owner thread: 0x00007f641c07b000
[0x00007f641c00a0c0] Threads_lock - owner thread: 0x00007f641c07b000
[0x00007f641c00a5c0] Heap_lock - owner thread: 0x00007f641c00e000

Heap:
 PSYoungGen      total 332800K, used 80470K [0x00000000d7000000, 0x00000000f9500000, 0x0000000100000000)
  eden space 109056K, 0% used [0x00000000d7000000,0x00000000d7000000,0x00000000dda80000)
  from space 223744K, 35% used [0x00000000eb500000,0x00000000f0395b80,0x00000000f8f80000)
  to   space 223744K, 0% used [0x00000000dda80000,0x00000000dda80000,0x00000000eb500000)
 ParOldGen       total 695808K, used 695752K [0x0000000085000000, 0x00000000af780000, 0x00000000d7000000)
  object space 695808K, 99% used [0x0000000085000000,0x00000000af772328,0x00000000af780000)
 Metaspace       used 3357K, capacity 4600K, committed 4864K, reserved 1056768K
  class space    used 333K, capacity 424K, committed 512K, reserved 1048576K

Card table byte_map: [0x00007f640b78c000,0x00007f640bb65000] byte_map_base: 0x00007f640b364000

Marking Bits: (ParMarkBitMap*) 0x00007f642202b2c0
 Begin Bits: [0x00007f6407378000, 0x00007f6409238000)
 End Bits:   [0x00007f6409238000, 0x00007f640b0f8000)

Polling page: 0x00007f6422e7e000

CodeCache: size=245760Kb used=2158Kb max_used=2174Kb free=243601Kb
 bounds [0x00007f640bf25000, 0x00007f640c195000, 0x00007f641af25000]
 total_blobs=661 nmethods=411 adapters=173
 compilation: enabled

Compilation events (10 events):
Event: 75,595 Thread 0x00007f641c0c2800 nmethod 398 0x00007f640c130d90 code [0x00007f640c130f00, 0x00007f640c131158]
Event: 75,595 Thread 0x00007f641c0c2800  411 %     4       dataStructures.classes.CountLeaderBoard::getTop @ 30 (67 bytes)
Event: 75,605 Thread 0x00007f641c0c2800 nmethod 411% 0x00007f640c130250 code [0x00007f640c1303e0, 0x00007f640c130a18]
Event: 75,605 Thread 0x00007f641c0c2800  408       4       java.util.LinkedList::add (7 bytes)
Event: 75,607 Thread 0x00007f641c0c2800 nmethod 408 0x00007f640c138c50 code [0x00007f640c138da0, 0x00007f640c138ed8]
Event: 75,607 Thread 0x00007f641c0c2800  403       4       java.util.ArrayList$SubList$1::next (79 bytes)
Event: 75,609 Thread 0x00007f641c0c2800 nmethod 403 0x00007f640c13a290 code [0x00007f640c13a400, 0x00007f640c13a618]
Event: 75,609 Thread 0x00007f641c0c2800  401   !   4       java.io.BufferedWriter::flushBuffer (53 bytes)
Event: 75,682 Thread 0x00007f641c0c5800 nmethod 396 0x00007f640c13f8d0 code [0x00007f640c13fca0, 0x00007f640c1435b0]
Event: 75,693 Thread 0x00007f641c0c2800 nmethod 401 0x00007f640c13aa10 code [0x00007f640c13ac00, 0x00007f640c13bd88]

GC Heap History (10 events):
Event: 90,357 GC heap after
Heap after GC invocations=13 (full 4):
 PSYoungGen      total 227328K, used 124928K [0x00000000d7000000, 0x00000000f4300000, 0x0000000100000000)
  eden space 102400K, 0% used [0x00000000d7000000,0x00000000d7000000,0x00000000dd400000)
  from space 124928K, 100% used [0x00000000dd400000,0x00000000e4e00000,0x00000000e4e00000)
  to   space 173056K, 0% used [0x00000000e9a00000,0x00000000e9a00000,0x00000000f4300000)
 ParOldGen       total 481792K, used 378308K [0x0000000085000000, 0x00000000a2680000, 0x00000000d7000000)
  object space 481792K, 78% used [0x0000000085000000,0x000000009c171110,0x00000000a2680000)
 Metaspace       used 3357K, capacity 4600K, committed 4864K, reserved 1056768K
  class space    used 333K, capacity 424K, committed 512K, reserved 1048576K
}
Event: 90,434 GC heap before
{Heap before GC invocations=14 (full 4):
 PSYoungGen      total 227328K, used 227328K [0x00000000d7000000, 0x00000000f4300000, 0x0000000100000000)
  eden space 102400K, 100% used [0x00000000d7000000,0x00000000dd400000,0x00000000dd400000)
  from space 124928K, 100% used [0x00000000dd400000,0x00000000e4e00000,0x00000000e4e00000)
  to   space 173056K, 0% used [0x00000000e9a00000,0x00000000e9a00000,0x00000000f4300000)
 ParOldGen       total 481792K, used 378308K [0x0000000085000000, 0x00000000a2680000, 0x00000000d7000000)
  object space 481792K, 78% used [0x0000000085000000,0x000000009c171110,0x00000000a2680000)
 Metaspace       used 3357K, capacity 4600K, committed 4864K, reserved 1056768K
  class space    used 333K, capacity 424K, committed 512K, reserved 1048576K
Event: 91,087 GC heap after
Heap after GC invocations=14 (full 4):
 PSYoungGen      total 258560K, used 173056K [0x00000000d7000000, 0x00000000fa400000, 0x0000000100000000)
  eden space 85504K, 0% used [0x00000000d7000000,0x00000000d7000000,0x00000000dc380000)
  from space 173056K, 100% used [0x00000000e9a00000,0x00000000f4300000,0x00000000f4300000)
  to   space 219648K, 0% used [0x00000000dc380000,0x00000000dc380000,0x00000000e9a00000)
 ParOldGen       total 481792K, used 432852K [0x0000000085000000, 0x00000000a2680000, 0x00000000d7000000)
  object space 481792K, 89% used [0x0000000085000000,0x000000009f6b5110,0x00000000a2680000)
 Metaspace       used 3357K, capacity 4600K, committed 4864K, reserved 1056768K
  class space    used 333K, capacity 424K, committed 512K, reserved 1048576K
}
Event: 91,087 GC heap before
{Heap before GC invocations=15 (full 5):
 PSYoungGen      total 258560K, used 173056K [0x00000000d7000000, 0x00000000fa400000, 0x0000000100000000)
  eden space 85504K, 0% used [0x00000000d7000000,0x00000000d7000000,0x00000000dc380000)
  from space 173056K, 100% used [0x00000000e9a00000,0x00000000f4300000,0x00000000f4300000)
  to   space 219648K, 0% used [0x00000000dc380000,0x00000000dc380000,0x00000000e9a00000)
 ParOldGen       total 481792K, used 432852K [0x0000000085000000, 0x00000000a2680000, 0x00000000d7000000)
  object space 481792K, 89% used [0x0000000085000000,0x000000009f6b5110,0x00000000a2680000)
 Metaspace       used 3357K, capacity 4600K, committed 4864K, reserved 1056768K
  class space    used 333K, capacity 424K, committed 512K, reserved 1048576K
Event: 96,457 GC heap after
Heap after GC invocations=15 (full 5):
 PSYoungGen      total 258560K, used 123783K [0x00000000d7000000, 0x00000000fa400000, 0x0000000100000000)
  eden space 85504K, 0% used [0x00000000d7000000,0x00000000d7000000,0x00000000dc380000)
  from space 173056K, 71% used [0x00000000e9a00000,0x00000000f12e1c00,0x00000000f4300000)
  to   space 219648K, 0% used [0x00000000dc380000,0x00000000dc380000,0x00000000e9a00000)
 ParOldGen       total 695808K, used 481434K [0x0000000085000000, 0x00000000af780000, 0x00000000d7000000)
  object space 695808K, 69% used [0x0000000085000000,0x00000000a2626928,0x00000000af780000)
 Metaspace       used 3357K, capacity 4600K, committed 4864K, reserved 1056768K
  class space    used 333K, capacity 424K, committed 512K, reserved 1048576K
}
Event: 96,509 GC heap before
{Heap before GC invocations=16 (full 5):
 PSYoungGen      total 258560K, used 209287K [0x00000000d7000000, 0x00000000fa400000, 0x0000000100000000)
  eden space 85504K, 100% used [0x00000000d7000000,0x00000000dc380000,0x00000000dc380000)
  from space 173056K, 71% used [0x00000000e9a00000,0x00000000f12e1c00,0x00000000f4300000)
  to   space 219648K, 0% used [0x00000000dc380000,0x00000000dc380000,0x00000000e9a00000)
 ParOldGen       total 695808K, used 481434K [0x0000000085000000, 0x00000000af780000, 0x00000000d7000000)
  object space 695808K, 69% used [0x0000000085000000,0x00000000a2626928,0x00000000af780000)
 Metaspace       used 3357K, capacity 4600K, committed 4864K, reserved 1056768K
  class space    used 333K, capacity 424K, committed 512K, reserved 1048576K
Event: 96,866 GC heap after
Heap after GC invocations=16 (full 5):
 PSYoungGen      total 305152K, used 172832K [0x00000000d7000000, 0x00000000f8f80000, 0x0000000100000000)
  eden space 85504K, 0% used [0x00000000d7000000,0x00000000d7000000,0x00000000dc380000)
  from space 219648K, 78% used [0x00000000dc380000,0x00000000e6c48000,0x00000000e9a00000)
  to   space 223744K, 0% used [0x00000000eb500000,0x00000000eb500000,0x00000000f8f80000)
 ParOldGen       total 695808K, used 518266K [0x0000000085000000, 0x00000000af780000, 0x00000000d7000000)
  object space 695808K, 74% used [0x0000000085000000,0x00000000a4a1e928,0x00000000af780000)
 Metaspace       used 3357K, capacity 4600K, committed 4864K, reserved 1056768K
  class space    used 333K, capacity 424K, committed 512K, reserved 1048576K
}
Event: 96,918 GC heap before
{Heap before GC invocations=17 (full 5):
 PSYoungGen      total 305152K, used 258336K [0x00000000d7000000, 0x00000000f8f80000, 0x0000000100000000)
  eden space 85504K, 100% used [0x00000000d7000000,0x00000000dc380000,0x00000000dc380000)
  from space 219648K, 78% used [0x00000000dc380000,0x00000000e6c48000,0x00000000e9a00000)
  to   space 223744K, 0% used [0x00000000eb500000,0x00000000eb500000,0x00000000f8f80000)
 ParOldGen       total 695808K, used 518266K [0x0000000085000000, 0x00000000af780000, 0x00000000d7000000)
  object space 695808K, 74% used [0x0000000085000000,0x00000000a4a1e928,0x00000000af780000)
 Metaspace       used 3357K, capacity 4600K, committed 4864K, reserved 1056768K
  class space    used 333K, capacity 424K, committed 512K, reserved 1048576K
Event: 97,266 GC heap after
Heap after GC invocations=17 (full 5):
 PSYoungGen      total 332800K, used 171200K [0x00000000d7000000, 0x00000000f9500000, 0x0000000100000000)
  eden space 109056K, 0% used [0x00000000d7000000,0x00000000d7000000,0x00000000dda80000)
  from space 223744K, 76% used [0x00000000eb500000,0x00000000f5c30000,0x00000000f8f80000)
  to   space 223744K, 0% used [0x00000000dda80000,0x00000000dda80000,0x00000000eb500000)
 ParOldGen       total 695808K, used 605722K [0x0000000085000000, 0x00000000af780000, 0x00000000d7000000)
  object space 695808K, 87% used [0x0000000085000000,0x00000000a9f86928,0x00000000af780000)
 Metaspace       used 3357K, capacity 4600K, committed 4864K, reserved 1056768K
  class space    used 333K, capacity 424K, committed 512K, reserved 1048576K
}
Event: 97,266 GC heap before
{Heap before GC invocations=18 (full 6):
 PSYoungGen      total 332800K, used 171200K [0x00000000d7000000, 0x00000000f9500000, 0x0000000100000000)
  eden space 109056K, 0% used [0x00000000d7000000,0x00000000d7000000,0x00000000dda80000)
  from space 223744K, 76% used [0x00000000eb500000,0x00000000f5c30000,0x00000000f8f80000)
  to   space 223744K, 0% used [0x00000000dda80000,0x00000000dda80000,0x00000000eb500000)
 ParOldGen       total 695808K, used 605722K [0x0000000085000000, 0x00000000af780000, 0x00000000d7000000)
  object space 695808K, 87% used [0x0000000085000000,0x00000000a9f86928,0x00000000af780000)
 Metaspace       used 3357K, capacity 4600K, committed 4864K, reserved 1056768K
  class space    used 333K, capacity 424K, committed 512K, reserved 1048576K

Deoptimization events (0 events):
No events

Internal exceptions (2 events):
Event: 0,036 Thread 0x00007f641c00e000 Exception <a 'java/lang/NoSuchMethodError': Method sun.misc.Unsafe.defineClass(Ljava/lang/String;[BII)Ljava/lang/Class; name or signature does not match> (0x00000000d7007ca8) thrown at [/build/openjdk-8-W2Qe27/openjdk-8-8u151-b12/src/hotspot/src/share/vm/
Event: 0,036 Thread 0x00007f641c00e000 Exception <a 'java/lang/NoSuchMethodError': Method sun.misc.Unsafe.prefetchRead(Ljava/lang/Object;J)V name or signature does not match> (0x00000000d7007f90) thrown at [/build/openjdk-8-W2Qe27/openjdk-8-8u151-b12/src/hotspot/src/share/vm/prims/jni.cpp, lin

Events (10 events):
Event: 89,038 Executing VM operation: ParallelGCFailedAllocation done
Event: 89,130 Executing VM operation: ParallelGCFailedAllocation
Event: 89,676 Executing VM operation: ParallelGCFailedAllocation done
Event: 89,749 Executing VM operation: ParallelGCFailedAllocation
Event: 90,357 Executing VM operation: ParallelGCFailedAllocation done
Event: 90,434 Executing VM operation: ParallelGCFailedAllocation
Event: 96,458 Executing VM operation: ParallelGCFailedAllocation done
Event: 96,509 Executing VM operation: ParallelGCFailedAllocation
Event: 96,866 Executing VM operation: ParallelGCFailedAllocation done
Event: 96,918 Executing VM operation: ParallelGCFailedAllocation


Dynamic libraries:
00400000-00401000 r-xp 00000000 08:05 1716306                            /usr/lib/jvm/java-8-openjdk-amd64/jre/bin/java
00600000-00601000 r--p 00000000 08:05 1716306                            /usr/lib/jvm/java-8-openjdk-amd64/jre/bin/java
00601000-00602000 rw-p 00001000 08:05 1716306                            /usr/lib/jvm/java-8-openjdk-amd64/jre/bin/java
01248000-01269000 rw-p 00000000 00:00 0                                  [heap]
85000000-af780000 rw-p 00000000 00:00 0 
bf780000-d7000000 ---p 00000000 00:00 0 
d7000000-f9500000 rw-p 00000000 00:00 0 
f9500000-100000000 ---p 00000000 00:00 0 
100000000-100080000 rw-p 00000000 00:00 0 
100080000-140000000 ---p 00000000 00:00 0 
7f63c0000000-7f63c0021000 rw-p 00000000 00:00 0 
7f63c0021000-7f63c4000000 ---p 00000000 00:00 0 
7f63c4fff000-7f63c8000000 rw-p 00000000 00:00 0 
7f63c8000000-7f63c820c000 rw-p 00000000 00:00 0 
7f63c820c000-7f63cc000000 ---p 00000000 00:00 0 
7f63cc000000-7f63cc021000 rw-p 00000000 00:00 0 
7f63cc021000-7f63d0000000 ---p 00000000 00:00 0 
7f63d0000000-7f63d02a5000 rw-p 00000000 00:00 0 
7f63d02a5000-7f63d4000000 ---p 00000000 00:00 0 
7f63d4000000-7f63d438b000 rw-p 00000000 00:00 0 
7f63d438b000-7f63d8000000 ---p 00000000 00:00 0 
7f63d8000000-7f63d8021000 rw-p 00000000 00:00 0 
7f63d8021000-7f63dc000000 ---p 00000000 00:00 0 
7f63dc000000-7f63dc021000 rw-p 00000000 00:00 0 
7f63dc021000-7f63e0000000 ---p 00000000 00:00 0 
7f63e0000000-7f63e0021000 rw-p 00000000 00:00 0 
7f63e0021000-7f63e4000000 ---p 00000000 00:00 0 
7f63e4000000-7f63e4021000 rw-p 00000000 00:00 0 
7f63e4021000-7f63e8000000 ---p 00000000 00:00 0 
7f63e8000000-7f63e8021000 rw-p 00000000 00:00 0 
7f63e8021000-7f63ec000000 ---p 00000000 00:00 0 
7f63ec000000-7f63ec021000 rw-p 00000000 00:00 0 
7f63ec021000-7f63f0000000 ---p 00000000 00:00 0 
7f63f0000000-7f63f0021000 rw-p 00000000 00:00 0 
7f63f0021000-7f63f4000000 ---p 00000000 00:00 0 
7f63f4000000-7f63f4021000 rw-p 00000000 00:00 0 
7f63f4021000-7f63f8000000 ---p 00000000 00:00 0 
7f63f8000000-7f63f8021000 rw-p 00000000 00:00 0 
7f63f8021000-7f63fc000000 ---p 00000000 00:00 0 
7f63fc000000-7f63fc021000 rw-p 00000000 00:00 0 
7f63fc021000-7f6400000000 ---p 00000000 00:00 0 
7f6400000000-7f6400021000 rw-p 00000000 00:00 0 
7f6400021000-7f6404000000 ---p 00000000 00:00 0 
7f6404308000-7f640431f000 r-xp 00000000 08:05 1716267                    /usr/lib/jvm/java-8-openjdk-amd64/jre/lib/amd64/libnet.so
7f640431f000-7f640451e000 ---p 00017000 08:05 1716267                    /usr/lib/jvm/java-8-openjdk-amd64/jre/lib/amd64/libnet.so
7f640451e000-7f640451f000 r--p 00016000 08:05 1716267                    /usr/lib/jvm/java-8-openjdk-amd64/jre/lib/amd64/libnet.so
7f640451f000-7f6404520000 rw-p 00017000 08:05 1716267                    /usr/lib/jvm/java-8-openjdk-amd64/jre/lib/amd64/libnet.so
7f6404520000-7f6404531000 r-xp 00000000 08:05 1716280                    /usr/lib/jvm/java-8-openjdk-amd64/jre/lib/amd64/libnio.so
7f6404531000-7f6404731000 ---p 00011000 08:05 1716280                    /usr/lib/jvm/java-8-openjdk-amd64/jre/lib/amd64/libnio.so
7f6404731000-7f6404732000 r--p 00011000 08:05 1716280                    /usr/lib/jvm/java-8-openjdk-amd64/jre/lib/amd64/libnio.so
7f6404732000-7f6404733000 rw-p 00012000 08:05 1716280                    /usr/lib/jvm/java-8-openjdk-amd64/jre/lib/amd64/libnio.so
7f6404733000-7f6404746000 r--s 00346000 08:05 1716287                    /usr/lib/jvm/java-8-openjdk-amd64/jre/lib/resources.jar
7f6404746000-7f640474b000 r--s 0009a000 08:05 1716288                    /usr/lib/jvm/java-8-openjdk-amd64/jre/lib/jsse.jar
7f640474b000-7f640474e000 r--s 00015000 08:05 1716220                    /usr/lib/jvm/java-8-openjdk-amd64/jre/lib/jce.jar
7f640474e000-7f6404769000 r--s 001d6000 08:05 1716226                    /usr/lib/jvm/java-8-openjdk-amd64/jre/lib/ext/nashorn.jar
7f6404769000-7f640476a000 ---p 00000000 00:00 0 
7f640476a000-7f640486a000 rw-p 00000000 00:00 0 
7f640486a000-7f640486d000 ---p 00000000 00:00 0 
7f640486d000-7f640496b000 rw-p 00000000 00:00 0 
7f640496b000-7f640496e000 ---p 00000000 00:00 0 
7f640496e000-7f6404a6c000 rw-p 00000000 00:00 0 
7f6404a6c000-7f6404a6f000 ---p 00000000 00:00 0 
7f6404a6f000-7f6404b6d000 rw-p 00000000 00:00 0 
7f6404b6d000-7f6404b70000 ---p 00000000 00:00 0 
7f6404b70000-7f6404c6e000 rw-p 00000000 00:00 0 
7f6404c6e000-7f6404c71000 ---p 00000000 00:00 0 
7f6404c71000-7f6404d6f000 rw-p 00000000 00:00 0 
7f6404d6f000-7f6404d72000 ---p 00000000 00:00 0 
7f6404d72000-7f6404e70000 rw-p 00000000 00:00 0 
7f6404e70000-7f6404e73000 ---p 00000000 00:00 0 
7f6404e73000-7f6404f71000 rw-p 00000000 00:00 0 
7f6404f71000-7f6404f75000 r-xp 00000000 08:05 1716249                    /usr/lib/jvm/java-8-openjdk-amd64/jre/lib/amd64/libdt_socket.so
7f6404f75000-7f6405174000 ---p 00004000 08:05 1716249                    /usr/lib/jvm/java-8-openjdk-amd64/jre/lib/amd64/libdt_socket.so
7f6405174000-7f6405175000 r--p 00003000 08:05 1716249                    /usr/lib/jvm/java-8-openjdk-amd64/jre/lib/amd64/libdt_socket.so
7f6405175000-7f6405176000 rw-p 00004000 08:05 1716249                    /usr/lib/jvm/java-8-openjdk-amd64/jre/lib/amd64/libdt_socket.so
7f6405176000-7f6405179000 ---p 00000000 00:00 0 
7f6405179000-7f6405277000 rw-p 00000000 00:00 0 
7f6405277000-7f640527a000 ---p 00000000 00:00 0 
7f640527a000-7f6405378000 rw-p 00000000 00:00 0 
7f6405378000-7f640537b000 ---p 00000000 00:00 0 
7f640537b000-7f6405479000 rw-p 00000000 00:00 0 
7f6405479000-7f640547a000 ---p 00000000 00:00 0 
7f640547a000-7f640655b000 rw-p 00000000 00:00 0 
7f640655b000-7f640672a000 r--s 03c21000 08:05 1716218                    /usr/lib/jvm/java-8-openjdk-amd64/jre/lib/rt.jar
7f640672a000-7f6406be0000 rw-p 00000000 00:00 0 
7f6406be0000-7f6406fa0000 ---p 00000000 00:00 0 
7f6406fa0000-7f640b0f8000 rw-p 00000000 00:00 0 
7f640b0f8000-7f640b0f9000 ---p 00000000 00:00 0 
7f640b0f9000-7f640b1f9000 rw-p 00000000 00:00 0 
7f640b1f9000-7f640b1fa000 ---p 00000000 00:00 0 
7f640b1fa000-7f640b2fa000 rw-p 00000000 00:00 0 
7f640b2fa000-7f640b2fb000 ---p 00000000 00:00 0 
7f640b2fb000-7f640b3fb000 rw-p 00000000 00:00 0 
7f640b3fb000-7f640b3fc000 ---p 00000000 00:00 0 
7f640b3fc000-7f640b650000 rw-p 00000000 00:00 0 
7f640b650000-7f640b78c000 ---p 00000000 00:00 0 
7f640b78c000-7f640b8e0000 rw-p 00000000 00:00 0 
7f640b8e0000-7f640ba1c000 ---p 00000000 00:00 0 
7f640ba1c000-7f640bb2f000 rw-p 00000000 00:00 0 
7f640bb2f000-7f640bb64000 ---p 00000000 00:00 0 
7f640bb64000-7f640bb6f000 rw-p 00000000 00:00 0 
7f640bb6f000-7f640bf25000 ---p 00000000 00:00 0 
7f640bf25000-7f640c195000 rwxp 00000000 00:00 0 
7f640c195000-7f641af25000 ---p 00000000 00:00 0 
7f641af25000-7f641af2d000 r-xp 00000000 08:05 1716274                    /usr/lib/jvm/java-8-openjdk-amd64/jre/lib/amd64/libzip.so
7f641af2d000-7f641b12c000 ---p 00008000 08:05 1716274                    /usr/lib/jvm/java-8-openjdk-amd64/jre/lib/amd64/libzip.so
7f641b12c000-7f641b12d000 r--p 00007000 08:05 1716274                    /usr/lib/jvm/java-8-openjdk-amd64/jre/lib/amd64/libzip.so
7f641b12d000-7f641b12e000 rw-p 00008000 08:05 1716274                    /usr/lib/jvm/java-8-openjdk-amd64/jre/lib/amd64/libzip.so
7f641b12e000-7f641b139000 r-xp 00000000 08:05 1975446                    /lib/x86_64-linux-gnu/libnss_files-2.23.so
7f641b139000-7f641b338000 ---p 0000b000 08:05 1975446                    /lib/x86_64-linux-gnu/libnss_files-2.23.so
7f641b338000-7f641b339000 r--p 0000a000 08:05 1975446                    /lib/x86_64-linux-gnu/libnss_files-2.23.so
7f641b339000-7f641b33a000 rw-p 0000b000 08:05 1975446                    /lib/x86_64-linux-gnu/libnss_files-2.23.so
7f641b33a000-7f641b340000 rw-p 00000000 00:00 0 
7f641b340000-7f641b34b000 r-xp 00000000 08:05 1975452                    /lib/x86_64-linux-gnu/libnss_nis-2.23.so
7f641b34b000-7f641b54a000 ---p 0000b000 08:05 1975452                    /lib/x86_64-linux-gnu/libnss_nis-2.23.so
7f641b54a000-7f641b54b000 r--p 0000a000 08:05 1975452                    /lib/x86_64-linux-gnu/libnss_nis-2.23.so
7f641b54b000-7f641b54c000 rw-p 0000b000 08:05 1975452                    /lib/x86_64-linux-gnu/libnss_nis-2.23.so
7f641b54c000-7f641b562000 r-xp 00000000 08:05 1975434                    /lib/x86_64-linux-gnu/libnsl-2.23.so
7f641b562000-7f641b761000 ---p 00016000 08:05 1975434                    /lib/x86_64-linux-gnu/libnsl-2.23.so
7f641b761000-7f641b762000 r--p 00015000 08:05 1975434                    /lib/x86_64-linux-gnu/libnsl-2.23.so
7f641b762000-7f641b763000 rw-p 00016000 08:05 1975434                    /lib/x86_64-linux-gnu/libnsl-2.23.so
7f641b763000-7f641b765000 rw-p 00000000 00:00 0 
7f641b765000-7f641b76d000 r-xp 00000000 08:05 1975461                    /lib/x86_64-linux-gnu/libnss_compat-2.23.so
7f641b76d000-7f641b96c000 ---p 00008000 08:05 1975461                    /lib/x86_64-linux-gnu/libnss_compat-2.23.so
7f641b96c000-7f641b96d000 r--p 00007000 08:05 1975461                    /lib/x86_64-linux-gnu/libnss_compat-2.23.so
7f641b96d000-7f641b96e000 rw-p 00008000 08:05 1975461                    /lib/x86_64-linux-gnu/libnss_compat-2.23.so
7f641b96e000-7f641bdc4000 r--p 00000000 08:05 1457069                    /usr/lib/locale/locale-archive
7f641bdc4000-7f641bdff000 r-xp 00000000 08:05 1716275                    /usr/lib/jvm/java-8-openjdk-amd64/jre/lib/amd64/libjdwp.so
7f641bdff000-7f641bffe000 ---p 0003b000 08:05 1716275                    /usr/lib/jvm/java-8-openjdk-amd64/jre/lib/amd64/libjdwp.so
7f641bffe000-7f641bfff000 r--p 0003a000 08:05 1716275                    /usr/lib/jvm/java-8-openjdk-amd64/jre/lib/amd64/libjdwp.so
7f641bfff000-7f641c000000 rw-p 0003b000 08:05 1716275                    /usr/lib/jvm/java-8-openjdk-amd64/jre/lib/amd64/libjdwp.so
7f641c000000-7f641c1ff000 rw-p 00000000 00:00 0 
7f641c1ff000-7f6420000000 ---p 00000000 00:00 0 
7f6420001000-7f6420002000 r--s 00000000 08:05 1716290                    /usr/lib/jvm/java-8-openjdk-amd64/jre/lib/management-agent.jar
7f6420002000-7f642001d000 r--s 00394000 08:05 1716224                    /usr/lib/jvm/java-8-openjdk-amd64/jre/lib/ext/cldrdata.jar
7f642001d000-7f642001f000 r-xp 00000000 08:05 1716263                    /usr/lib/jvm/java-8-openjdk-amd64/jre/lib/amd64/libnpt.so
7f642001f000-7f642021f000 ---p 00002000 08:05 1716263                    /usr/lib/jvm/java-8-openjdk-amd64/jre/lib/amd64/libnpt.so
7f642021f000-7f6420220000 r--p 00002000 08:05 1716263                    /usr/lib/jvm/java-8-openjdk-amd64/jre/lib/amd64/libnpt.so
7f6420220000-7f6420221000 rw-p 00003000 08:05 1716263                    /usr/lib/jvm/java-8-openjdk-amd64/jre/lib/amd64/libnpt.so
7f6420221000-7f642024e000 r-xp 00000000 08:05 1716255                    /usr/lib/jvm/java-8-openjdk-amd64/jre/lib/amd64/libjava.so
7f642024e000-7f642044d000 ---p 0002d000 08:05 1716255                    /usr/lib/jvm/java-8-openjdk-amd64/jre/lib/amd64/libjava.so
7f642044d000-7f642044e000 r--p 0002c000 08:05 1716255                    /usr/lib/jvm/java-8-openjdk-amd64/jre/lib/amd64/libjava.so
7f642044e000-7f6420450000 rw-p 0002d000 08:05 1716255                    /usr/lib/jvm/java-8-openjdk-amd64/jre/lib/amd64/libjava.so
7f6420450000-7f642045f000 r-xp 00000000 08:05 1716272                    /usr/lib/jvm/java-8-openjdk-amd64/jre/lib/amd64/libverify.so
7f642045f000-7f642065e000 ---p 0000f000 08:05 1716272                    /usr/lib/jvm/java-8-openjdk-amd64/jre/lib/amd64/libverify.so
7f642065e000-7f6420660000 r--p 0000e000 08:05 1716272                    /usr/lib/jvm/java-8-openjdk-amd64/jre/lib/amd64/libverify.so
7f6420660000-7f6420661000 rw-p 00010000 08:05 1716272                    /usr/lib/jvm/java-8-openjdk-amd64/jre/lib/amd64/libverify.so
7f6420661000-7f6420668000 r-xp 00000000 08:05 1975455                    /lib/x86_64-linux-gnu/librt-2.23.so
7f6420668000-7f6420867000 ---p 00007000 08:05 1975455                    /lib/x86_64-linux-gnu/librt-2.23.so
7f6420867000-7f6420868000 r--p 00006000 08:05 1975455                    /lib/x86_64-linux-gnu/librt-2.23.so
7f6420868000-7f6420869000 rw-p 00007000 08:05 1975455                    /lib/x86_64-linux-gnu/librt-2.23.so
7f6420869000-7f642087f000 r-xp 00000000 08:05 1970721                    /lib/x86_64-linux-gnu/libgcc_s.so.1
7f642087f000-7f6420a7e000 ---p 00016000 08:05 1970721                    /lib/x86_64-linux-gnu/libgcc_s.so.1
7f6420a7e000-7f6420a7f000 rw-p 00015000 08:05 1970721                    /lib/x86_64-linux-gnu/libgcc_s.so.1
7f6420a7f000-7f6420b87000 r-xp 00000000 08:05 1975471                    /lib/x86_64-linux-gnu/libm-2.23.so
7f6420b87000-7f6420d86000 ---p 00108000 08:05 1975471                    /lib/x86_64-linux-gnu/libm-2.23.so
7f6420d86000-7f6420d87000 r--p 00107000 08:05 1975471                    /lib/x86_64-linux-gnu/libm-2.23.so
7f6420d87000-7f6420d88000 rw-p 00108000 08:05 1975471                    /lib/x86_64-linux-gnu/libm-2.23.so
7f6420d88000-7f6420efa000 r-xp 00000000 08:05 1442506                    /usr/lib/x86_64-linux-gnu/libstdc++.so.6.0.21
7f6420efa000-7f64210fa000 ---p 00172000 08:05 1442506                    /usr/lib/x86_64-linux-gnu/libstdc++.so.6.0.21
7f64210fa000-7f6421104000 r--p 00172000 08:05 1442506                    /usr/lib/x86_64-linux-gnu/libstdc++.so.6.0.21
7f6421104000-7f6421106000 rw-p 0017c000 08:05 1442506                    /usr/lib/x86_64-linux-gnu/libstdc++.so.6.0.21
7f6421106000-7f642110a000 rw-p 00000000 00:00 0 
7f642110a000-7f6421d5c000 r-xp 00000000 08:05 1716266                    /usr/lib/jvm/java-8-openjdk-amd64/jre/lib/amd64/server/libjvm.so
7f6421d5c000-7f6421f5c000 ---p 00c52000 08:05 1716266                    /usr/lib/jvm/java-8-openjdk-amd64/jre/lib/amd64/server/libjvm.so
7f6421f5c000-7f6421fef000 r--p 00c52000 08:05 1716266                    /usr/lib/jvm/java-8-openjdk-amd64/jre/lib/amd64/server/libjvm.so
7f6421fef000-7f6422018000 rw-p 00ce5000 08:05 1716266                    /usr/lib/jvm/java-8-openjdk-amd64/jre/lib/amd64/server/libjvm.so
7f6422018000-7f6422048000 rw-p 00000000 00:00 0 
7f6422048000-7f6422060000 r-xp 00000000 08:05 1975451                    /lib/x86_64-linux-gnu/libpthread-2.23.so
7f6422060000-7f642225f000 ---p 00018000 08:05 1975451                    /lib/x86_64-linux-gnu/libpthread-2.23.so
7f642225f000-7f6422260000 r--p 00017000 08:05 1975451                    /lib/x86_64-linux-gnu/libpthread-2.23.so
7f6422260000-7f6422261000 rw-p 00018000 08:05 1975451                    /lib/x86_64-linux-gnu/libpthread-2.23.so
7f6422261000-7f6422265000 rw-p 00000000 00:00 0 
7f6422265000-7f6422268000 r-xp 00000000 08:05 1975460                    /lib/x86_64-linux-gnu/libdl-2.23.so
7f6422268000-7f6422467000 ---p 00003000 08:05 1975460                    /lib/x86_64-linux-gnu/libdl-2.23.so
7f6422467000-7f6422468000 r--p 00002000 08:05 1975460                    /lib/x86_64-linux-gnu/libdl-2.23.so
7f6422468000-7f6422469000 rw-p 00003000 08:05 1975460                    /lib/x86_64-linux-gnu/libdl-2.23.so
7f6422469000-7f6422482000 r-xp 00000000 08:05 1968372                    /lib/x86_64-linux-gnu/libz.so.1.2.8
7f6422482000-7f6422681000 ---p 00019000 08:05 1968372                    /lib/x86_64-linux-gnu/libz.so.1.2.8
7f6422681000-7f6422682000 r--p 00018000 08:05 1968372                    /lib/x86_64-linux-gnu/libz.so.1.2.8
7f6422682000-7f6422683000 rw-p 00019000 08:05 1968372                    /lib/x86_64-linux-gnu/libz.so.1.2.8
7f6422683000-7f6422843000 r-xp 00000000 08:05 1975483                    /lib/x86_64-linux-gnu/libc-2.23.so
7f6422843000-7f6422a43000 ---p 001c0000 08:05 1975483                    /lib/x86_64-linux-gnu/libc-2.23.so
7f6422a43000-7f6422a47000 r--p 001c0000 08:05 1975483                    /lib/x86_64-linux-gnu/libc-2.23.so
7f6422a47000-7f6422a49000 rw-p 001c4000 08:05 1975483                    /lib/x86_64-linux-gnu/libc-2.23.so
7f6422a49000-7f6422a4d000 rw-p 00000000 00:00 0 
7f6422a4d000-7f6422a5a000 r-xp 00000000 08:05 1716270                    /usr/lib/jvm/java-8-openjdk-amd64/jre/lib/amd64/jli/libjli.so
7f6422a5a000-7f6422c5a000 ---p 0000d000 08:05 1716270                    /usr/lib/jvm/java-8-openjdk-amd64/jre/lib/amd64/jli/libjli.so
7f6422c5a000-7f6422c5b000 r--p 0000d000 08:05 1716270                    /usr/lib/jvm/java-8-openjdk-amd64/jre/lib/amd64/jli/libjli.so
7f6422c5b000-7f6422c5c000 rw-p 0000e000 08:05 1716270                    /usr/lib/jvm/java-8-openjdk-amd64/jre/lib/amd64/jli/libjli.so
7f6422c5c000-7f6422c82000 r-xp 00000000 08:05 1975435                    /lib/x86_64-linux-gnu/ld-2.23.so
7f6422c82000-7f6422c87000 r--s 002f9000 08:05 1716286                    /usr/lib/jvm/java-8-openjdk-amd64/jre/lib/charsets.jar
7f6422c87000-7f6422d52000 rw-p 00000000 00:00 0 
7f6422d52000-7f6422d55000 ---p 00000000 00:00 0 
7f6422d55000-7f6422e58000 rw-p 00000000 00:00 0 
7f6422e58000-7f6422e59000 r--s 00010000 08:05 1716225                    /usr/lib/jvm/java-8-openjdk-amd64/jre/lib/ext/zipfs.jar
7f6422e59000-7f6422e5f000 r--s 0003a000 08:05 1716228                    /usr/lib/jvm/java-8-openjdk-amd64/jre/lib/ext/sunjce_provider.jar
7f6422e5f000-7f6422e60000 r--s 0000a000 08:05 1716235                    /usr/lib/jvm/java-8-openjdk-amd64/jre/lib/ext/jaccess.jar
7f6422e60000-7f6422e6a000 r--s 00116000 08:05 1716230                    /usr/lib/jvm/java-8-openjdk-amd64/jre/lib/ext/localedata.jar
7f6422e6a000-7f6422e6c000 r--s 00001000 08:05 1716236                    /usr/lib/jvm/java-8-openjdk-amd64/jre/lib/ext/dnsns.jar
7f6422e6c000-7f6422e70000 r--s 00037000 08:05 1716231                    /usr/lib/jvm/java-8-openjdk-amd64/jre/lib/ext/sunpkcs11.jar
7f6422e70000-7f6422e72000 r--s 00008000 08:05 1716229                    /usr/lib/jvm/java-8-openjdk-amd64/jre/lib/ext/sunec.jar
7f6422e72000-7f6422e75000 r--s 0000f000 08:05 1716222                    /usr/lib/jvm/java-8-openjdk-amd64/jre/lib/ext/icedtea-sound.jar
7f6422e75000-7f6422e7d000 rw-s 00000000 08:05 3163357                    /tmp/hsperfdata_mihnea/14176
7f6422e7d000-7f6422e7e000 rw-p 00000000 00:00 0 
7f6422e7e000-7f6422e7f000 ---p 00000000 00:00 0 
7f6422e7f000-7f6422e81000 rw-p 00000000 00:00 0 
7f6422e81000-7f6422e82000 r--p 00025000 08:05 1975435                    /lib/x86_64-linux-gnu/ld-2.23.so
7f6422e82000-7f6422e83000 rw-p 00026000 08:05 1975435                    /lib/x86_64-linux-gnu/ld-2.23.so
7f6422e83000-7f6422e84000 rw-p 00000000 00:00 0 
7ffe956a9000-7ffe956ca000 rw-p 00000000 00:00 0                          [stack]
7ffe957b2000-7ffe957b4000 r--p 00000000 00:00 0                          [vvar]
7ffe957b4000-7ffe957b6000 r-xp 00000000 00:00 0                          [vdso]
ffffffffff600000-ffffffffff601000 r-xp 00000000 00:00 0                  [vsyscall]

VM Arguments:
jvm_args: -agentlib:jdwp=transport=dt_socket,address=127.0.0.1:44334,suspend=y,server=n -Dvisualvm.id=82683287555181 -Dfile.encoding=UTF-8 
java_command: Main
java_class_path (initial): /usr/lib/jvm/java-1.8.0-openjdk-amd64/jre/lib/charsets.jar:/usr/lib/jvm/java-1.8.0-openjdk-amd64/jre/lib/ext/cldrdata.jar:/usr/lib/jvm/java-1.8.0-openjdk-amd64/jre/lib/ext/dnsns.jar:/usr/lib/jvm/java-1.8.0-openjdk-amd64/jre/lib/ext/icedtea-sound.jar:/usr/lib/jvm/java-1.8.0-openjdk-amd64/jre/lib/ext/jaccess.jar:/usr/lib/jvm/java-1.8.0-openjdk-amd64/jre/lib/ext/localedata.jar:/usr/lib/jvm/java-1.8.0-openjdk-amd64/jre/lib/ext/nashorn.jar:/usr/lib/jvm/java-1.8.0-openjdk-amd64/jre/lib/ext/sunec.jar:/usr/lib/jvm/java-1.8.0-openjdk-amd64/jre/lib/ext/sunjce_provider.jar:/usr/lib/jvm/java-1.8.0-openjdk-amd64/jre/lib/ext/sunpkcs11.jar:/usr/lib/jvm/java-1.8.0-openjdk-amd64/jre/lib/ext/zipfs.jar:/usr/lib/jvm/java-1.8.0-openjdk-amd64/jre/lib/jce.jar:/usr/lib/jvm/java-1.8.0-openjdk-amd64/jre/lib/jsse.jar:/usr/lib/jvm/java-1.8.0-openjdk-amd64/jre/lib/management-agent.jar:/usr/lib/jvm/java-1.8.0-openjdk-amd64/jre/lib/resources.jar:/usr/lib/jvm/java-1.8.0-openjdk-amd64/jre/lib/rt.jar:/home/mihnea/facultate/poo/tema3/out/production/tema3:/opt/idea-IC-172.4343.14/lib/idea_rt.jar
Launcher Type: SUN_STANDARD

Environment Variables:
JAVA_HOME=/usr/lib/jvm/java-8-oracle
PATH=/home/mihnea/bin:/home/mihnea/.local/bin:/usr/local/sbin:/usr/local/bin:/usr/sbin:/usr/bin:/sbin:/bin:/usr/games:/usr/local/games:/usr/lib/jvm/java-8-oracle/bin:/usr/lib/jvm/java-8-oracle/db/bin:/usr/lib/jvm/java-8-oracle/jre/bin
LD_LIBRARY_PATH=/opt/idea-IC-172.4343.14/bin:
SHELL=/bin/bash
DISPLAY=:0

Signal Handlers:
SIGSEGV: [libjvm.so+0xa69040], sa_mask[0]=11111111011111111101111111111110, sa_flags=SA_RESTART|SA_SIGINFO
SIGBUS: [libjvm.so+0xa69040], sa_mask[0]=11111111011111111101111111111110, sa_flags=SA_RESTART|SA_SIGINFO
SIGFPE: [libjvm.so+0x8b2170], sa_mask[0]=11111111011111111101111111111110, sa_flags=SA_RESTART|SA_SIGINFO
SIGPIPE: [libjvm.so+0x8b2170], sa_mask[0]=11111111011111111101111111111110, sa_flags=SA_RESTART|SA_SIGINFO
SIGXFSZ: [libjvm.so+0x8b2170], sa_mask[0]=11111111011111111101111111111110, sa_flags=SA_RESTART|SA_SIGINFO
SIGILL: [libjvm.so+0x8b2170], sa_mask[0]=11111111011111111101111111111110, sa_flags=SA_RESTART|SA_SIGINFO
SIGUSR1: SIG_DFL, sa_mask[0]=00000000000000000000000000000000, sa_flags=none
SIGUSR2: [libjvm.so+0x8b2020], sa_mask[0]=00100000000000000000000000000000, sa_flags=SA_RESTART|SA_SIGINFO
SIGHUP: [libjvm.so+0x8b24f0], sa_mask[0]=11111111011111111101111111111110, sa_flags=SA_RESTART|SA_SIGINFO
SIGINT: [libjvm.so+0x8b24f0], sa_mask[0]=11111111011111111101111111111110, sa_flags=SA_RESTART|SA_SIGINFO
SIGTERM: [libjvm.so+0x8b24f0], sa_mask[0]=11111111011111111101111111111110, sa_flags=SA_RESTART|SA_SIGINFO
SIGQUIT: [libjvm.so+0x8b24f0], sa_mask[0]=11111111011111111101111111111110, sa_flags=SA_RESTART|SA_SIGINFO


---------------  S Y S T E M  ---------------

OS:DISTRIB_ID=Ubuntu
DISTRIB_RELEASE=16.04
DISTRIB_CODENAME=xenial
DISTRIB_DESCRIPTION="Ubuntu 16.04.3 LTS"

uname:Linux 4.4.0-103-generic #126-Ubuntu SMP Mon Dec 4 16:23:28 UTC 2017 x86_64
libc:glibc 2.23 NPTL 2.23 
rlimit: STACK 8192k, CORE 0k, NPROC 31304, NOFILE 1048576, AS infinity
load average:2,65 1,44 3,12

/proc/meminfo:
MemTotal:        8054804 kB
MemFree:          161336 kB
MemAvailable:     134348 kB
Buffers:           11856 kB
Cached:           517320 kB
SwapCached:            0 kB
Active:          7298284 kB
Inactive:         380588 kB
Active(anon):    7228292 kB
Inactive(anon):   284520 kB
Active(file):      69992 kB
Inactive(file):    96068 kB
Unevictable:          64 kB
Mlocked:              64 kB
SwapTotal:             0 kB
SwapFree:              0 kB
Dirty:              5776 kB
Writeback:             0 kB
AnonPages:       7149820 kB
Mapped:           272168 kB
Shmem:            362928 kB
Slab:              91284 kB
SReclaimable:      48628 kB
SUnreclaim:        42656 kB
KernelStack:       16416 kB
PageTables:        55728 kB
NFS_Unstable:          0 kB
Bounce:                0 kB
WritebackTmp:          0 kB
CommitLimit:     4027400 kB
Committed_AS:   14648532 kB
VmallocTotal:   34359738367 kB
VmallocUsed:           0 kB
VmallocChunk:          0 kB
HardwareCorrupted:     0 kB
AnonHugePages:   3373056 kB
CmaTotal:              0 kB
CmaFree:               0 kB
HugePages_Total:       0
HugePages_Free:        0
HugePages_Rsvd:        0
HugePages_Surp:        0
Hugepagesize:       2048 kB
DirectMap4k:      124544 kB
DirectMap2M:     8144896 kB


CPU:total 4 (initial active 4) (2 cores per cpu, 2 threads per core) family 6 model 42 stepping 7, cmov, cx8, fxsr, mmx, sse, sse2, sse3, ssse3, sse4.1, sse4.2, popcnt, avx, aes, clmul, ht, tsc, tscinvbit

/proc/cpuinfo:
processor	: 0
vendor_id	: GenuineIntel
cpu family	: 6
model		: 42
model name	: Intel(R) Core(TM) i5-2520M CPU @ 2.50GHz
stepping	: 7
microcode	: 0x29
cpu MHz		: 2999.902
cache size	: 3072 KB
physical id	: 0
siblings	: 4
core id		: 0
cpu cores	: 2
apicid		: 0
initial apicid	: 0
fpu		: yes
fpu_exception	: yes
cpuid level	: 13
wp		: yes
flags		: fpu vme de pse tsc msr pae mce cx8 apic sep mtrr pge mca cmov pat pse36 clflush dts acpi mmx fxsr sse sse2 ss ht tm pbe syscall nx rdtscp lm constant_tsc arch_perfmon pebs bts nopl xtopology nonstop_tsc aperfmperf eagerfpu pni pclmulqdq dtes64 monitor ds_cpl vmx smx est tm2 ssse3 cx16 xtpr pdcm pcid sse4_1 sse4_2 x2apic popcnt tsc_deadline_timer aes xsave avx lahf_lm epb tpr_shadow vnmi flexpriority ept vpid xsaveopt dtherm ida arat pln pts
bugs		:
bogomips	: 4983.95
clflush size	: 64
cache_alignment	: 64
address sizes	: 36 bits physical, 48 bits virtual
power management:

processor	: 1
vendor_id	: GenuineIntel
cpu family	: 6
model		: 42
model name	: Intel(R) Core(TM) i5-2520M CPU @ 2.50GHz
stepping	: 7
microcode	: 0x29
cpu MHz		: 2999.902
cache size	: 3072 KB
physical id	: 0
siblings	: 4
core id		: 0
cpu cores	: 2
apicid		: 1
initial apicid	: 1
fpu		: yes
fpu_exception	: yes
cpuid level	: 13
wp		: yes
flags		: fpu vme de pse tsc msr pae mce cx8 apic sep mtrr pge mca cmov pat pse36 clflush dts acpi mmx fxsr sse sse2 ss ht tm pbe syscall nx rdtscp lm constant_tsc arch_perfmon pebs bts nopl xtopology nonstop_tsc aperfmperf eagerfpu pni pclmulqdq dtes64 monitor ds_cpl vmx smx est tm2 ssse3 cx16 xtpr pdcm pcid sse4_1 sse4_2 x2apic popcnt tsc_deadline_timer aes xsave avx lahf_lm epb tpr_shadow vnmi flexpriority ept vpid xsaveopt dtherm ida arat pln pts
bugs		:
bogomips	: 4983.95
clflush size	: 64
cache_alignment	: 64
address sizes	: 36 bits physical, 48 bits virtual
power management:

processor	: 2
vendor_id	: GenuineIntel
cpu family	: 6
model		: 42
model name	: Intel(R) Core(TM) i5-2520M CPU @ 2.50GHz
stepping	: 7
microcode	: 0x29
cpu MHz		: 3000.000
cache size	: 3072 KB
physical id	: 0
siblings	: 4
core id		: 1
cpu cores	: 2
apicid		: 2
initial apicid	: 2
fpu		: yes
fpu_exception	: yes
cpuid level	: 13
wp		: yes
flags		: fpu vme de pse tsc msr pae mce cx8 apic sep mtrr pge mca cmov pat pse36 clflush dts acpi mmx fxsr sse sse2 ss ht tm pbe syscall nx rdtscp lm constant_tsc arch_perfmon pebs bts nopl xtopology nonstop_tsc aperfmperf eagerfpu pni pclmulqdq dtes64 monitor ds_cpl vmx smx est tm2 ssse3 cx16 xtpr pdcm pcid sse4_1 sse4_2 x2apic popcnt tsc_deadline_timer aes xsave avx lahf_lm epb tpr_shadow vnmi flexpriority ept vpid xsaveopt dtherm ida arat pln pts
bugs		:
bogomips	: 4983.95
clflush size	: 64
cache_alignment	: 64
address sizes	: 36 bits physical, 48 bits virtual
power management:

processor	: 3
vendor_id	: GenuineIntel
cpu family	: 6
model		: 42
model name	: Intel(R) Core(TM) i5-2520M CPU @ 2.50GHz
stepping	: 7
microcode	: 0x29
cpu MHz		: 2991.894
cache size	: 3072 KB
physical id	: 0
siblings	: 4
core id		: 1
cpu cores	: 2
apicid		: 3
initial apicid	: 3
fpu		: yes
fpu_exception	: yes
cpuid level	: 13
wp		: yes
flags		: fpu vme de pse tsc msr pae mce cx8 apic sep mtrr pge mca cmov pat pse36 clflush dts acpi mmx fxsr sse sse2 ss ht tm pbe syscall nx rdtscp lm constant_tsc arch_perfmon pebs bts nopl xtopology nonstop_tsc aperfmperf eagerfpu pni pclmulqdq dtes64 monitor ds_cpl vmx smx est tm2 ssse3 cx16 xtpr pdcm pcid sse4_1 sse4_2 x2apic popcnt tsc_deadline_timer aes xsave avx lahf_lm epb tpr_shadow vnmi flexpriority ept vpid xsaveopt dtherm ida arat pln pts
bugs		:
bogomips	: 4983.95
clflush size	: 64
cache_alignment	: 64
address sizes	: 36 bits physical, 48 bits virtual
power management:



Memory: 4k page, physical 8054804k(161336k free), swap 0k(0k free)

vm_info: OpenJDK 64-Bit Server VM (25.151-b12) for linux-amd64 JRE (1.8.0_151-8u151-b12-0ubuntu0.16.04.2-b12), built on Oct 27 2017 21:59:02 by "buildd" with gcc 5.4.0 20160609

time: Sun Jan  7 02:25:29 2018
elapsed time: 102 seconds (0d 0h 1m 42s)

