#
# There is insufficient memory for the Java Runtime Environment to continue.
# Native memory allocation (mmap) failed to map 158334976 bytes for committing reserved memory.
# Possible reasons:
#   The system is out of physical RAM or swap space
#   In 32 bit mode, the process size limit was hit
# Possible solutions:
#   Reduce memory load on the system
#   Increase physical memory or swap space
#   Check if swap backing store is full
#   Use 64 bit Java on a 64 bit OS
#   Decrease Java heap size (-Xmx/-Xms)
#   Decrease number of Java threads
#   Decrease Java thread stack sizes (-Xss)
#   Set larger code cache with -XX:ReservedCodeCacheSize=
# This output file may be truncated or incomplete.
#
#  Out of Memory Error (os_linux.cpp:2643), pid=18861, tid=0x00007f8329abf700
#
# JRE version: OpenJDK Runtime Environment (8.0_151-b12) (build 1.8.0_151-8u151-b12-0ubuntu0.16.04.2-b12)
# Java VM: OpenJDK 64-Bit Server VM (25.151-b12 mixed mode linux-amd64 compressed oops)
# Failed to write core dump. Core dumps have been disabled. To enable core dumping, try "ulimit -c unlimited" before starting Java again
#

---------------  T H R E A D  ---------------

Current thread (0x00007f834007b000):  VMThread [stack: 0x00007f83299bf000,0x00007f8329ac0000] [id=18873]

Stack: [0x00007f83299bf000,0x00007f8329ac0000],  sp=0x00007f8329abe4c0,  free space=1021k
Native frames: (J=compiled Java code, j=interpreted, Vv=VM code, C=native code)
V  [libjvm.so+0xa684eb]
V  [libjvm.so+0x4c579c]
V  [libjvm.so+0x8b6b50]
V  [libjvm.so+0x8b0fce]
V  [libjvm.so+0x92b806]
V  [libjvm.so+0x92cb33]
V  [libjvm.so+0x9291fb]
V  [libjvm.so+0x9294ac]
V  [libjvm.so+0x8db3c3]
V  [libjvm.so+0xa6a192]
V  [libjvm.so+0xa6f277]
V  [libjvm.so+0xa6ca47]
V  [libjvm.so+0xa6decf]
V  [libjvm.so+0xa6e3c1]
V  [libjvm.so+0x8b4032]

VM_Operation (0x00007f83473874e0): ParallelGCFailedAllocation, mode: safepoint, requested by thread 0x00007f834000e000


---------------  P R O C E S S  ---------------

Java Threads: ( => current thread )
  0x00007f83400cb000 JavaThread "Service Thread" daemon [_thread_blocked, id=18896, stack(0x00007f8328db0000,0x00007f8328eb1000)]
  0x00007f83400c7800 JavaThread "C1 CompilerThread2" daemon [_thread_blocked, id=18894, stack(0x00007f8328eb1000,0x00007f8328fb2000)]
  0x00007f83400c5800 JavaThread "C2 CompilerThread1" daemon [_thread_blocked, id=18892, stack(0x00007f8328fb2000,0x00007f83290b3000)]
  0x00007f83400c2800 JavaThread "C2 CompilerThread0" daemon [_thread_blocked, id=18890, stack(0x00007f83290b3000,0x00007f83291b4000)]
  0x00007f8308001000 JavaThread "JDWP Command Reader" daemon [_thread_in_native, id=18884, stack(0x00007f83291b4000,0x00007f83292b5000)]
  0x00007f83400c0800 JavaThread "JDWP Event Helper Thread" daemon [_thread_blocked, id=18882, stack(0x00007f83292b5000,0x00007f83293b6000)]
  0x00007f83400bd000 JavaThread "JDWP Transport Listener: dt_socket" daemon [_thread_blocked, id=18880, stack(0x00007f83293b6000,0x00007f83294b7000)]
  0x00007f83400ae000 JavaThread "Signal Dispatcher" daemon [_thread_blocked, id=18879, stack(0x00007f83296bc000,0x00007f83297bd000)]
  0x00007f8340087800 JavaThread "Finalizer" daemon [_thread_blocked, id=18876, stack(0x00007f83297bd000,0x00007f83298be000)]
  0x00007f8340083000 JavaThread "Reference Handler" daemon [_thread_blocked, id=18875, stack(0x00007f83298be000,0x00007f83299bf000)]
  0x00007f834000e000 JavaThread "main" [_thread_blocked, id=18865, stack(0x00007f8347288000,0x00007f8347389000)]

Other Threads:
=>0x00007f834007b000 VMThread [stack: 0x00007f83299bf000,0x00007f8329ac0000] [id=18873]
  0x00007f83400cd000 WatcherThread [stack: 0x00007f8328caf000,0x00007f8328db0000] [id=18897]

VM state:at safepoint (normal execution)

VM Mutex/Monitor currently owned by a thread:  ([mutex/lock_event])
[0x00007f834000a0c0] Threads_lock - owner thread: 0x00007f834007b000
[0x00007f834000a5c0] Heap_lock - owner thread: 0x00007f834000e000

Heap:
 PSYoungGen      total 148480K, used 24576K [0x00000000d7000000, 0x00000000e1c00000, 0x0000000100000000)
  eden space 123904K, 0% used [0x00000000d7000000,0x00000000d7000000,0x00000000de900000)
  from space 24576K, 100% used [0x00000000de900000,0x00000000e0100000,0x00000000e0100000)
  to   space 21504K, 0% used [0x00000000e0100000,0x00000000e0100000,0x00000000e1600000)
 ParOldGen       total 84992K, used 68392K [0x0000000085000000, 0x000000008a300000, 0x00000000d7000000)
  object space 84992K, 80% used [0x0000000085000000,0x00000000892ca050,0x000000008a300000)
 Metaspace       used 3294K, capacity 4600K, committed 4864K, reserved 1056768K
  class space    used 332K, capacity 424K, committed 512K, reserved 1048576K

Card table byte_map: [0x00007f832fbd1000,0x00007f832ffaa000] byte_map_base: 0x00007f832f7a9000

Marking Bits: (ParMarkBitMap*) 0x00007f83465612c0
 Begin Bits: [0x00007f832b8be000, 0x00007f832d77e000)
 End Bits:   [0x00007f832d77e000, 0x00007f832f63e000)

Polling page: 0x00007f83473b4000

CodeCache: size=245760Kb used=2209Kb max_used=2232Kb free=243550Kb
 bounds [0x00007f833036a000, 0x00007f83305da000, 0x00007f833f36a000]
 total_blobs=617 nmethods=367 adapters=173
 compilation: enabled

Compilation events (10 events):
Event: 6,029 Thread 0x00007f83400c2800 nmethod 344 0x00007f833052fc50 code [0x00007f833052fde0, 0x00007f8330530118]
Event: 6,032 Thread 0x00007f83400c2800  377       4       sun.nio.fs.UnixPath::encode (198 bytes)
Event: 6,068 Thread 0x00007f83400c5800 nmethod 361 0x00007f8330592750 code [0x00007f8330592d00, 0x00007f8330598fc8]
Event: 6,075 Thread 0x00007f83400c2800 nmethod 377 0x00007f833057bbd0 code [0x00007f833057be00, 0x00007f833057ccc8]
Event: 6,109 Thread 0x00007f83400c7800  378 %     3       cachingSystem.FileCache::getFileContents @ 0 (18 bytes)
Event: 6,109 Thread 0x00007f83400c7800 nmethod 378% 0x00007f8330530710 code [0x00007f83305308a0, 0x00007f8330530c88]
Event: 6,110 Thread 0x00007f83400c7800  379       3       cachingSystem.FileCache::getFileContents (18 bytes)
Event: 6,110 Thread 0x00007f83400c7800 nmethod 379 0x00007f833057b550 code [0x00007f833057b6e0, 0x00007f833057ba88]
Event: 6,774 Thread 0x00007f83400c5800  380 %     4       cachingSystem.FileCache::getFileContents @ 0 (18 bytes)
Event: 6,777 Thread 0x00007f83400c5800 nmethod 380% 0x00007f8330560d90 code [0x00007f8330560f20, 0x00007f8330561148]

GC Heap History (10 events):
Event: 5,803 GC heap after
Heap after GC invocations=2 (full 0):
 PSYoungGen      total 36864K, used 5104K [0x00000000d7000000, 0x00000000db800000, 0x0000000100000000)
  eden space 31744K, 0% used [0x00000000d7000000,0x00000000d7000000,0x00000000d8f00000)
  from space 5120K, 99% used [0x00000000d9400000,0x00000000d98fc010,0x00000000d9900000)
  to   space 5120K, 0% used [0x00000000d8f00000,0x00000000d8f00000,0x00000000d9400000)
 ParOldGen       total 84992K, used 10376K [0x0000000085000000, 0x000000008a300000, 0x00000000d7000000)
  object space 84992K, 12% used [0x0000000085000000,0x0000000085a22000,0x000000008a300000)
 Metaspace       used 3293K, capacity 4600K, committed 4864K, reserved 1056768K
  class space    used 332K, capacity 424K, committed 512K, reserved 1048576K
}
Event: 6,139 GC heap before
{Heap before GC invocations=3 (full 0):
 PSYoungGen      total 36864K, used 36848K [0x00000000d7000000, 0x00000000db800000, 0x0000000100000000)
  eden space 31744K, 100% used [0x00000000d7000000,0x00000000d8f00000,0x00000000d8f00000)
  from space 5120K, 99% used [0x00000000d9400000,0x00000000d98fc010,0x00000000d9900000)
  to   space 5120K, 0% used [0x00000000d8f00000,0x00000000d8f00000,0x00000000d9400000)
 ParOldGen       total 84992K, used 10376K [0x0000000085000000, 0x000000008a300000, 0x00000000d7000000)
  object space 84992K, 12% used [0x0000000085000000,0x0000000085a22000,0x000000008a300000)
 Metaspace       used 3294K, capacity 4600K, committed 4864K, reserved 1056768K
  class space    used 332K, capacity 424K, committed 512K, reserved 1048576K
Event: 6,173 GC heap after
Heap after GC invocations=3 (full 0):
 PSYoungGen      total 36864K, used 5120K [0x00000000d7000000, 0x00000000db800000, 0x0000000100000000)
  eden space 31744K, 0% used [0x00000000d7000000,0x00000000d7000000,0x00000000d8f00000)
  from space 5120K, 100% used [0x00000000d8f00000,0x00000000d9400000,0x00000000d9400000)
  to   space 5120K, 0% used [0x00000000db300000,0x00000000db300000,0x00000000db800000)
 ParOldGen       total 84992K, used 18216K [0x0000000085000000, 0x000000008a300000, 0x00000000d7000000)
  object space 84992K, 21% used [0x0000000085000000,0x00000000861ca000,0x000000008a300000)
 Metaspace       used 3294K, capacity 4600K, committed 4864K, reserved 1056768K
  class space    used 332K, capacity 424K, committed 512K, reserved 1048576K
}
Event: 6,470 GC heap before
{Heap before GC invocations=4 (full 0):
 PSYoungGen      total 36864K, used 36864K [0x00000000d7000000, 0x00000000db800000, 0x0000000100000000)
  eden space 31744K, 100% used [0x00000000d7000000,0x00000000d8f00000,0x00000000d8f00000)
  from space 5120K, 100% used [0x00000000d8f00000,0x00000000d9400000,0x00000000d9400000)
  to   space 5120K, 0% used [0x00000000db300000,0x00000000db300000,0x00000000db800000)
 ParOldGen       total 84992K, used 18216K [0x0000000085000000, 0x000000008a300000, 0x00000000d7000000)
  object space 84992K, 21% used [0x0000000085000000,0x00000000861ca000,0x000000008a300000)
 Metaspace       used 3294K, capacity 4600K, committed 4864K, reserved 1056768K
  class space    used 332K, capacity 424K, committed 512K, reserved 1048576K
Event: 6,516 GC heap after
Heap after GC invocations=4 (full 0):
 PSYoungGen      total 68608K, used 5120K [0x00000000d7000000, 0x00000000db800000, 0x0000000100000000)
  eden space 63488K, 0% used [0x00000000d7000000,0x00000000d7000000,0x00000000dae00000)
  from space 5120K, 100% used [0x00000000db300000,0x00000000db800000,0x00000000db800000)
  to   space 5120K, 0% used [0x00000000dae00000,0x00000000dae00000,0x00000000db300000)
 ParOldGen       total 84992K, used 26048K [0x0000000085000000, 0x000000008a300000, 0x00000000d7000000)
  object space 84992K, 30% used [0x0000000085000000,0x0000000086970050,0x000000008a300000)
 Metaspace       used 3294K, capacity 4600K, committed 4864K, reserved 1056768K
  class space    used 332K, capacity 424K, committed 512K, reserved 1048576K
}
Event: 7,073 GC heap before
{Heap before GC invocations=5 (full 0):
 PSYoungGen      total 68608K, used 68608K [0x00000000d7000000, 0x00000000db800000, 0x0000000100000000)
  eden space 63488K, 100% used [0x00000000d7000000,0x00000000dae00000,0x00000000dae00000)
  from space 5120K, 100% used [0x00000000db300000,0x00000000db800000,0x00000000db800000)
  to   space 5120K, 0% used [0x00000000dae00000,0x00000000dae00000,0x00000000db300000)
 ParOldGen       total 84992K, used 26048K [0x0000000085000000, 0x000000008a300000, 0x00000000d7000000)
  object space 84992K, 30% used [0x0000000085000000,0x0000000086970050,0x000000008a300000)
 Metaspace       used 3294K, capacity 4600K, committed 4864K, reserved 1056768K
  class space    used 332K, capacity 424K, committed 512K, reserved 1048576K
Event: 7,135 GC heap after
Heap after GC invocations=5 (full 0):
 PSYoungGen      total 68608K, used 5120K [0x00000000d7000000, 0x00000000e1600000, 0x0000000100000000)
  eden space 63488K, 0% used [0x00000000d7000000,0x00000000d7000000,0x00000000dae00000)
  from space 5120K, 100% used [0x00000000dae00000,0x00000000db300000,0x00000000db300000)
  to   space 21504K, 0% used [0x00000000e0100000,0x00000000e0100000,0x00000000e1600000)
 ParOldGen       total 84992K, used 41760K [0x0000000085000000, 0x000000008a300000, 0x00000000d7000000)
  object space 84992K, 49% used [0x0000000085000000,0x00000000878c8050,0x000000008a300000)
 Metaspace       used 3294K, capacity 4600K, committed 4864K, reserved 1056768K
  class space    used 332K, capacity 424K, committed 512K, reserved 1048576K
}
Event: 7,677 GC heap before
{Heap before GC invocations=6 (full 0):
 PSYoungGen      total 68608K, used 68608K [0x00000000d7000000, 0x00000000e1600000, 0x0000000100000000)
  eden space 63488K, 100% used [0x00000000d7000000,0x00000000dae00000,0x00000000dae00000)
  from space 5120K, 100% used [0x00000000dae00000,0x00000000db300000,0x00000000db300000)
  to   space 21504K, 0% used [0x00000000e0100000,0x00000000e0100000,0x00000000e1600000)
 ParOldGen       total 84992K, used 41760K [0x0000000085000000, 0x000000008a300000, 0x00000000d7000000)
  object space 84992K, 49% used [0x0000000085000000,0x00000000878c8050,0x000000008a300000)
 Metaspace       used 3294K, capacity 4600K, committed 4864K, reserved 1056768K
  class space    used 332K, capacity 424K, committed 512K, reserved 1048576K
Event: 7,732 GC heap after
Heap after GC invocations=6 (full 0):
 PSYoungGen      total 145408K, used 20608K [0x00000000d7000000, 0x00000000e1c00000, 0x0000000100000000)
  eden space 123904K, 0% used [0x00000000d7000000,0x00000000d7000000,0x00000000de900000)
  from space 21504K, 95% used [0x00000000e0100000,0x00000000e1520000,0x00000000e1600000)
  to   space 24576K, 0% used [0x00000000de900000,0x00000000de900000,0x00000000e0100000)
 ParOldGen       total 84992K, used 41760K [0x0000000085000000, 0x000000008a300000, 0x00000000d7000000)
  object space 84992K, 49% used [0x0000000085000000,0x00000000878c8050,0x000000008a300000)
 Metaspace       used 3294K, capacity 4600K, committed 4864K, reserved 1056768K
  class space    used 332K, capacity 424K, committed 512K, reserved 1048576K
}
Event: 8,629 GC heap before
{Heap before GC invocations=7 (full 0):
 PSYoungGen      total 145408K, used 144512K [0x00000000d7000000, 0x00000000e1c00000, 0x0000000100000000)
  eden space 123904K, 100% used [0x00000000d7000000,0x00000000de900000,0x00000000de900000)
  from space 21504K, 95% used [0x00000000e0100000,0x00000000e1520000,0x00000000e1600000)
  to   space 24576K, 0% used [0x00000000de900000,0x00000000de900000,0x00000000e0100000)
 ParOldGen       total 84992K, used 41760K [0x0000000085000000, 0x000000008a300000, 0x00000000d7000000)
  object space 84992K, 49% used [0x0000000085000000,0x00000000878c8050,0x000000008a300000)
 Metaspace       used 3294K, capacity 4600K, committed 4864K, reserved 1056768K
  class space    used 332K, capacity 424K, committed 512K, reserved 1048576K

Deoptimization events (3 events):
Event: 5,328 Thread 0x00007f834000e000 Uncommon trap: reason=unstable_if action=reinterpret pc=0x00007f83305648d8 method=java.lang.ref.SoftReference.get()Ljava/lang/Object; @ 17
Event: 5,328 Thread 0x00007f834000e000 Uncommon trap: reason=unstable_if action=reinterpret pc=0x00007f8330538da0 method=java.lang.ref.SoftReference.get()Ljava/lang/Object; @ 17
Event: 5,803 Thread 0x00007f834000e000 Uncommon trap: reason=unstable_if action=reinterpret pc=0x00007f8330567644 method=java.lang.ref.SoftReference.get()Ljava/lang/Object; @ 17

Internal exceptions (2 events):
Event: 0,105 Thread 0x00007f834000e000 Exception <a 'java/lang/NoSuchMethodError': Method sun.misc.Unsafe.defineClass(Ljava/lang/String;[BII)Ljava/lang/Class; name or signature does not match> (0x00000000d7007ca8) thrown at [/build/openjdk-8-W2Qe27/openjdk-8-8u151-b12/src/hotspot/src/share/vm/
Event: 0,105 Thread 0x00007f834000e000 Exception <a 'java/lang/NoSuchMethodError': Method sun.misc.Unsafe.prefetchRead(Ljava/lang/Object;J)V name or signature does not match> (0x00000000d7007f90) thrown at [/build/openjdk-8-W2Qe27/openjdk-8-8u151-b12/src/hotspot/src/share/vm/prims/jni.cpp, lin

Events (10 events):
Event: 6,516 Executing VM operation: ParallelGCFailedAllocation done
Event: 6,777 Thread 0x00007f834000e000 DEOPT PACKING pc=0x00007f8330530ba0 sp=0x00007f83473878d0
Event: 6,777 Thread 0x00007f834000e000 DEOPT UNPACKING pc=0x00007f83303b1373 sp=0x00007f8347387630 mode 0
Event: 7,073 Executing VM operation: ParallelGCFailedAllocation
Event: 7,135 Executing VM operation: ParallelGCFailedAllocation done
Event: 7,677 Executing VM operation: ParallelGCFailedAllocation
Event: 7,732 Executing VM operation: ParallelGCFailedAllocation done
Event: 8,488 Executing VM operation: ChangeBreakpoints
Event: 8,488 Executing VM operation: ChangeBreakpoints done
Event: 8,629 Executing VM operation: ParallelGCFailedAllocation


Dynamic libraries:
00400000-00401000 r-xp 00000000 08:05 1716306                            /usr/lib/jvm/java-8-openjdk-amd64/jre/bin/java
00600000-00601000 r--p 00000000 08:05 1716306                            /usr/lib/jvm/java-8-openjdk-amd64/jre/bin/java
00601000-00602000 rw-p 00001000 08:05 1716306                            /usr/lib/jvm/java-8-openjdk-amd64/jre/bin/java
014e9000-0150a000 rw-p 00000000 00:00 0                                  [heap]
85000000-8a300000 rw-p 00000000 00:00 0 
8a300000-d7000000 ---p 00000000 00:00 0 
d7000000-e1c00000 rw-p 00000000 00:00 0 
eb300000-100000000 ---p 00000000 00:00 0 
100000000-100080000 rw-p 00000000 00:00 0 
100080000-140000000 ---p 00000000 00:00 0 
7f82e4000000-7f82e4021000 rw-p 00000000 00:00 0 
7f82e4021000-7f82e8000000 ---p 00000000 00:00 0 
7f82e8fff000-7f82ec000000 rw-p 00000000 00:00 0 
7f82ec000000-7f82ec1b6000 rw-p 00000000 00:00 0 
7f82ec1b6000-7f82f0000000 ---p 00000000 00:00 0 
7f82f0000000-7f82f0021000 rw-p 00000000 00:00 0 
7f82f0021000-7f82f4000000 ---p 00000000 00:00 0 
7f82f4000000-7f82f4a25000 rw-p 00000000 00:00 0 
7f82f4a25000-7f82f8000000 ---p 00000000 00:00 0 
7f82f8000000-7f82f8c1c000 rw-p 00000000 00:00 0 
7f82f8c1c000-7f82fc000000 ---p 00000000 00:00 0 
7f82fc000000-7f82fc021000 rw-p 00000000 00:00 0 
7f82fc021000-7f8300000000 ---p 00000000 00:00 0 
7f8300000000-7f8300021000 rw-p 00000000 00:00 0 
7f8300021000-7f8304000000 ---p 00000000 00:00 0 
7f8304000000-7f8304021000 rw-p 00000000 00:00 0 
7f8304021000-7f8308000000 ---p 00000000 00:00 0 
7f8308000000-7f8308021000 rw-p 00000000 00:00 0 
7f8308021000-7f830c000000 ---p 00000000 00:00 0 
7f830c000000-7f830c021000 rw-p 00000000 00:00 0 
7f830c021000-7f8310000000 ---p 00000000 00:00 0 
7f8310000000-7f8310021000 rw-p 00000000 00:00 0 
7f8310021000-7f8314000000 ---p 00000000 00:00 0 
7f8314000000-7f8314021000 rw-p 00000000 00:00 0 
7f8314021000-7f8318000000 ---p 00000000 00:00 0 
7f8318000000-7f8318021000 rw-p 00000000 00:00 0 
7f8318021000-7f831c000000 ---p 00000000 00:00 0 
7f831c000000-7f831c021000 rw-p 00000000 00:00 0 
7f831c021000-7f8320000000 ---p 00000000 00:00 0 
7f8320000000-7f8320021000 rw-p 00000000 00:00 0 
7f8320021000-7f8324000000 ---p 00000000 00:00 0 
7f8324000000-7f8324021000 rw-p 00000000 00:00 0 
7f8324021000-7f8328000000 ---p 00000000 00:00 0 
7f832883b000-7f8328852000 r-xp 00000000 08:05 1716267                    /usr/lib/jvm/java-8-openjdk-amd64/jre/lib/amd64/libnet.so
7f8328852000-7f8328a51000 ---p 00017000 08:05 1716267                    /usr/lib/jvm/java-8-openjdk-amd64/jre/lib/amd64/libnet.so
7f8328a51000-7f8328a52000 r--p 00016000 08:05 1716267                    /usr/lib/jvm/java-8-openjdk-amd64/jre/lib/amd64/libnet.so
7f8328a52000-7f8328a53000 rw-p 00017000 08:05 1716267                    /usr/lib/jvm/java-8-openjdk-amd64/jre/lib/amd64/libnet.so
7f8328a53000-7f8328a64000 r-xp 00000000 08:05 1716280                    /usr/lib/jvm/java-8-openjdk-amd64/jre/lib/amd64/libnio.so
7f8328a64000-7f8328c64000 ---p 00011000 08:05 1716280                    /usr/lib/jvm/java-8-openjdk-amd64/jre/lib/amd64/libnio.so
7f8328c64000-7f8328c65000 r--p 00011000 08:05 1716280                    /usr/lib/jvm/java-8-openjdk-amd64/jre/lib/amd64/libnio.so
7f8328c65000-7f8328c66000 rw-p 00012000 08:05 1716280                    /usr/lib/jvm/java-8-openjdk-amd64/jre/lib/amd64/libnio.so
7f8328c66000-7f8328c79000 r--s 00346000 08:05 1716287                    /usr/lib/jvm/java-8-openjdk-amd64/jre/lib/resources.jar
7f8328c79000-7f8328c94000 r--s 001d6000 08:05 1716226                    /usr/lib/jvm/java-8-openjdk-amd64/jre/lib/ext/nashorn.jar
7f8328c94000-7f8328caf000 r--s 00394000 08:05 1716224                    /usr/lib/jvm/java-8-openjdk-amd64/jre/lib/ext/cldrdata.jar
7f8328caf000-7f8328cb0000 ---p 00000000 00:00 0 
7f8328cb0000-7f8328db0000 rw-p 00000000 00:00 0 
7f8328db0000-7f8328db3000 ---p 00000000 00:00 0 
7f8328db3000-7f8328eb1000 rw-p 00000000 00:00 0 
7f8328eb1000-7f8328eb4000 ---p 00000000 00:00 0 
7f8328eb4000-7f8328fb2000 rw-p 00000000 00:00 0 
7f8328fb2000-7f8328fb5000 ---p 00000000 00:00 0 
7f8328fb5000-7f83290b3000 rw-p 00000000 00:00 0 
7f83290b3000-7f83290b6000 ---p 00000000 00:00 0 
7f83290b6000-7f83291b4000 rw-p 00000000 00:00 0 
7f83291b4000-7f83291b7000 ---p 00000000 00:00 0 
7f83291b7000-7f83292b5000 rw-p 00000000 00:00 0 
7f83292b5000-7f83292b8000 ---p 00000000 00:00 0 
7f83292b8000-7f83293b6000 rw-p 00000000 00:00 0 
7f83293b6000-7f83293b9000 ---p 00000000 00:00 0 
7f83293b9000-7f83294b7000 rw-p 00000000 00:00 0 
7f83294b7000-7f83294bb000 r-xp 00000000 08:05 1716249                    /usr/lib/jvm/java-8-openjdk-amd64/jre/lib/amd64/libdt_socket.so
7f83294bb000-7f83296ba000 ---p 00004000 08:05 1716249                    /usr/lib/jvm/java-8-openjdk-amd64/jre/lib/amd64/libdt_socket.so
7f83296ba000-7f83296bb000 r--p 00003000 08:05 1716249                    /usr/lib/jvm/java-8-openjdk-amd64/jre/lib/amd64/libdt_socket.so
7f83296bb000-7f83296bc000 rw-p 00004000 08:05 1716249                    /usr/lib/jvm/java-8-openjdk-amd64/jre/lib/amd64/libdt_socket.so
7f83296bc000-7f83296bf000 ---p 00000000 00:00 0 
7f83296bf000-7f83297bd000 rw-p 00000000 00:00 0 
7f83297bd000-7f83297c0000 ---p 00000000 00:00 0 
7f83297c0000-7f83298be000 rw-p 00000000 00:00 0 
7f83298be000-7f83298c1000 ---p 00000000 00:00 0 
7f83298c1000-7f83299bf000 rw-p 00000000 00:00 0 
7f83299bf000-7f83299c0000 ---p 00000000 00:00 0 
7f83299c0000-7f832aaa1000 rw-p 00000000 00:00 0 
7f832aaa1000-7f832ac70000 r--s 03c21000 08:05 1716218                    /usr/lib/jvm/java-8-openjdk-amd64/jre/lib/rt.jar
7f832ac70000-7f832b126000 rw-p 00000000 00:00 0 
7f832b126000-7f832b4e6000 ---p 00000000 00:00 0 
7f832b4e6000-7f832f63e000 rw-p 00000000 00:00 0 
7f832f63e000-7f832f63f000 ---p 00000000 00:00 0 
7f832f63f000-7f832f73f000 rw-p 00000000 00:00 0 
7f832f73f000-7f832f740000 ---p 00000000 00:00 0 
7f832f740000-7f832f840000 rw-p 00000000 00:00 0 
7f832f840000-7f832f841000 ---p 00000000 00:00 0 
7f832f841000-7f832f96b000 rw-p 00000000 00:00 0 
7f832f96b000-7f832fbd1000 ---p 00000000 00:00 0 
7f832fbd1000-7f832fbfb000 rw-p 00000000 00:00 0 
7f832fbfb000-7f832fe61000 ---p 00000000 00:00 0 
7f832fe61000-7f832feb7000 rw-p 00000000 00:00 0 
7f832feb7000-7f832ffa9000 ---p 00000000 00:00 0 
7f832ffa9000-7f832ffb4000 rw-p 00000000 00:00 0 
7f832ffb4000-7f833036a000 ---p 00000000 00:00 0 
7f833036a000-7f83305da000 rwxp 00000000 00:00 0 
7f83305da000-7f833f36a000 ---p 00000000 00:00 0 
7f833f36a000-7f833f372000 r-xp 00000000 08:05 1716274                    /usr/lib/jvm/java-8-openjdk-amd64/jre/lib/amd64/libzip.so
7f833f372000-7f833f571000 ---p 00008000 08:05 1716274                    /usr/lib/jvm/java-8-openjdk-amd64/jre/lib/amd64/libzip.so
7f833f571000-7f833f572000 r--p 00007000 08:05 1716274                    /usr/lib/jvm/java-8-openjdk-amd64/jre/lib/amd64/libzip.so
7f833f572000-7f833f573000 rw-p 00008000 08:05 1716274                    /usr/lib/jvm/java-8-openjdk-amd64/jre/lib/amd64/libzip.so
7f833f573000-7f833f57e000 r-xp 00000000 08:05 1975446                    /lib/x86_64-linux-gnu/libnss_files-2.23.so
7f833f57e000-7f833f77d000 ---p 0000b000 08:05 1975446                    /lib/x86_64-linux-gnu/libnss_files-2.23.so
7f833f77d000-7f833f77e000 r--p 0000a000 08:05 1975446                    /lib/x86_64-linux-gnu/libnss_files-2.23.so
7f833f77e000-7f833f77f000 rw-p 0000b000 08:05 1975446                    /lib/x86_64-linux-gnu/libnss_files-2.23.so
7f833f77f000-7f833f785000 rw-p 00000000 00:00 0 
7f833f785000-7f833f790000 r-xp 00000000 08:05 1975452                    /lib/x86_64-linux-gnu/libnss_nis-2.23.so
7f833f790000-7f833f98f000 ---p 0000b000 08:05 1975452                    /lib/x86_64-linux-gnu/libnss_nis-2.23.so
7f833f98f000-7f833f990000 r--p 0000a000 08:05 1975452                    /lib/x86_64-linux-gnu/libnss_nis-2.23.so
7f833f990000-7f833f991000 rw-p 0000b000 08:05 1975452                    /lib/x86_64-linux-gnu/libnss_nis-2.23.so
7f833f991000-7f833f9a7000 r-xp 00000000 08:05 1975434                    /lib/x86_64-linux-gnu/libnsl-2.23.so
7f833f9a7000-7f833fba6000 ---p 00016000 08:05 1975434                    /lib/x86_64-linux-gnu/libnsl-2.23.so
7f833fba6000-7f833fba7000 r--p 00015000 08:05 1975434                    /lib/x86_64-linux-gnu/libnsl-2.23.so
7f833fba7000-7f833fba8000 rw-p 00016000 08:05 1975434                    /lib/x86_64-linux-gnu/libnsl-2.23.so
7f833fba8000-7f833fbaa000 rw-p 00000000 00:00 0 
7f833fbaa000-7f8340000000 r--p 00000000 08:05 1457069                    /usr/lib/locale/locale-archive
7f8340000000-7f83401ac000 rw-p 00000000 00:00 0 
7f83401ac000-7f8344000000 ---p 00000000 00:00 0 
7f8344004000-7f8344005000 r--s 00000000 08:05 1716290                    /usr/lib/jvm/java-8-openjdk-amd64/jre/lib/management-agent.jar
7f8344005000-7f834400a000 r--s 0009a000 08:05 1716288                    /usr/lib/jvm/java-8-openjdk-amd64/jre/lib/jsse.jar
7f834400a000-7f834400d000 r--s 00015000 08:05 1716220                    /usr/lib/jvm/java-8-openjdk-amd64/jre/lib/jce.jar
7f834400d000-7f834400e000 ---p 00000000 00:00 0 
7f834400e000-7f834410e000 rw-p 00000000 00:00 0 
7f834410e000-7f8344116000 r-xp 00000000 08:05 1975461                    /lib/x86_64-linux-gnu/libnss_compat-2.23.so
7f8344116000-7f8344315000 ---p 00008000 08:05 1975461                    /lib/x86_64-linux-gnu/libnss_compat-2.23.so
7f8344315000-7f8344316000 r--p 00007000 08:05 1975461                    /lib/x86_64-linux-gnu/libnss_compat-2.23.so
7f8344316000-7f8344317000 rw-p 00008000 08:05 1975461                    /lib/x86_64-linux-gnu/libnss_compat-2.23.so
7f8344317000-7f8344319000 r-xp 00000000 08:05 1716263                    /usr/lib/jvm/java-8-openjdk-amd64/jre/lib/amd64/libnpt.so
7f8344319000-7f8344519000 ---p 00002000 08:05 1716263                    /usr/lib/jvm/java-8-openjdk-amd64/jre/lib/amd64/libnpt.so
7f8344519000-7f834451a000 r--p 00002000 08:05 1716263                    /usr/lib/jvm/java-8-openjdk-amd64/jre/lib/amd64/libnpt.so
7f834451a000-7f834451b000 rw-p 00003000 08:05 1716263                    /usr/lib/jvm/java-8-openjdk-amd64/jre/lib/amd64/libnpt.so
7f834451b000-7f8344556000 r-xp 00000000 08:05 1716275                    /usr/lib/jvm/java-8-openjdk-amd64/jre/lib/amd64/libjdwp.so
7f8344556000-7f8344755000 ---p 0003b000 08:05 1716275                    /usr/lib/jvm/java-8-openjdk-amd64/jre/lib/amd64/libjdwp.so
7f8344755000-7f8344756000 r--p 0003a000 08:05 1716275                    /usr/lib/jvm/java-8-openjdk-amd64/jre/lib/amd64/libjdwp.so
7f8344756000-7f8344757000 rw-p 0003b000 08:05 1716275                    /usr/lib/jvm/java-8-openjdk-amd64/jre/lib/amd64/libjdwp.so
7f8344757000-7f8344784000 r-xp 00000000 08:05 1716255                    /usr/lib/jvm/java-8-openjdk-amd64/jre/lib/amd64/libjava.so
7f8344784000-7f8344983000 ---p 0002d000 08:05 1716255                    /usr/lib/jvm/java-8-openjdk-amd64/jre/lib/amd64/libjava.so
7f8344983000-7f8344984000 r--p 0002c000 08:05 1716255                    /usr/lib/jvm/java-8-openjdk-amd64/jre/lib/amd64/libjava.so
7f8344984000-7f8344986000 rw-p 0002d000 08:05 1716255                    /usr/lib/jvm/java-8-openjdk-amd64/jre/lib/amd64/libjava.so
7f8344986000-7f8344995000 r-xp 00000000 08:05 1716272                    /usr/lib/jvm/java-8-openjdk-amd64/jre/lib/amd64/libverify.so
7f8344995000-7f8344b94000 ---p 0000f000 08:05 1716272                    /usr/lib/jvm/java-8-openjdk-amd64/jre/lib/amd64/libverify.so
7f8344b94000-7f8344b96000 r--p 0000e000 08:05 1716272                    /usr/lib/jvm/java-8-openjdk-amd64/jre/lib/amd64/libverify.so
7f8344b96000-7f8344b97000 rw-p 00010000 08:05 1716272                    /usr/lib/jvm/java-8-openjdk-amd64/jre/lib/amd64/libverify.so
7f8344b97000-7f8344b9e000 r-xp 00000000 08:05 1975455                    /lib/x86_64-linux-gnu/librt-2.23.so
7f8344b9e000-7f8344d9d000 ---p 00007000 08:05 1975455                    /lib/x86_64-linux-gnu/librt-2.23.so
7f8344d9d000-7f8344d9e000 r--p 00006000 08:05 1975455                    /lib/x86_64-linux-gnu/librt-2.23.so
7f8344d9e000-7f8344d9f000 rw-p 00007000 08:05 1975455                    /lib/x86_64-linux-gnu/librt-2.23.so
7f8344d9f000-7f8344db5000 r-xp 00000000 08:05 1970721                    /lib/x86_64-linux-gnu/libgcc_s.so.1
7f8344db5000-7f8344fb4000 ---p 00016000 08:05 1970721                    /lib/x86_64-linux-gnu/libgcc_s.so.1
7f8344fb4000-7f8344fb5000 rw-p 00015000 08:05 1970721                    /lib/x86_64-linux-gnu/libgcc_s.so.1
7f8344fb5000-7f83450bd000 r-xp 00000000 08:05 1975471                    /lib/x86_64-linux-gnu/libm-2.23.so
7f83450bd000-7f83452bc000 ---p 00108000 08:05 1975471                    /lib/x86_64-linux-gnu/libm-2.23.so
7f83452bc000-7f83452bd000 r--p 00107000 08:05 1975471                    /lib/x86_64-linux-gnu/libm-2.23.so
7f83452bd000-7f83452be000 rw-p 00108000 08:05 1975471                    /lib/x86_64-linux-gnu/libm-2.23.so
7f83452be000-7f8345430000 r-xp 00000000 08:05 1442506                    /usr/lib/x86_64-linux-gnu/libstdc++.so.6.0.21
7f8345430000-7f8345630000 ---p 00172000 08:05 1442506                    /usr/lib/x86_64-linux-gnu/libstdc++.so.6.0.21
7f8345630000-7f834563a000 r--p 00172000 08:05 1442506                    /usr/lib/x86_64-linux-gnu/libstdc++.so.6.0.21
7f834563a000-7f834563c000 rw-p 0017c000 08:05 1442506                    /usr/lib/x86_64-linux-gnu/libstdc++.so.6.0.21
7f834563c000-7f8345640000 rw-p 00000000 00:00 0 
7f8345640000-7f8346292000 r-xp 00000000 08:05 1716266                    /usr/lib/jvm/java-8-openjdk-amd64/jre/lib/amd64/server/libjvm.so
7f8346292000-7f8346492000 ---p 00c52000 08:05 1716266                    /usr/lib/jvm/java-8-openjdk-amd64/jre/lib/amd64/server/libjvm.so
7f8346492000-7f8346525000 r--p 00c52000 08:05 1716266                    /usr/lib/jvm/java-8-openjdk-amd64/jre/lib/amd64/server/libjvm.so
7f8346525000-7f834654e000 rw-p 00ce5000 08:05 1716266                    /usr/lib/jvm/java-8-openjdk-amd64/jre/lib/amd64/server/libjvm.so
7f834654e000-7f834657e000 rw-p 00000000 00:00 0 
7f834657e000-7f8346596000 r-xp 00000000 08:05 1975451                    /lib/x86_64-linux-gnu/libpthread-2.23.so
7f8346596000-7f8346795000 ---p 00018000 08:05 1975451                    /lib/x86_64-linux-gnu/libpthread-2.23.so
7f8346795000-7f8346796000 r--p 00017000 08:05 1975451                    /lib/x86_64-linux-gnu/libpthread-2.23.so
7f8346796000-7f8346797000 rw-p 00018000 08:05 1975451                    /lib/x86_64-linux-gnu/libpthread-2.23.so
7f8346797000-7f834679b000 rw-p 00000000 00:00 0 
7f834679b000-7f834679e000 r-xp 00000000 08:05 1975460                    /lib/x86_64-linux-gnu/libdl-2.23.so
7f834679e000-7f834699d000 ---p 00003000 08:05 1975460                    /lib/x86_64-linux-gnu/libdl-2.23.so
7f834699d000-7f834699e000 r--p 00002000 08:05 1975460                    /lib/x86_64-linux-gnu/libdl-2.23.so
7f834699e000-7f834699f000 rw-p 00003000 08:05 1975460                    /lib/x86_64-linux-gnu/libdl-2.23.so
7f834699f000-7f83469b8000 r-xp 00000000 08:05 1968372                    /lib/x86_64-linux-gnu/libz.so.1.2.8
7f83469b8000-7f8346bb7000 ---p 00019000 08:05 1968372                    /lib/x86_64-linux-gnu/libz.so.1.2.8
7f8346bb7000-7f8346bb8000 r--p 00018000 08:05 1968372                    /lib/x86_64-linux-gnu/libz.so.1.2.8
7f8346bb8000-7f8346bb9000 rw-p 00019000 08:05 1968372                    /lib/x86_64-linux-gnu/libz.so.1.2.8
7f8346bb9000-7f8346d79000 r-xp 00000000 08:05 1975483                    /lib/x86_64-linux-gnu/libc-2.23.so
7f8346d79000-7f8346f79000 ---p 001c0000 08:05 1975483                    /lib/x86_64-linux-gnu/libc-2.23.so
7f8346f79000-7f8346f7d000 r--p 001c0000 08:05 1975483                    /lib/x86_64-linux-gnu/libc-2.23.so
7f8346f7d000-7f8346f7f000 rw-p 001c4000 08:05 1975483                    /lib/x86_64-linux-gnu/libc-2.23.so
7f8346f7f000-7f8346f83000 rw-p 00000000 00:00 0 
7f8346f83000-7f8346f90000 r-xp 00000000 08:05 1716270                    /usr/lib/jvm/java-8-openjdk-amd64/jre/lib/amd64/jli/libjli.so
7f8346f90000-7f8347190000 ---p 0000d000 08:05 1716270                    /usr/lib/jvm/java-8-openjdk-amd64/jre/lib/amd64/jli/libjli.so
7f8347190000-7f8347191000 r--p 0000d000 08:05 1716270                    /usr/lib/jvm/java-8-openjdk-amd64/jre/lib/amd64/jli/libjli.so
7f8347191000-7f8347192000 rw-p 0000e000 08:05 1716270                    /usr/lib/jvm/java-8-openjdk-amd64/jre/lib/amd64/jli/libjli.so
7f8347192000-7f83471b8000 r-xp 00000000 08:05 1975435                    /lib/x86_64-linux-gnu/ld-2.23.so
7f83471b8000-7f83471bd000 r--s 002f9000 08:05 1716286                    /usr/lib/jvm/java-8-openjdk-amd64/jre/lib/charsets.jar
7f83471bd000-7f8347288000 rw-p 00000000 00:00 0 
7f8347288000-7f834728b000 ---p 00000000 00:00 0 
7f834728b000-7f834738e000 rw-p 00000000 00:00 0 
7f834738e000-7f834738f000 r--s 00010000 08:05 1716225                    /usr/lib/jvm/java-8-openjdk-amd64/jre/lib/ext/zipfs.jar
7f834738f000-7f8347395000 r--s 0003a000 08:05 1716228                    /usr/lib/jvm/java-8-openjdk-amd64/jre/lib/ext/sunjce_provider.jar
7f8347395000-7f8347396000 r--s 0000a000 08:05 1716235                    /usr/lib/jvm/java-8-openjdk-amd64/jre/lib/ext/jaccess.jar
7f8347396000-7f83473a0000 r--s 00116000 08:05 1716230                    /usr/lib/jvm/java-8-openjdk-amd64/jre/lib/ext/localedata.jar
7f83473a0000-7f83473a2000 r--s 00001000 08:05 1716236                    /usr/lib/jvm/java-8-openjdk-amd64/jre/lib/ext/dnsns.jar
7f83473a2000-7f83473a6000 r--s 00037000 08:05 1716231                    /usr/lib/jvm/java-8-openjdk-amd64/jre/lib/ext/sunpkcs11.jar
7f83473a6000-7f83473a8000 r--s 00008000 08:05 1716229                    /usr/lib/jvm/java-8-openjdk-amd64/jre/lib/ext/sunec.jar
7f83473a8000-7f83473ab000 r--s 0000f000 08:05 1716222                    /usr/lib/jvm/java-8-openjdk-amd64/jre/lib/ext/icedtea-sound.jar
7f83473ab000-7f83473b3000 rw-s 00000000 08:05 3160947                    /tmp/hsperfdata_mihnea/18861
7f83473b3000-7f83473b4000 rw-p 00000000 00:00 0 
7f83473b4000-7f83473b5000 ---p 00000000 00:00 0 
7f83473b5000-7f83473b7000 rw-p 00000000 00:00 0 
7f83473b7000-7f83473b8000 r--p 00025000 08:05 1975435                    /lib/x86_64-linux-gnu/ld-2.23.so
7f83473b8000-7f83473b9000 rw-p 00026000 08:05 1975435                    /lib/x86_64-linux-gnu/ld-2.23.so
7f83473b9000-7f83473ba000 rw-p 00000000 00:00 0 
7ffdadc01000-7ffdadc22000 rw-p 00000000 00:00 0                          [stack]
7ffdadc78000-7ffdadc7a000 r--p 00000000 00:00 0                          [vvar]
7ffdadc7a000-7ffdadc7c000 r-xp 00000000 00:00 0                          [vdso]
ffffffffff600000-ffffffffff601000 r-xp 00000000 00:00 0                  [vsyscall]

VM Arguments:
jvm_args: -agentlib:jdwp=transport=dt_socket,address=127.0.0.1:40029,suspend=y,server=n -Dvisualvm.id=52598756509870 -Dfile.encoding=UTF-8 
java_command: Main
java_class_path (initial): /usr/lib/jvm/java-1.8.0-openjdk-amd64/jre/lib/charsets.jar:/usr/lib/jvm/java-1.8.0-openjdk-amd64/jre/lib/ext/cldrdata.jar:/usr/lib/jvm/java-1.8.0-openjdk-amd64/jre/lib/ext/dnsns.jar:/usr/lib/jvm/java-1.8.0-openjdk-amd64/jre/lib/ext/icedtea-sound.jar:/usr/lib/jvm/java-1.8.0-openjdk-amd64/jre/lib/ext/jaccess.jar:/usr/lib/jvm/java-1.8.0-openjdk-amd64/jre/lib/ext/localedata.jar:/usr/lib/jvm/java-1.8.0-openjdk-amd64/jre/lib/ext/nashorn.jar:/usr/lib/jvm/java-1.8.0-openjdk-amd64/jre/lib/ext/sunec.jar:/usr/lib/jvm/java-1.8.0-openjdk-amd64/jre/lib/ext/sunjce_provider.jar:/usr/lib/jvm/java-1.8.0-openjdk-amd64/jre/lib/ext/sunpkcs11.jar:/usr/lib/jvm/java-1.8.0-openjdk-amd64/jre/lib/ext/zipfs.jar:/usr/lib/jvm/java-1.8.0-openjdk-amd64/jre/lib/jce.jar:/usr/lib/jvm/java-1.8.0-openjdk-amd64/jre/lib/jsse.jar:/usr/lib/jvm/java-1.8.0-openjdk-amd64/jre/lib/management-agent.jar:/usr/lib/jvm/java-1.8.0-openjdk-amd64/jre/lib/resources.jar:/usr/lib/jvm/java-1.8.0-openjdk-amd64/jre/lib/rt.jar:/home/mihnea/facultate/poo/tema3/out/production/tema3:/opt/idea-IC-172.4343.14/lib/idea_rt.jar
Launcher Type: SUN_STANDARD

Environment Variables:
JAVA_HOME=/usr/lib/jvm/java-8-oracle
PATH=/home/mihnea/bin:/home/mihnea/.local/bin:/usr/local/sbin:/usr/local/bin:/usr/sbin:/usr/bin:/sbin:/bin:/usr/games:/usr/local/games:/usr/lib/jvm/java-8-oracle/bin:/usr/lib/jvm/java-8-oracle/db/bin:/usr/lib/jvm/java-8-oracle/jre/bin
LD_LIBRARY_PATH=/opt/idea-IC-172.4343.14/bin:
SHELL=/bin/bash
DISPLAY=:0

Signal Handlers:
SIGSEGV: [libjvm.so+0xa69040], sa_mask[0]=11111111011111111101111111111110, sa_flags=SA_RESTART|SA_SIGINFO
SIGBUS: [libjvm.so+0xa69040], sa_mask[0]=11111111011111111101111111111110, sa_flags=SA_RESTART|SA_SIGINFO
SIGFPE: [libjvm.so+0x8b2170], sa_mask[0]=11111111011111111101111111111110, sa_flags=SA_RESTART|SA_SIGINFO
SIGPIPE: [libjvm.so+0x8b2170], sa_mask[0]=11111111011111111101111111111110, sa_flags=SA_RESTART|SA_SIGINFO
SIGXFSZ: [libjvm.so+0x8b2170], sa_mask[0]=11111111011111111101111111111110, sa_flags=SA_RESTART|SA_SIGINFO
SIGILL: [libjvm.so+0x8b2170], sa_mask[0]=11111111011111111101111111111110, sa_flags=SA_RESTART|SA_SIGINFO
SIGUSR1: SIG_DFL, sa_mask[0]=00000000000000000000000000000000, sa_flags=none
SIGUSR2: [libjvm.so+0x8b2020], sa_mask[0]=00100000000000000000000000000000, sa_flags=SA_RESTART|SA_SIGINFO
SIGHUP: [libjvm.so+0x8b24f0], sa_mask[0]=11111111011111111101111111111110, sa_flags=SA_RESTART|SA_SIGINFO
SIGINT: [libjvm.so+0x8b24f0], sa_mask[0]=11111111011111111101111111111110, sa_flags=SA_RESTART|SA_SIGINFO
SIGTERM: [libjvm.so+0x8b24f0], sa_mask[0]=11111111011111111101111111111110, sa_flags=SA_RESTART|SA_SIGINFO
SIGQUIT: [libjvm.so+0x8b24f0], sa_mask[0]=11111111011111111101111111111110, sa_flags=SA_RESTART|SA_SIGINFO


---------------  S Y S T E M  ---------------

OS:DISTRIB_ID=Ubuntu
DISTRIB_RELEASE=16.04
DISTRIB_CODENAME=xenial
DISTRIB_DESCRIPTION="Ubuntu 16.04.3 LTS"

uname:Linux 4.4.0-103-generic #126-Ubuntu SMP Mon Dec 4 16:23:28 UTC 2017 x86_64
libc:glibc 2.23 NPTL 2.23 
rlimit: STACK 8192k, CORE 0k, NPROC 31304, NOFILE 1048576, AS infinity
load average:6,87 3,37 2,49

/proc/meminfo:
MemTotal:        8054804 kB
MemFree:          121092 kB
MemAvailable:      27504 kB
Buffers:            1728 kB
Cached:           374992 kB
SwapCached:            0 kB
Active:          7439856 kB
Inactive:         287324 kB
Active(anon):    7424132 kB
Inactive(anon):   269272 kB
Active(file):      15724 kB
Inactive(file):    18052 kB
Unevictable:          64 kB
Mlocked:              64 kB
SwapTotal:             0 kB
SwapFree:              0 kB
Dirty:               744 kB
Writeback:             0 kB
AnonPages:       7351628 kB
Mapped:           182620 kB
Shmem:            342012 kB
Slab:              88684 kB
SReclaimable:      47716 kB
SUnreclaim:        40968 kB
KernelStack:       15296 kB
PageTables:        55132 kB
NFS_Unstable:          0 kB
Bounce:                0 kB
WritebackTmp:          0 kB
CommitLimit:     4027400 kB
Committed_AS:   14409832 kB
VmallocTotal:   34359738367 kB
VmallocUsed:           0 kB
VmallocChunk:          0 kB
HardwareCorrupted:     0 kB
AnonHugePages:   2983936 kB
CmaTotal:              0 kB
CmaFree:               0 kB
HugePages_Total:       0
HugePages_Free:        0
HugePages_Rsvd:        0
HugePages_Surp:        0
Hugepagesize:       2048 kB
DirectMap4k:      122496 kB
DirectMap2M:     8146944 kB


CPU:total 4 (initial active 4) (2 cores per cpu, 2 threads per core) family 6 model 42 stepping 7, cmov, cx8, fxsr, mmx, sse, sse2, sse3, ssse3, sse4.1, sse4.2, popcnt, avx, aes, clmul, ht, tsc, tscinvbit

/proc/cpuinfo:
processor	: 0
vendor_id	: GenuineIntel
cpu family	: 6
model		: 42
model name	: Intel(R) Core(TM) i5-2520M CPU @ 2.50GHz
stepping	: 7
microcode	: 0x29
cpu MHz		: 3000.000
cache size	: 3072 KB
physical id	: 0
siblings	: 4
core id		: 0
cpu cores	: 2
apicid		: 0
initial apicid	: 0
fpu		: yes
fpu_exception	: yes
cpuid level	: 13
wp		: yes
flags		: fpu vme de pse tsc msr pae mce cx8 apic sep mtrr pge mca cmov pat pse36 clflush dts acpi mmx fxsr sse sse2 ss ht tm pbe syscall nx rdtscp lm constant_tsc arch_perfmon pebs bts nopl xtopology nonstop_tsc aperfmperf eagerfpu pni pclmulqdq dtes64 monitor ds_cpl vmx smx est tm2 ssse3 cx16 xtpr pdcm pcid sse4_1 sse4_2 x2apic popcnt tsc_deadline_timer aes xsave avx lahf_lm epb tpr_shadow vnmi flexpriority ept vpid xsaveopt dtherm ida arat pln pts
bugs		:
bogomips	: 4983.95
clflush size	: 64
cache_alignment	: 64
address sizes	: 36 bits physical, 48 bits virtual
power management:

processor	: 1
vendor_id	: GenuineIntel
cpu family	: 6
model		: 42
model name	: Intel(R) Core(TM) i5-2520M CPU @ 2.50GHz
stepping	: 7
microcode	: 0x29
cpu MHz		: 3000.000
cache size	: 3072 KB
physical id	: 0
siblings	: 4
core id		: 0
cpu cores	: 2
apicid		: 1
initial apicid	: 1
fpu		: yes
fpu_exception	: yes
cpuid level	: 13
wp		: yes
flags		: fpu vme de pse tsc msr pae mce cx8 apic sep mtrr pge mca cmov pat pse36 clflush dts acpi mmx fxsr sse sse2 ss ht tm pbe syscall nx rdtscp lm constant_tsc arch_perfmon pebs bts nopl xtopology nonstop_tsc aperfmperf eagerfpu pni pclmulqdq dtes64 monitor ds_cpl vmx smx est tm2 ssse3 cx16 xtpr pdcm pcid sse4_1 sse4_2 x2apic popcnt tsc_deadline_timer aes xsave avx lahf_lm epb tpr_shadow vnmi flexpriority ept vpid xsaveopt dtherm ida arat pln pts
bugs		:
bogomips	: 4983.95
clflush size	: 64
cache_alignment	: 64
address sizes	: 36 bits physical, 48 bits virtual
power management:

processor	: 2
vendor_id	: GenuineIntel
cpu family	: 6
model		: 42
model name	: Intel(R) Core(TM) i5-2520M CPU @ 2.50GHz
stepping	: 7
microcode	: 0x29
cpu MHz		: 3000.000
cache size	: 3072 KB
physical id	: 0
siblings	: 4
core id		: 1
cpu cores	: 2
apicid		: 2
initial apicid	: 2
fpu		: yes
fpu_exception	: yes
cpuid level	: 13
wp		: yes
flags		: fpu vme de pse tsc msr pae mce cx8 apic sep mtrr pge mca cmov pat pse36 clflush dts acpi mmx fxsr sse sse2 ss ht tm pbe syscall nx rdtscp lm constant_tsc arch_perfmon pebs bts nopl xtopology nonstop_tsc aperfmperf eagerfpu pni pclmulqdq dtes64 monitor ds_cpl vmx smx est tm2 ssse3 cx16 xtpr pdcm pcid sse4_1 sse4_2 x2apic popcnt tsc_deadline_timer aes xsave avx lahf_lm epb tpr_shadow vnmi flexpriority ept vpid xsaveopt dtherm ida arat pln pts
bugs		:
bogomips	: 4983.95
clflush size	: 64
cache_alignment	: 64
address sizes	: 36 bits physical, 48 bits virtual
power management:

processor	: 3
vendor_id	: GenuineIntel
cpu family	: 6
model		: 42
model name	: Intel(R) Core(TM) i5-2520M CPU @ 2.50GHz
stepping	: 7
microcode	: 0x29
cpu MHz		: 2999.902
cache size	: 3072 KB
physical id	: 0
siblings	: 4
core id		: 1
cpu cores	: 2
apicid		: 3
initial apicid	: 3
fpu		: yes
fpu_exception	: yes
cpuid level	: 13
wp		: yes
flags		: fpu vme de pse tsc msr pae mce cx8 apic sep mtrr pge mca cmov pat pse36 clflush dts acpi mmx fxsr sse sse2 ss ht tm pbe syscall nx rdtscp lm constant_tsc arch_perfmon pebs bts nopl xtopology nonstop_tsc aperfmperf eagerfpu pni pclmulqdq dtes64 monitor ds_cpl vmx smx est tm2 ssse3 cx16 xtpr pdcm pcid sse4_1 sse4_2 x2apic popcnt tsc_deadline_timer aes xsave avx lahf_lm epb tpr_shadow vnmi flexpriority ept vpid xsaveopt dtherm ida arat pln pts
bugs		:
bogomips	: 4983.95
clflush size	: 64
cache_alignment	: 64
address sizes	: 36 bits physical, 48 bits virtual
power management:



Memory: 4k page, physical 8054804k(120836k free), swap 0k(0k free)

vm_info: OpenJDK 64-Bit Server VM (25.151-b12) for linux-amd64 JRE (1.8.0_151-8u151-b12-0ubuntu0.16.04.2-b12), built on Oct 27 2017 21:59:02 by "buildd" with gcc 5.4.0 20160609

time: Sat Jan  6 18:02:31 2018
elapsed time: 8 seconds (0d 0h 0m 8s)

