#
# There is insufficient memory for the Java Runtime Environment to continue.
# Native memory allocation (mmap) failed to map 230162432 bytes for committing reserved memory.
# Possible reasons:
#   The system is out of physical RAM or swap space
#   In 32 bit mode, the process size limit was hit
# Possible solutions:
#   Reduce memory load on the system
#   Increase physical memory or swap space
#   Check if swap backing store is full
#   Use 64 bit Java on a 64 bit OS
#   Decrease Java heap size (-Xmx/-Xms)
#   Decrease number of Java threads
#   Decrease Java thread stack sizes (-Xss)
#   Set larger code cache with -XX:ReservedCodeCacheSize=
# This output file may be truncated or incomplete.
#
#  Out of Memory Error (os_linux.cpp:2643), pid=14668, tid=0x00007f6166175700
#
# JRE version: OpenJDK Runtime Environment (8.0_151-b12) (build 1.8.0_151-8u151-b12-0ubuntu0.16.04.2-b12)
# Java VM: OpenJDK 64-Bit Server VM (25.151-b12 mixed mode linux-amd64 compressed oops)
# Failed to write core dump. Core dumps have been disabled. To enable core dumping, try "ulimit -c unlimited" before starting Java again
#

---------------  T H R E A D  ---------------

Current thread (0x00007f617c140000):  VMThread [stack: 0x00007f6166075000,0x00007f6166176000] [id=14686]

Stack: [0x00007f6166075000,0x00007f6166176000],  sp=0x00007f61661744c0,  free space=1021k
Native frames: (J=compiled Java code, j=interpreted, Vv=VM code, C=native code)
V  [libjvm.so+0xa684eb]
V  [libjvm.so+0x4c579c]
V  [libjvm.so+0x8b6b50]
V  [libjvm.so+0x8b0fce]
V  [libjvm.so+0x92b806]
V  [libjvm.so+0x92cb33]
V  [libjvm.so+0x9291fb]
V  [libjvm.so+0x9294ac]
V  [libjvm.so+0x8db3c3]
V  [libjvm.so+0xa6a192]
V  [libjvm.so+0xa6f277]
V  [libjvm.so+0xa6ca47]
V  [libjvm.so+0xa6decf]
V  [libjvm.so+0xa6e3c1]
V  [libjvm.so+0x8b4032]

VM_Operation (0x00007f618331e6e0): ParallelGCFailedAllocation, mode: safepoint, requested by thread 0x00007f617c00b800


---------------  P R O C E S S  ---------------

Java Threads: ( => current thread )
  0x00007f617c256800 JavaThread "Service Thread" daemon [_thread_blocked, id=14700, stack(0x00007f61651ec000,0x00007f61652ed000)]
  0x00007f617c24c000 JavaThread "C1 CompilerThread2" daemon [_thread_blocked, id=14699, stack(0x00007f61652ed000,0x00007f61653ee000)]
  0x00007f617c247000 JavaThread "C2 CompilerThread1" daemon [_thread_blocked, id=14698, stack(0x00007f61653ee000,0x00007f61654ef000)]
  0x00007f617c245800 JavaThread "C2 CompilerThread0" daemon [_thread_blocked, id=14697, stack(0x00007f6165707000,0x00007f6165808000)]
  0x00007f617c243800 JavaThread "Monitor Ctrl-Break" daemon [_thread_in_native, id=14696, stack(0x00007f6165808000,0x00007f6165909000)]
  0x00007f617c175000 JavaThread "Signal Dispatcher" daemon [_thread_blocked, id=14693, stack(0x00007f616591c000,0x00007f6165a1d000)]
  0x00007f617c14c000 JavaThread "Finalizer" daemon [_thread_blocked, id=14688, stack(0x00007f6165e73000,0x00007f6165f74000)]
  0x00007f617c147800 JavaThread "Reference Handler" daemon [_thread_blocked, id=14687, stack(0x00007f6165f74000,0x00007f6166075000)]
  0x00007f617c00b800 JavaThread "main" [_thread_blocked, id=14673, stack(0x00007f618321f000,0x00007f6183320000)]

Other Threads:
=>0x00007f617c140000 VMThread [stack: 0x00007f6166075000,0x00007f6166176000] [id=14686]
  0x00007f617c259000 WatcherThread [stack: 0x00007f61650eb000,0x00007f61651ec000] [id=14702]

VM state:at safepoint (normal execution)

VM Mutex/Monitor currently owned by a thread:  ([mutex/lock_event])
[0x00007f617c007ac0] Threads_lock - owner thread: 0x00007f617c140000
[0x00007f617c007fc0] Heap_lock - owner thread: 0x00007f617c00b800

Heap:
 PSYoungGen      total 86528K, used 5120K [0x00000000d7000000, 0x00000000dce00000, 0x0000000100000000)
  eden space 81408K, 0% used [0x00000000d7000000,0x00000000d7000000,0x00000000dbf80000)
  from space 5120K, 100% used [0x00000000dc400000,0x00000000dc900000,0x00000000dc900000)
  to   space 5120K, 0% used [0x00000000dc900000,0x00000000dc900000,0x00000000dce00000)
 ParOldGen       total 279040K, used 258349K [0x0000000085000000, 0x0000000096080000, 0x00000000d7000000)
  object space 279040K, 92% used [0x0000000085000000,0x0000000094c4b718,0x0000000096080000)
 Metaspace       used 3835K, capacity 4600K, committed 4864K, reserved 1056768K
  class space    used 396K, capacity 424K, committed 512K, reserved 1048576K

Card table byte_map: [0x00007f616c240000,0x00007f616c619000] byte_map_base: 0x00007f616be18000

Marking Bits: (ParMarkBitMap*) 0x00007f61824f82c0
 Begin Bits: [0x00007f6167e2c000, 0x00007f6169cec000)
 End Bits:   [0x00007f6169cec000, 0x00007f616bbac000)

Polling page: 0x00007f618334b000

CodeCache: size=245760Kb used=2179Kb max_used=2199Kb free=243581Kb
 bounds [0x00007f616c9d9000, 0x00007f616cc49000, 0x00007f617b9d9000]
 total_blobs=696 nmethods=428 adapters=183
 compilation: enabled

Compilation events (10 events):
Event: 1,091 Thread 0x00007f617c24c000  428       3       dataStructures.classes.CountLeaderBoard::getTop (67 bytes)
Event: 1,092 Thread 0x00007f617c24c000 nmethod 428 0x00007f616cbe4790 code [0x00007f616cbe4960, 0x00007f616cbe4f88]
Event: 1,093 Thread 0x00007f617c247000 nmethod 415 0x00007f616cbf4e90 code [0x00007f616cbf5060, 0x00007f616cbf5a28]
Event: 1,093 Thread 0x00007f617c247000  419       4       sun.nio.cs.StreamEncoder::writeBytes (132 bytes)
Event: 1,131 Thread 0x00007f617c247000 nmethod 419 0x00007f616cbf3650 code [0x00007f616cbf3820, 0x00007f616cbf45c8]
Event: 1,131 Thread 0x00007f617c247000  429 %     4       dataStructures.classes.CountLeaderBoard::getTop @ 30 (67 bytes)
Event: 1,142 Thread 0x00007f617c247000 nmethod 429% 0x00007f616cbf3050 code [0x00007f616cbf31c0, 0x00007f616cbf3498]
Event: 1,142 Thread 0x00007f617c247000  418   !   4       sun.nio.cs.StreamEncoder::flushBuffer (42 bytes)
Event: 1,153 Thread 0x00007f617c247000 nmethod 418 0x00007f616cbe40d0 code [0x00007f616cbe4240, 0x00007f616cbe45e8]
Event: 1,309 Thread 0x00007f617c245800 nmethod 421 0x00007f616cbfc8d0 code [0x00007f616cbfcc40, 0x00007f616cbff2f0]

GC Heap History (10 events):
Event: 1,508 GC heap after
Heap after GC invocations=2 (full 0):
 PSYoungGen      total 68608K, used 5104K [0x00000000d7000000, 0x00000000db800000, 0x0000000100000000)
  eden space 63488K, 0% used [0x00000000d7000000,0x00000000d7000000,0x00000000dae00000)
  from space 5120K, 99% used [0x00000000db300000,0x00000000db7fc010,0x00000000db800000)
  to   space 5120K, 0% used [0x00000000dae00000,0x00000000dae00000,0x00000000db300000)
 ParOldGen       total 84992K, used 49656K [0x0000000085000000, 0x000000008a300000, 0x00000000d7000000)
  object space 84992K, 58% used [0x0000000085000000,0x000000008807e000,0x000000008a300000)
 Metaspace       used 3835K, capacity 4600K, committed 4864K, reserved 1056768K
  class space    used 396K, capacity 424K, committed 512K, reserved 1048576K
}
Event: 1,508 GC heap before
{Heap before GC invocations=3 (full 1):
 PSYoungGen      total 68608K, used 5104K [0x00000000d7000000, 0x00000000db800000, 0x0000000100000000)
  eden space 63488K, 0% used [0x00000000d7000000,0x00000000d7000000,0x00000000dae00000)
  from space 5120K, 99% used [0x00000000db300000,0x00000000db7fc010,0x00000000db800000)
  to   space 5120K, 0% used [0x00000000dae00000,0x00000000dae00000,0x00000000db300000)
 ParOldGen       total 84992K, used 49656K [0x0000000085000000, 0x000000008a300000, 0x00000000d7000000)
  object space 84992K, 58% used [0x0000000085000000,0x000000008807e000,0x000000008a300000)
 Metaspace       used 3835K, capacity 4600K, committed 4864K, reserved 1056768K
  class space    used 396K, capacity 424K, committed 512K, reserved 1048576K
Event: 4,665 GC heap after
Heap after GC invocations=3 (full 1):
 PSYoungGen      total 68608K, used 0K [0x00000000d7000000, 0x00000000db800000, 0x0000000100000000)
  eden space 63488K, 0% used [0x00000000d7000000,0x00000000d7000000,0x00000000dae00000)
  from space 5120K, 0% used [0x00000000db300000,0x00000000db300000,0x00000000db800000)
  to   space 5120K, 0% used [0x00000000dae00000,0x00000000dae00000,0x00000000db300000)
 ParOldGen       total 143360K, used 54502K [0x0000000085000000, 0x000000008dc00000, 0x00000000d7000000)
  object space 143360K, 38% used [0x0000000085000000,0x0000000088539be8,0x000000008dc00000)
 Metaspace       used 3835K, capacity 4600K, committed 4864K, reserved 1056768K
  class space    used 396K, capacity 424K, committed 512K, reserved 1048576K
}
Event: 4,760 GC heap before
{Heap before GC invocations=4 (full 1):
 PSYoungGen      total 68608K, used 63488K [0x00000000d7000000, 0x00000000db800000, 0x0000000100000000)
  eden space 63488K, 100% used [0x00000000d7000000,0x00000000dae00000,0x00000000dae00000)
  from space 5120K, 0% used [0x00000000db300000,0x00000000db300000,0x00000000db800000)
  to   space 5120K, 0% used [0x00000000dae00000,0x00000000dae00000,0x00000000db300000)
 ParOldGen       total 143360K, used 54502K [0x0000000085000000, 0x000000008dc00000, 0x00000000d7000000)
  object space 143360K, 38% used [0x0000000085000000,0x0000000088539be8,0x000000008dc00000)
 Metaspace       used 3835K, capacity 4600K, committed 4864K, reserved 1056768K
  class space    used 396K, capacity 424K, committed 512K, reserved 1048576K
Event: 5,089 GC heap after
Heap after GC invocations=4 (full 1):
 PSYoungGen      total 68608K, used 5120K [0x00000000d7000000, 0x00000000dce00000, 0x0000000100000000)
  eden space 63488K, 0% used [0x00000000d7000000,0x00000000d7000000,0x00000000dae00000)
  from space 5120K, 100% used [0x00000000dae00000,0x00000000db300000,0x00000000db300000)
  to   space 5120K, 0% used [0x00000000dc900000,0x00000000dc900000,0x00000000dce00000)
 ParOldGen       total 143360K, used 113118K [0x0000000085000000, 0x000000008dc00000, 0x00000000d7000000)
  object space 143360K, 78% used [0x0000000085000000,0x000000008be77be8,0x000000008dc00000)
 Metaspace       used 3835K, capacity 4600K, committed 4864K, reserved 1056768K
  class space    used 396K, capacity 424K, committed 512K, reserved 1048576K
}
Event: 5,089 GC heap before
{Heap before GC invocations=5 (full 2):
 PSYoungGen      total 68608K, used 5120K [0x00000000d7000000, 0x00000000dce00000, 0x0000000100000000)
  eden space 63488K, 0% used [0x00000000d7000000,0x00000000d7000000,0x00000000dae00000)
  from space 5120K, 100% used [0x00000000dae00000,0x00000000db300000,0x00000000db300000)
  to   space 5120K, 0% used [0x00000000dc900000,0x00000000dc900000,0x00000000dce00000)
 ParOldGen       total 143360K, used 113118K [0x0000000085000000, 0x000000008dc00000, 0x00000000d7000000)
  object space 143360K, 78% used [0x0000000085000000,0x000000008be77be8,0x000000008dc00000)
 Metaspace       used 3835K, capacity 4600K, committed 4864K, reserved 1056768K
  class space    used 396K, capacity 424K, committed 512K, reserved 1048576K
Event: 8,226 GC heap after
Heap after GC invocations=5 (full 2):
 PSYoungGen      total 68608K, used 0K [0x00000000d7000000, 0x00000000dce00000, 0x0000000100000000)
  eden space 63488K, 0% used [0x00000000d7000000,0x00000000d7000000,0x00000000dae00000)
  from space 5120K, 0% used [0x00000000dae00000,0x00000000dae00000,0x00000000db300000)
  to   space 5120K, 0% used [0x00000000dc900000,0x00000000dc900000,0x00000000dce00000)
 ParOldGen       total 279040K, used 117989K [0x0000000085000000, 0x0000000096080000, 0x00000000d7000000)
  object space 279040K, 42% used [0x0000000085000000,0x000000008c339718,0x0000000096080000)
 Metaspace       used 3835K, capacity 4600K, committed 4864K, reserved 1056768K
  class space    used 396K, capacity 424K, committed 512K, reserved 1048576K
}
Event: 8,277 GC heap before
{Heap before GC invocations=6 (full 2):
 PSYoungGen      total 68608K, used 63488K [0x00000000d7000000, 0x00000000dce00000, 0x0000000100000000)
  eden space 63488K, 100% used [0x00000000d7000000,0x00000000dae00000,0x00000000dae00000)
  from space 5120K, 0% used [0x00000000dae00000,0x00000000dae00000,0x00000000db300000)
  to   space 5120K, 0% used [0x00000000dc900000,0x00000000dc900000,0x00000000dce00000)
 ParOldGen       total 279040K, used 117989K [0x0000000085000000, 0x0000000096080000, 0x00000000d7000000)
  object space 279040K, 42% used [0x0000000085000000,0x000000008c339718,0x0000000096080000)
 Metaspace       used 3835K, capacity 4600K, committed 4864K, reserved 1056768K
  class space    used 396K, capacity 424K, committed 512K, reserved 1048576K
Event: 8,482 GC heap after
Heap after GC invocations=6 (full 2):
 PSYoungGen      total 86528K, used 5120K [0x00000000d7000000, 0x00000000dce00000, 0x0000000100000000)
  eden space 81408K, 0% used [0x00000000d7000000,0x00000000d7000000,0x00000000dbf80000)
  from space 5120K, 100% used [0x00000000dc900000,0x00000000dce00000,0x00000000dce00000)
  to   space 5120K, 0% used [0x00000000dc400000,0x00000000dc400000,0x00000000dc900000)
 ParOldGen       total 279040K, used 176605K [0x0000000085000000, 0x0000000096080000, 0x00000000d7000000)
  object space 279040K, 63% used [0x0000000085000000,0x000000008fc77718,0x0000000096080000)
 Metaspace       used 3835K, capacity 4600K, committed 4864K, reserved 1056768K
  class space    used 396K, capacity 424K, committed 512K, reserved 1048576K
}
Event: 8,542 GC heap before
{Heap before GC invocations=7 (full 2):
 PSYoungGen      total 86528K, used 86528K [0x00000000d7000000, 0x00000000dce00000, 0x0000000100000000)
  eden space 81408K, 100% used [0x00000000d7000000,0x00000000dbf80000,0x00000000dbf80000)
  from space 5120K, 100% used [0x00000000dc900000,0x00000000dce00000,0x00000000dce00000)
  to   space 5120K, 0% used [0x00000000dc400000,0x00000000dc400000,0x00000000dc900000)
 ParOldGen       total 279040K, used 176605K [0x0000000085000000, 0x0000000096080000, 0x00000000d7000000)
  object space 279040K, 63% used [0x0000000085000000,0x000000008fc77718,0x0000000096080000)
 Metaspace       used 3835K, capacity 4600K, committed 4864K, reserved 1056768K
  class space    used 396K, capacity 424K, committed 512K, reserved 1048576K

Deoptimization events (0 events):
No events

Internal exceptions (2 events):
Event: 0,073 Thread 0x00007f617c00b800 Exception <a 'java/lang/NoSuchMethodError': Method sun.misc.Unsafe.defineClass(Ljava/lang/String;[BII)Ljava/lang/Class; name or signature does not match> (0x00000000d7007ca8) thrown at [/build/openjdk-8-W2Qe27/openjdk-8-8u151-b12/src/hotspot/src/share/vm/
Event: 0,073 Thread 0x00007f617c00b800 Exception <a 'java/lang/NoSuchMethodError': Method sun.misc.Unsafe.prefetchRead(Ljava/lang/Object;J)V name or signature does not match> (0x00000000d7007f90) thrown at [/build/openjdk-8-W2Qe27/openjdk-8-8u151-b12/src/hotspot/src/share/vm/prims/jni.cpp, lin

Events (10 events):
Event: 1,144 Thread 0x00007f617c00b800 DEOPT UNPACKING pc=0x00007f616ca20373 sp=0x00007f618331e5c8 mode 0
Event: 1,187 Executing VM operation: ParallelGCFailedAllocation
Event: 1,307 Executing VM operation: ParallelGCFailedAllocation done
Event: 1,336 Executing VM operation: ParallelGCFailedAllocation
Event: 4,665 Executing VM operation: ParallelGCFailedAllocation done
Event: 4,760 Executing VM operation: ParallelGCFailedAllocation
Event: 8,226 Executing VM operation: ParallelGCFailedAllocation done
Event: 8,277 Executing VM operation: ParallelGCFailedAllocation
Event: 8,482 Executing VM operation: ParallelGCFailedAllocation done
Event: 8,542 Executing VM operation: ParallelGCFailedAllocation


Dynamic libraries:
00400000-00401000 r-xp 00000000 08:05 1716306                            /usr/lib/jvm/java-8-openjdk-amd64/jre/bin/java
00600000-00601000 r--p 00000000 08:05 1716306                            /usr/lib/jvm/java-8-openjdk-amd64/jre/bin/java
00601000-00602000 rw-p 00001000 08:05 1716306                            /usr/lib/jvm/java-8-openjdk-amd64/jre/bin/java
012f2000-01313000 rw-p 00000000 00:00 0                                  [heap]
85000000-96080000 rw-p 00000000 00:00 0 
96080000-d7000000 ---p 00000000 00:00 0 
d7000000-dce00000 rw-p 00000000 00:00 0 
ea980000-100000000 ---p 00000000 00:00 0 
100000000-100080000 rw-p 00000000 00:00 0 
100080000-140000000 ---p 00000000 00:00 0 
7f6128000000-7f6128021000 rw-p 00000000 00:00 0 
7f6128021000-7f612c000000 ---p 00000000 00:00 0 
7f612c000000-7f612c021000 rw-p 00000000 00:00 0 
7f612c021000-7f6130000000 ---p 00000000 00:00 0 
7f6130000000-7f613010d000 rw-p 00000000 00:00 0 
7f613010d000-7f6134000000 ---p 00000000 00:00 0 
7f6134000000-7f6134259000 rw-p 00000000 00:00 0 
7f6134259000-7f6138000000 ---p 00000000 00:00 0 
7f6138000000-7f6138021000 rw-p 00000000 00:00 0 
7f6138021000-7f613c000000 ---p 00000000 00:00 0 
7f613c000000-7f613c19f000 rw-p 00000000 00:00 0 
7f613c19f000-7f6140000000 ---p 00000000 00:00 0 
7f6140000000-7f6140021000 rw-p 00000000 00:00 0 
7f6140021000-7f6144000000 ---p 00000000 00:00 0 
7f6144000000-7f6144021000 rw-p 00000000 00:00 0 
7f6144021000-7f6148000000 ---p 00000000 00:00 0 
7f6148000000-7f6148021000 rw-p 00000000 00:00 0 
7f6148021000-7f614c000000 ---p 00000000 00:00 0 
7f614c000000-7f614c021000 rw-p 00000000 00:00 0 
7f614c021000-7f6150000000 ---p 00000000 00:00 0 
7f6150000000-7f6150021000 rw-p 00000000 00:00 0 
7f6150021000-7f6154000000 ---p 00000000 00:00 0 
7f6154000000-7f6154021000 rw-p 00000000 00:00 0 
7f6154021000-7f6158000000 ---p 00000000 00:00 0 
7f6158000000-7f6158021000 rw-p 00000000 00:00 0 
7f6158021000-7f615c000000 ---p 00000000 00:00 0 
7f615cfff000-7f6160000000 rw-p 00000000 00:00 0 
7f6160000000-7f6160021000 rw-p 00000000 00:00 0 
7f6160021000-7f6164000000 ---p 00000000 00:00 0 
7f6164ed8000-7f6164ee9000 r-xp 00000000 08:05 1716280                    /usr/lib/jvm/java-8-openjdk-amd64/jre/lib/amd64/libnio.so
7f6164ee9000-7f61650e9000 ---p 00011000 08:05 1716280                    /usr/lib/jvm/java-8-openjdk-amd64/jre/lib/amd64/libnio.so
7f61650e9000-7f61650ea000 r--p 00011000 08:05 1716280                    /usr/lib/jvm/java-8-openjdk-amd64/jre/lib/amd64/libnio.so
7f61650ea000-7f61650eb000 rw-p 00012000 08:05 1716280                    /usr/lib/jvm/java-8-openjdk-amd64/jre/lib/amd64/libnio.so
7f61650eb000-7f61650ec000 ---p 00000000 00:00 0 
7f61650ec000-7f61651ec000 rw-p 00000000 00:00 0 
7f61651ec000-7f61651ef000 ---p 00000000 00:00 0 
7f61651ef000-7f61652ed000 rw-p 00000000 00:00 0 
7f61652ed000-7f61652f0000 ---p 00000000 00:00 0 
7f61652f0000-7f61653ee000 rw-p 00000000 00:00 0 
7f61653ee000-7f61653f1000 ---p 00000000 00:00 0 
7f61653f1000-7f61654ef000 rw-p 00000000 00:00 0 
7f61654ef000-7f6165506000 r-xp 00000000 08:05 1716267                    /usr/lib/jvm/java-8-openjdk-amd64/jre/lib/amd64/libnet.so
7f6165506000-7f6165705000 ---p 00017000 08:05 1716267                    /usr/lib/jvm/java-8-openjdk-amd64/jre/lib/amd64/libnet.so
7f6165705000-7f6165706000 r--p 00016000 08:05 1716267                    /usr/lib/jvm/java-8-openjdk-amd64/jre/lib/amd64/libnet.so
7f6165706000-7f6165707000 rw-p 00017000 08:05 1716267                    /usr/lib/jvm/java-8-openjdk-amd64/jre/lib/amd64/libnet.so
7f6165707000-7f616570a000 ---p 00000000 00:00 0 
7f616570a000-7f6165808000 rw-p 00000000 00:00 0 
7f6165808000-7f616580b000 ---p 00000000 00:00 0 
7f616580b000-7f6165909000 rw-p 00000000 00:00 0 
7f6165909000-7f616591c000 r--s 00346000 08:05 1716287                    /usr/lib/jvm/java-8-openjdk-amd64/jre/lib/resources.jar
7f616591c000-7f616591f000 ---p 00000000 00:00 0 
7f616591f000-7f6165a1d000 rw-p 00000000 00:00 0 
7f6165a1d000-7f6165e73000 r--p 00000000 08:05 1457069                    /usr/lib/locale/locale-archive
7f6165e73000-7f6165e76000 ---p 00000000 00:00 0 
7f6165e76000-7f6165f74000 rw-p 00000000 00:00 0 
7f6165f74000-7f6165f77000 ---p 00000000 00:00 0 
7f6165f77000-7f6166075000 rw-p 00000000 00:00 0 
7f6166075000-7f6166076000 ---p 00000000 00:00 0 
7f6166076000-7f6167085000 rw-p 00000000 00:00 0 
7f6167085000-7f6167254000 r--s 03c21000 08:05 1716218                    /usr/lib/jvm/java-8-openjdk-amd64/jre/lib/rt.jar
7f6167254000-7f6167694000 rw-p 00000000 00:00 0 
7f6167694000-7f6167a54000 ---p 00000000 00:00 0 
7f6167a54000-7f616bbac000 rw-p 00000000 00:00 0 
7f616bbac000-7f616bbad000 ---p 00000000 00:00 0 
7f616bbad000-7f616bcad000 rw-p 00000000 00:00 0 
7f616bcad000-7f616bcae000 ---p 00000000 00:00 0 
7f616bcae000-7f616bdae000 rw-p 00000000 00:00 0 
7f616bdae000-7f616bdaf000 ---p 00000000 00:00 0 
7f616bdaf000-7f616beaf000 rw-p 00000000 00:00 0 
7f616beaf000-7f616beb0000 ---p 00000000 00:00 0 
7f616beb0000-7f616c039000 rw-p 00000000 00:00 0 
7f616c039000-7f616c240000 ---p 00000000 00:00 0 
7f616c240000-7f616c2c9000 rw-p 00000000 00:00 0 
7f616c2c9000-7f616c4d0000 ---p 00000000 00:00 0 
7f616c4d0000-7f616c4ff000 rw-p 00000000 00:00 0 
7f616c4ff000-7f616c618000 ---p 00000000 00:00 0 
7f616c618000-7f616c623000 rw-p 00000000 00:00 0 
7f616c623000-7f616c9d9000 ---p 00000000 00:00 0 
7f616c9d9000-7f616cc49000 rwxp 00000000 00:00 0 
7f616cc49000-7f617b9d9000 ---p 00000000 00:00 0 
7f617b9d9000-7f617b9e1000 r-xp 00000000 08:05 1716274                    /usr/lib/jvm/java-8-openjdk-amd64/jre/lib/amd64/libzip.so
7f617b9e1000-7f617bbe0000 ---p 00008000 08:05 1716274                    /usr/lib/jvm/java-8-openjdk-amd64/jre/lib/amd64/libzip.so
7f617bbe0000-7f617bbe1000 r--p 00007000 08:05 1716274                    /usr/lib/jvm/java-8-openjdk-amd64/jre/lib/amd64/libzip.so
7f617bbe1000-7f617bbe2000 rw-p 00008000 08:05 1716274                    /usr/lib/jvm/java-8-openjdk-amd64/jre/lib/amd64/libzip.so
7f617bbe2000-7f617bbed000 r-xp 00000000 08:05 1975446                    /lib/x86_64-linux-gnu/libnss_files-2.23.so
7f617bbed000-7f617bdec000 ---p 0000b000 08:05 1975446                    /lib/x86_64-linux-gnu/libnss_files-2.23.so
7f617bdec000-7f617bded000 r--p 0000a000 08:05 1975446                    /lib/x86_64-linux-gnu/libnss_files-2.23.so
7f617bded000-7f617bdee000 rw-p 0000b000 08:05 1975446                    /lib/x86_64-linux-gnu/libnss_files-2.23.so
7f617bdee000-7f617bdf4000 rw-p 00000000 00:00 0 
7f617bdf4000-7f617bdff000 r-xp 00000000 08:05 1975452                    /lib/x86_64-linux-gnu/libnss_nis-2.23.so
7f617bdff000-7f617bffe000 ---p 0000b000 08:05 1975452                    /lib/x86_64-linux-gnu/libnss_nis-2.23.so
7f617bffe000-7f617bfff000 r--p 0000a000 08:05 1975452                    /lib/x86_64-linux-gnu/libnss_nis-2.23.so
7f617bfff000-7f617c000000 rw-p 0000b000 08:05 1975452                    /lib/x86_64-linux-gnu/libnss_nis-2.23.so
7f617c000000-7f617c282000 rw-p 00000000 00:00 0 
7f617c282000-7f6180000000 ---p 00000000 00:00 0 
7f6180005000-7f6180007000 r--s 0001a000 08:05 2362436                    /opt/idea-IC-172.4343.14/lib/idea_rt.jar
7f6180007000-7f6180008000 r--s 00000000 08:05 1716290                    /usr/lib/jvm/java-8-openjdk-amd64/jre/lib/management-agent.jar
7f6180008000-7f618000d000 r--s 0009a000 08:05 1716288                    /usr/lib/jvm/java-8-openjdk-amd64/jre/lib/jsse.jar
7f618000d000-7f6180010000 r--s 00015000 08:05 1716220                    /usr/lib/jvm/java-8-openjdk-amd64/jre/lib/jce.jar
7f6180010000-7f6180015000 r--s 002f9000 08:05 1716286                    /usr/lib/jvm/java-8-openjdk-amd64/jre/lib/charsets.jar
7f6180015000-7f6180030000 r--s 001d6000 08:05 1716226                    /usr/lib/jvm/java-8-openjdk-amd64/jre/lib/ext/nashorn.jar
7f6180030000-7f618004b000 r--s 00394000 08:05 1716224                    /usr/lib/jvm/java-8-openjdk-amd64/jre/lib/ext/cldrdata.jar
7f618004b000-7f61800c1000 rw-p 00000000 00:00 0 
7f61800c1000-7f61800d7000 r-xp 00000000 08:05 1975434                    /lib/x86_64-linux-gnu/libnsl-2.23.so
7f61800d7000-7f61802d6000 ---p 00016000 08:05 1975434                    /lib/x86_64-linux-gnu/libnsl-2.23.so
7f61802d6000-7f61802d7000 r--p 00015000 08:05 1975434                    /lib/x86_64-linux-gnu/libnsl-2.23.so
7f61802d7000-7f61802d8000 rw-p 00016000 08:05 1975434                    /lib/x86_64-linux-gnu/libnsl-2.23.so
7f61802d8000-7f61802da000 rw-p 00000000 00:00 0 
7f61802da000-7f61802e2000 r-xp 00000000 08:05 1975461                    /lib/x86_64-linux-gnu/libnss_compat-2.23.so
7f61802e2000-7f61804e1000 ---p 00008000 08:05 1975461                    /lib/x86_64-linux-gnu/libnss_compat-2.23.so
7f61804e1000-7f61804e2000 r--p 00007000 08:05 1975461                    /lib/x86_64-linux-gnu/libnss_compat-2.23.so
7f61804e2000-7f61804e3000 rw-p 00008000 08:05 1975461                    /lib/x86_64-linux-gnu/libnss_compat-2.23.so
7f61804e3000-7f61804ed000 r-xp 00000000 08:05 1716262                    /usr/lib/jvm/java-8-openjdk-amd64/jre/lib/amd64/libinstrument.so
7f61804ed000-7f61806ec000 ---p 0000a000 08:05 1716262                    /usr/lib/jvm/java-8-openjdk-amd64/jre/lib/amd64/libinstrument.so
7f61806ec000-7f61806ed000 r--p 00009000 08:05 1716262                    /usr/lib/jvm/java-8-openjdk-amd64/jre/lib/amd64/libinstrument.so
7f61806ed000-7f61806ee000 rw-p 0000a000 08:05 1716262                    /usr/lib/jvm/java-8-openjdk-amd64/jre/lib/amd64/libinstrument.so
7f61806ee000-7f618071b000 r-xp 00000000 08:05 1716255                    /usr/lib/jvm/java-8-openjdk-amd64/jre/lib/amd64/libjava.so
7f618071b000-7f618091a000 ---p 0002d000 08:05 1716255                    /usr/lib/jvm/java-8-openjdk-amd64/jre/lib/amd64/libjava.so
7f618091a000-7f618091b000 r--p 0002c000 08:05 1716255                    /usr/lib/jvm/java-8-openjdk-amd64/jre/lib/amd64/libjava.so
7f618091b000-7f618091d000 rw-p 0002d000 08:05 1716255                    /usr/lib/jvm/java-8-openjdk-amd64/jre/lib/amd64/libjava.so
7f618091d000-7f618092c000 r-xp 00000000 08:05 1716272                    /usr/lib/jvm/java-8-openjdk-amd64/jre/lib/amd64/libverify.so
7f618092c000-7f6180b2b000 ---p 0000f000 08:05 1716272                    /usr/lib/jvm/java-8-openjdk-amd64/jre/lib/amd64/libverify.so
7f6180b2b000-7f6180b2d000 r--p 0000e000 08:05 1716272                    /usr/lib/jvm/java-8-openjdk-amd64/jre/lib/amd64/libverify.so
7f6180b2d000-7f6180b2e000 rw-p 00010000 08:05 1716272                    /usr/lib/jvm/java-8-openjdk-amd64/jre/lib/amd64/libverify.so
7f6180b2e000-7f6180b35000 r-xp 00000000 08:05 1975455                    /lib/x86_64-linux-gnu/librt-2.23.so
7f6180b35000-7f6180d34000 ---p 00007000 08:05 1975455                    /lib/x86_64-linux-gnu/librt-2.23.so
7f6180d34000-7f6180d35000 r--p 00006000 08:05 1975455                    /lib/x86_64-linux-gnu/librt-2.23.so
7f6180d35000-7f6180d36000 rw-p 00007000 08:05 1975455                    /lib/x86_64-linux-gnu/librt-2.23.so
7f6180d36000-7f6180d4c000 r-xp 00000000 08:05 1970721                    /lib/x86_64-linux-gnu/libgcc_s.so.1
7f6180d4c000-7f6180f4b000 ---p 00016000 08:05 1970721                    /lib/x86_64-linux-gnu/libgcc_s.so.1
7f6180f4b000-7f6180f4c000 rw-p 00015000 08:05 1970721                    /lib/x86_64-linux-gnu/libgcc_s.so.1
7f6180f4c000-7f6181054000 r-xp 00000000 08:05 1975471                    /lib/x86_64-linux-gnu/libm-2.23.so
7f6181054000-7f6181253000 ---p 00108000 08:05 1975471                    /lib/x86_64-linux-gnu/libm-2.23.so
7f6181253000-7f6181254000 r--p 00107000 08:05 1975471                    /lib/x86_64-linux-gnu/libm-2.23.so
7f6181254000-7f6181255000 rw-p 00108000 08:05 1975471                    /lib/x86_64-linux-gnu/libm-2.23.so
7f6181255000-7f61813c7000 r-xp 00000000 08:05 1442506                    /usr/lib/x86_64-linux-gnu/libstdc++.so.6.0.21
7f61813c7000-7f61815c7000 ---p 00172000 08:05 1442506                    /usr/lib/x86_64-linux-gnu/libstdc++.so.6.0.21
7f61815c7000-7f61815d1000 r--p 00172000 08:05 1442506                    /usr/lib/x86_64-linux-gnu/libstdc++.so.6.0.21
7f61815d1000-7f61815d3000 rw-p 0017c000 08:05 1442506                    /usr/lib/x86_64-linux-gnu/libstdc++.so.6.0.21
7f61815d3000-7f61815d7000 rw-p 00000000 00:00 0 
7f61815d7000-7f6182229000 r-xp 00000000 08:05 1716266                    /usr/lib/jvm/java-8-openjdk-amd64/jre/lib/amd64/server/libjvm.so
7f6182229000-7f6182429000 ---p 00c52000 08:05 1716266                    /usr/lib/jvm/java-8-openjdk-amd64/jre/lib/amd64/server/libjvm.so
7f6182429000-7f61824bc000 r--p 00c52000 08:05 1716266                    /usr/lib/jvm/java-8-openjdk-amd64/jre/lib/amd64/server/libjvm.so
7f61824bc000-7f61824e5000 rw-p 00ce5000 08:05 1716266                    /usr/lib/jvm/java-8-openjdk-amd64/jre/lib/amd64/server/libjvm.so
7f61824e5000-7f6182515000 rw-p 00000000 00:00 0 
7f6182515000-7f618252d000 r-xp 00000000 08:05 1975451                    /lib/x86_64-linux-gnu/libpthread-2.23.so
7f618252d000-7f618272c000 ---p 00018000 08:05 1975451                    /lib/x86_64-linux-gnu/libpthread-2.23.so
7f618272c000-7f618272d000 r--p 00017000 08:05 1975451                    /lib/x86_64-linux-gnu/libpthread-2.23.so
7f618272d000-7f618272e000 rw-p 00018000 08:05 1975451                    /lib/x86_64-linux-gnu/libpthread-2.23.so
7f618272e000-7f6182732000 rw-p 00000000 00:00 0 
7f6182732000-7f6182735000 r-xp 00000000 08:05 1975460                    /lib/x86_64-linux-gnu/libdl-2.23.so
7f6182735000-7f6182934000 ---p 00003000 08:05 1975460                    /lib/x86_64-linux-gnu/libdl-2.23.so
7f6182934000-7f6182935000 r--p 00002000 08:05 1975460                    /lib/x86_64-linux-gnu/libdl-2.23.so
7f6182935000-7f6182936000 rw-p 00003000 08:05 1975460                    /lib/x86_64-linux-gnu/libdl-2.23.so
7f6182936000-7f618294f000 r-xp 00000000 08:05 1968372                    /lib/x86_64-linux-gnu/libz.so.1.2.8
7f618294f000-7f6182b4e000 ---p 00019000 08:05 1968372                    /lib/x86_64-linux-gnu/libz.so.1.2.8
7f6182b4e000-7f6182b4f000 r--p 00018000 08:05 1968372                    /lib/x86_64-linux-gnu/libz.so.1.2.8
7f6182b4f000-7f6182b50000 rw-p 00019000 08:05 1968372                    /lib/x86_64-linux-gnu/libz.so.1.2.8
7f6182b50000-7f6182d10000 r-xp 00000000 08:05 1975483                    /lib/x86_64-linux-gnu/libc-2.23.so
7f6182d10000-7f6182f10000 ---p 001c0000 08:05 1975483                    /lib/x86_64-linux-gnu/libc-2.23.so
7f6182f10000-7f6182f14000 r--p 001c0000 08:05 1975483                    /lib/x86_64-linux-gnu/libc-2.23.so
7f6182f14000-7f6182f16000 rw-p 001c4000 08:05 1975483                    /lib/x86_64-linux-gnu/libc-2.23.so
7f6182f16000-7f6182f1a000 rw-p 00000000 00:00 0 
7f6182f1a000-7f6182f27000 r-xp 00000000 08:05 1716270                    /usr/lib/jvm/java-8-openjdk-amd64/jre/lib/amd64/jli/libjli.so
7f6182f27000-7f6183127000 ---p 0000d000 08:05 1716270                    /usr/lib/jvm/java-8-openjdk-amd64/jre/lib/amd64/jli/libjli.so
7f6183127000-7f6183128000 r--p 0000d000 08:05 1716270                    /usr/lib/jvm/java-8-openjdk-amd64/jre/lib/amd64/jli/libjli.so
7f6183128000-7f6183129000 rw-p 0000e000 08:05 1716270                    /usr/lib/jvm/java-8-openjdk-amd64/jre/lib/amd64/jli/libjli.so
7f6183129000-7f618314f000 r-xp 00000000 08:05 1975435                    /lib/x86_64-linux-gnu/ld-2.23.so
7f618314f000-7f618321f000 rw-p 00000000 00:00 0 
7f618321f000-7f6183222000 ---p 00000000 00:00 0 
7f6183222000-7f6183325000 rw-p 00000000 00:00 0 
7f6183325000-7f6183326000 r--s 00010000 08:05 1716225                    /usr/lib/jvm/java-8-openjdk-amd64/jre/lib/ext/zipfs.jar
7f6183326000-7f618332c000 r--s 0003a000 08:05 1716228                    /usr/lib/jvm/java-8-openjdk-amd64/jre/lib/ext/sunjce_provider.jar
7f618332c000-7f618332d000 r--s 0000a000 08:05 1716235                    /usr/lib/jvm/java-8-openjdk-amd64/jre/lib/ext/jaccess.jar
7f618332d000-7f6183337000 r--s 00116000 08:05 1716230                    /usr/lib/jvm/java-8-openjdk-amd64/jre/lib/ext/localedata.jar
7f6183337000-7f6183339000 r--s 00001000 08:05 1716236                    /usr/lib/jvm/java-8-openjdk-amd64/jre/lib/ext/dnsns.jar
7f6183339000-7f618333d000 r--s 00037000 08:05 1716231                    /usr/lib/jvm/java-8-openjdk-amd64/jre/lib/ext/sunpkcs11.jar
7f618333d000-7f618333f000 r--s 00008000 08:05 1716229                    /usr/lib/jvm/java-8-openjdk-amd64/jre/lib/ext/sunec.jar
7f618333f000-7f6183342000 r--s 0000f000 08:05 1716222                    /usr/lib/jvm/java-8-openjdk-amd64/jre/lib/ext/icedtea-sound.jar
7f6183342000-7f618334a000 rw-s 00000000 08:05 3163476                    /tmp/hsperfdata_mihnea/14668
7f618334a000-7f618334b000 rw-p 00000000 00:00 0 
7f618334b000-7f618334c000 ---p 00000000 00:00 0 
7f618334c000-7f618334e000 rw-p 00000000 00:00 0 
7f618334e000-7f618334f000 r--p 00025000 08:05 1975435                    /lib/x86_64-linux-gnu/ld-2.23.so
7f618334f000-7f6183350000 rw-p 00026000 08:05 1975435                    /lib/x86_64-linux-gnu/ld-2.23.so
7f6183350000-7f6183351000 rw-p 00000000 00:00 0 
7ffce7522000-7ffce7543000 rw-p 00000000 00:00 0                          [stack]
7ffce7560000-7ffce7562000 r--p 00000000 00:00 0                          [vvar]
7ffce7562000-7ffce7564000 r-xp 00000000 00:00 0                          [vdso]
ffffffffff600000-ffffffffff601000 r-xp 00000000 00:00 0                  [vsyscall]

VM Arguments:
jvm_args: -Dvisualvm.id=82766660448786 -javaagent:/opt/idea-IC-172.4343.14/lib/idea_rt.jar=45250:/opt/idea-IC-172.4343.14/bin -Dfile.encoding=UTF-8 
java_command: Main
java_class_path (initial): /usr/lib/jvm/java-1.8.0-openjdk-amd64/jre/lib/charsets.jar:/usr/lib/jvm/java-1.8.0-openjdk-amd64/jre/lib/ext/cldrdata.jar:/usr/lib/jvm/java-1.8.0-openjdk-amd64/jre/lib/ext/dnsns.jar:/usr/lib/jvm/java-1.8.0-openjdk-amd64/jre/lib/ext/icedtea-sound.jar:/usr/lib/jvm/java-1.8.0-openjdk-amd64/jre/lib/ext/jaccess.jar:/usr/lib/jvm/java-1.8.0-openjdk-amd64/jre/lib/ext/localedata.jar:/usr/lib/jvm/java-1.8.0-openjdk-amd64/jre/lib/ext/nashorn.jar:/usr/lib/jvm/java-1.8.0-openjdk-amd64/jre/lib/ext/sunec.jar:/usr/lib/jvm/java-1.8.0-openjdk-amd64/jre/lib/ext/sunjce_provider.jar:/usr/lib/jvm/java-1.8.0-openjdk-amd64/jre/lib/ext/sunpkcs11.jar:/usr/lib/jvm/java-1.8.0-openjdk-amd64/jre/lib/ext/zipfs.jar:/usr/lib/jvm/java-1.8.0-openjdk-amd64/jre/lib/jce.jar:/usr/lib/jvm/java-1.8.0-openjdk-amd64/jre/lib/jsse.jar:/usr/lib/jvm/java-1.8.0-openjdk-amd64/jre/lib/management-agent.jar:/usr/lib/jvm/java-1.8.0-openjdk-amd64/jre/lib/resources.jar:/usr/lib/jvm/java-1.8.0-openjdk-amd64/jre/lib/rt.jar:/home/mihnea/facultate/poo/tema3/out/production/tema3:/opt/idea-IC-172.4343.14/lib/idea_rt.jar
Launcher Type: SUN_STANDARD

Environment Variables:
JAVA_HOME=/usr/lib/jvm/java-8-oracle
PATH=/home/mihnea/bin:/home/mihnea/.local/bin:/usr/local/sbin:/usr/local/bin:/usr/sbin:/usr/bin:/sbin:/bin:/usr/games:/usr/local/games:/usr/lib/jvm/java-8-oracle/bin:/usr/lib/jvm/java-8-oracle/db/bin:/usr/lib/jvm/java-8-oracle/jre/bin
LD_LIBRARY_PATH=/opt/idea-IC-172.4343.14/bin:
SHELL=/bin/bash
DISPLAY=:0

Signal Handlers:
SIGSEGV: [libjvm.so+0xa69040], sa_mask[0]=11111111011111111101111111111110, sa_flags=SA_RESTART|SA_SIGINFO
SIGBUS: [libjvm.so+0xa69040], sa_mask[0]=11111111011111111101111111111110, sa_flags=SA_RESTART|SA_SIGINFO
SIGFPE: [libjvm.so+0x8b2170], sa_mask[0]=11111111011111111101111111111110, sa_flags=SA_RESTART|SA_SIGINFO
SIGPIPE: [libjvm.so+0x8b2170], sa_mask[0]=11111111011111111101111111111110, sa_flags=SA_RESTART|SA_SIGINFO
SIGXFSZ: [libjvm.so+0x8b2170], sa_mask[0]=11111111011111111101111111111110, sa_flags=SA_RESTART|SA_SIGINFO
SIGILL: [libjvm.so+0x8b2170], sa_mask[0]=11111111011111111101111111111110, sa_flags=SA_RESTART|SA_SIGINFO
SIGUSR1: SIG_DFL, sa_mask[0]=00000000000000000000000000000000, sa_flags=none
SIGUSR2: [libjvm.so+0x8b2020], sa_mask[0]=00100000000000000000000000000000, sa_flags=SA_RESTART|SA_SIGINFO
SIGHUP: [libjvm.so+0x8b24f0], sa_mask[0]=11111111011111111101111111111110, sa_flags=SA_RESTART|SA_SIGINFO
SIGINT: [libjvm.so+0x8b24f0], sa_mask[0]=11111111011111111101111111111110, sa_flags=SA_RESTART|SA_SIGINFO
SIGTERM: [libjvm.so+0x8b24f0], sa_mask[0]=11111111011111111101111111111110, sa_flags=SA_RESTART|SA_SIGINFO
SIGQUIT: [libjvm.so+0x8b24f0], sa_mask[0]=11111111011111111101111111111110, sa_flags=SA_RESTART|SA_SIGINFO


---------------  S Y S T E M  ---------------

OS:DISTRIB_ID=Ubuntu
DISTRIB_RELEASE=16.04
DISTRIB_CODENAME=xenial
DISTRIB_DESCRIPTION="Ubuntu 16.04.3 LTS"

uname:Linux 4.4.0-103-generic #126-Ubuntu SMP Mon Dec 4 16:23:28 UTC 2017 x86_64
libc:glibc 2.23 NPTL 2.23 
rlimit: STACK 8192k, CORE 0k, NPROC 31304, NOFILE 1048576, AS infinity
load average:2,41 1,36 3,12

/proc/meminfo:
MemTotal:        8054804 kB
MemFree:          162440 kB
MemAvailable:     100172 kB
Buffers:            1936 kB
Cached:           452360 kB
SwapCached:            0 kB
Active:          7357128 kB
Inactive:         325712 kB
Active(anon):    7307580 kB
Inactive(anon):   278452 kB
Active(file):      49548 kB
Inactive(file):    47260 kB
Unevictable:          64 kB
Mlocked:              64 kB
SwapTotal:             0 kB
SwapFree:              0 kB
Dirty:              3760 kB
Writeback:             0 kB
AnonPages:       7228772 kB
Mapped:           247784 kB
Shmem:            357024 kB
Slab:              90064 kB
SReclaimable:      47328 kB
SUnreclaim:        42736 kB
KernelStack:       16656 kB
PageTables:        55868 kB
NFS_Unstable:          0 kB
Bounce:                0 kB
WritebackTmp:          0 kB
CommitLimit:     4027400 kB
Committed_AS:   14980576 kB
VmallocTotal:   34359738367 kB
VmallocUsed:           0 kB
VmallocChunk:          0 kB
HardwareCorrupted:     0 kB
AnonHugePages:   3237888 kB
CmaTotal:              0 kB
CmaFree:               0 kB
HugePages_Total:       0
HugePages_Free:        0
HugePages_Rsvd:        0
HugePages_Surp:        0
Hugepagesize:       2048 kB
DirectMap4k:      124544 kB
DirectMap2M:     8144896 kB


CPU:total 4 (initial active 4) (2 cores per cpu, 2 threads per core) family 6 model 42 stepping 7, cmov, cx8, fxsr, mmx, sse, sse2, sse3, ssse3, sse4.1, sse4.2, popcnt, avx, aes, clmul, ht, tsc, tscinvbit

/proc/cpuinfo:
processor	: 0
vendor_id	: GenuineIntel
cpu family	: 6
model		: 42
model name	: Intel(R) Core(TM) i5-2520M CPU @ 2.50GHz
stepping	: 7
microcode	: 0x29
cpu MHz		: 3000.000
cache size	: 3072 KB
physical id	: 0
siblings	: 4
core id		: 0
cpu cores	: 2
apicid		: 0
initial apicid	: 0
fpu		: yes
fpu_exception	: yes
cpuid level	: 13
wp		: yes
flags		: fpu vme de pse tsc msr pae mce cx8 apic sep mtrr pge mca cmov pat pse36 clflush dts acpi mmx fxsr sse sse2 ss ht tm pbe syscall nx rdtscp lm constant_tsc arch_perfmon pebs bts nopl xtopology nonstop_tsc aperfmperf eagerfpu pni pclmulqdq dtes64 monitor ds_cpl vmx smx est tm2 ssse3 cx16 xtpr pdcm pcid sse4_1 sse4_2 x2apic popcnt tsc_deadline_timer aes xsave avx lahf_lm epb tpr_shadow vnmi flexpriority ept vpid xsaveopt dtherm ida arat pln pts
bugs		:
bogomips	: 4983.95
clflush size	: 64
cache_alignment	: 64
address sizes	: 36 bits physical, 48 bits virtual
power management:

processor	: 1
vendor_id	: GenuineIntel
cpu family	: 6
model		: 42
model name	: Intel(R) Core(TM) i5-2520M CPU @ 2.50GHz
stepping	: 7
microcode	: 0x29
cpu MHz		: 2999.902
cache size	: 3072 KB
physical id	: 0
siblings	: 4
core id		: 0
cpu cores	: 2
apicid		: 1
initial apicid	: 1
fpu		: yes
fpu_exception	: yes
cpuid level	: 13
wp		: yes
flags		: fpu vme de pse tsc msr pae mce cx8 apic sep mtrr pge mca cmov pat pse36 clflush dts acpi mmx fxsr sse sse2 ss ht tm pbe syscall nx rdtscp lm constant_tsc arch_perfmon pebs bts nopl xtopology nonstop_tsc aperfmperf eagerfpu pni pclmulqdq dtes64 monitor ds_cpl vmx smx est tm2 ssse3 cx16 xtpr pdcm pcid sse4_1 sse4_2 x2apic popcnt tsc_deadline_timer aes xsave avx lahf_lm epb tpr_shadow vnmi flexpriority ept vpid xsaveopt dtherm ida arat pln pts
bugs		:
bogomips	: 4983.95
clflush size	: 64
cache_alignment	: 64
address sizes	: 36 bits physical, 48 bits virtual
power management:

processor	: 2
vendor_id	: GenuineIntel
cpu family	: 6
model		: 42
model name	: Intel(R) Core(TM) i5-2520M CPU @ 2.50GHz
stepping	: 7
microcode	: 0x29
cpu MHz		: 3000.000
cache size	: 3072 KB
physical id	: 0
siblings	: 4
core id		: 1
cpu cores	: 2
apicid		: 2
initial apicid	: 2
fpu		: yes
fpu_exception	: yes
cpuid level	: 13
wp		: yes
flags		: fpu vme de pse tsc msr pae mce cx8 apic sep mtrr pge mca cmov pat pse36 clflush dts acpi mmx fxsr sse sse2 ss ht tm pbe syscall nx rdtscp lm constant_tsc arch_perfmon pebs bts nopl xtopology nonstop_tsc aperfmperf eagerfpu pni pclmulqdq dtes64 monitor ds_cpl vmx smx est tm2 ssse3 cx16 xtpr pdcm pcid sse4_1 sse4_2 x2apic popcnt tsc_deadline_timer aes xsave avx lahf_lm epb tpr_shadow vnmi flexpriority ept vpid xsaveopt dtherm ida arat pln pts
bugs		:
bogomips	: 4983.95
clflush size	: 64
cache_alignment	: 64
address sizes	: 36 bits physical, 48 bits virtual
power management:

processor	: 3
vendor_id	: GenuineIntel
cpu family	: 6
model		: 42
model name	: Intel(R) Core(TM) i5-2520M CPU @ 2.50GHz
stepping	: 7
microcode	: 0x29
cpu MHz		: 2999.902
cache size	: 3072 KB
physical id	: 0
siblings	: 4
core id		: 1
cpu cores	: 2
apicid		: 3
initial apicid	: 3
fpu		: yes
fpu_exception	: yes
cpuid level	: 13
wp		: yes
flags		: fpu vme de pse tsc msr pae mce cx8 apic sep mtrr pge mca cmov pat pse36 clflush dts acpi mmx fxsr sse sse2 ss ht tm pbe syscall nx rdtscp lm constant_tsc arch_perfmon pebs bts nopl xtopology nonstop_tsc aperfmperf eagerfpu pni pclmulqdq dtes64 monitor ds_cpl vmx smx est tm2 ssse3 cx16 xtpr pdcm pcid sse4_1 sse4_2 x2apic popcnt tsc_deadline_timer aes xsave avx lahf_lm epb tpr_shadow vnmi flexpriority ept vpid xsaveopt dtherm ida arat pln pts
bugs		:
bogomips	: 4983.95
clflush size	: 64
cache_alignment	: 64
address sizes	: 36 bits physical, 48 bits virtual
power management:



Memory: 4k page, physical 8054804k(162192k free), swap 0k(0k free)

vm_info: OpenJDK 64-Bit Server VM (25.151-b12) for linux-amd64 JRE (1.8.0_151-8u151-b12-0ubuntu0.16.04.2-b12), built on Oct 27 2017 21:59:02 by "buildd" with gcc 5.4.0 20160609

time: Sun Jan  7 02:25:19 2018
elapsed time: 8 seconds (0d 0h 0m 8s)

