Test	3x3	.....................................	
R 0 0 600 0 1 attacks W 0 0 400 0 1
W dead attacks R 0 0 600 0 1: R 0 0 407 0 1: W dead
W 0 0 400 1 1 attacks W 0 0 400 1 1: W 0 0 375 1 1
W 0 0 375 1 1 attacks W 0 0 400 1 1: W 0 0 375 1 1
W 0 0 375 1 1 attacks W 0 0 375 1 1: W 0 0 350 1 1
W 0 0 350 1 1 attacks W 0 0 375 1 1: W 0 0 350 1 1
W 0 0 350 1 1 attacks W 0 0 350 1 1: W 0 0 325 1 1
W 0 0 325 1 1 attacks W 0 0 350 1 1: W 0 0 325 1 1
W 0 0 325 1 1 attacks W 0 0 325 1 1: W 0 0 300 1 1
W 0 0 300 1 1 attacks W 0 0 325 1 1: W 0 0 300 1 1
R 0 200 407 0 1 attacks W 0 0 300 0 1
W dead attacks R 0 200 407 0 1: R 0 200 262 0 1: W deadOK
Test	4x4	.....................................	
P 0 0 500 0 0 attacks K 0 0 900 0 0: K 0 0 150 0 0
K 0 0 150 0 0 attacks P 0 0 500 0 0: P 0 0 190 0 0
P 0 0 500 2 0 attacks K 0 0 900 2 0: K 0 0 150 2 0
K 0 0 150 2 0 attacks P 0 0 500 2 0: P 0 0 190 2 0
K 0 0 75 1 0 attacks W 0 0 400 1 0: W 0 0 135 1 0
W 0 0 135 1 0 attacks K 0 0 75 1 0: K dead
K 0 0 75 3 0 attacks W 0 0 400 3 0: W 0 0 135 3 0
W 0 0 135 3 0 attacks K 0 0 75 3 0: K dead
W 0 200 135 3 0 attacks R 0 0 600 3 0: R 0 0 470 3 0
R 0 0 470 3 0 attacks W 0 200 135 3 0: W dead
W 0 200 135 2 1 attacks R 0 200 470 2 1: R 0 200 325 2 1
R 0 200 325 2 1 attacks W 0 200 135 2 1: W deadOK
Test	5x5	.....................................	
R 0 0 600 0 3 attacks W 0 0 400 0 3
W dead attacks R 0 0 600 0 3: R 0 0 407 0 3: W dead
W 0 0 400 1 3 attacks W 0 0 400 1 3: W 0 0 375 1 3
W 0 0 375 1 3 attacks W 0 0 400 1 3: W 0 0 375 1 3
W 0 0 400 2 3 attacks W 0 0 400 2 3: W 0 0 375 2 3
W 0 0 375 2 3 attacks W 0 0 400 2 3: W 0 0 375 2 3
W 0 0 375 1 3 attacks W 0 0 375 1 3: W 0 0 350 1 3
W 0 0 350 1 3 attacks W 0 0 375 1 3: W 0 0 350 1 3
W 0 0 375 2 3 attacks W 0 0 375 2 3: W 0 0 350 2 3
W 0 0 350 2 3 attacks W 0 0 375 2 3: W 0 0 350 2 3
W 0 0 350 1 3 attacks W 0 0 350 1 3: W 0 0 325 1 3
W 0 0 325 1 3 attacks W 0 0 350 1 3: W 0 0 325 1 3
W 0 0 350 2 3 attacks W 0 0 350 2 3: W 0 0 325 2 3
W 0 0 325 2 3 attacks W 0 0 350 2 3: W 0 0 325 2 3
R 0 200 407 0 3 attacks W 0 0 325 0 3
W dead attacks R 0 200 407 0 3: R 0 200 262 0 3: W dead
W 0 0 325 2 3 attacks W 0 0 325 2 3: W 0 0 300 2 3
W 0 0 300 2 3 attacks W 0 0 325 2 3: W 0 0 300 2 3
W 0 0 300 3 3 attacks W 0 0 400 3 3: W 0 0 375 3 3
W 0 0 375 3 3 attacks W 0 0 300 3 3: W 0 0 275 3 3
W 0 0 275 3 3 attacks W 0 0 375 3 3: W 0 0 350 3 3
W 0 0 350 3 3 attacks W 0 0 275 3 3: W 0 0 250 3 3
W 0 0 250 3 3 attacks W 0 0 350 3 3: W 0 0 325 3 3
W 0 0 325 3 3 attacks W 0 0 250 3 3: W 0 0 225 3 3
W 0 0 225 3 3 attacks W 0 0 325 3 3: W 0 0 300 3 3
W 0 0 300 3 3 attacks W 0 0 225 3 3: W 0 0 200 3 3
W 0 0 200 3 3 attacks W 0 0 300 3 3: W 0 0 275 3 3
W 0 0 275 3 3 attacks W 0 0 200 3 3: W 0 0 175 3 3
W 0 0 175 3 3 attacks W 0 0 275 3 3: W 0 0 250 3 3
W 0 0 250 3 3 attacks W 0 0 175 3 3: W 0 0 150 3 3
W 0 0 250 3 2 attacks K 0 0 900 3 2: K 0 0 688 3 2
K 0 0 688 3 2 attacks W 0 0 250 3 2: W dead
W 0 0 300 3 3 attacks W 0 0 150 3 3: W 0 0 125 3 3
W 0 0 125 3 3 attacks W 0 0 300 3 3: W 0 0 275 3 3
W 0 0 275 3 3 attacks W 0 0 125 3 3: W 0 0 100 3 3
W 0 0 100 3 3 attacks W 0 0 275 3 3: W 0 0 250 3 3
W 0 0 250 3 3 attacks W 0 0 100 3 3: W 0 0 79 3 3
W 0 0 79 3 3 attacks W 0 0 250 3 3: W 0 0 225 3 3
W 0 0 225 3 3 attacks W 0 0 79 3 3: W 0 0 62 3 3
W 0 0 62 3 3 attacks W 0 0 225 3 3: W 0 0 200 3 3
W 0 0 62 3 2 attacks K 0 200 688 3 2: K 0 200 544 3 2
K 0 200 544 3 2 attacks W 0 0 62 3 2: W deadOK
Test	dense	.....................................	
K 0 0 900 14 5 attacks K 0 0 900 14 5: K 0 0 580 14 5
W 0 0 400 10 6 attacks R 0 0 600 10 6: R 0 0 407 10 6
R 0 0 407 10 6 attacks W 0 0 400 10 6: W dead
K 0 0 580 14 5 attacks K 0 0 900 14 5: K 0 0 580 14 5
K 0 0 900 0 3 attacks W 0 0 400 0 3: W 0 0 95 0 3
K 0 0 580 14 5 attacks K 0 0 580 14 5: K 0 0 260 14 5
W 0 0 95 0 3 attacks K 0 0 900 0 3: K 0 0 666 0 3
K 0 0 260 14 5 attacks K 0 0 580 14 5: K 0 0 260 14 5
P 0 0 500 17 18 attacks W 0 0 400 17 18
W dead attacks P 0 0 500 17 18: P 0 0 246 17 18: W dead
K 0 0 900 18 15 attacks R 0 0 600 18 15: R 0 0 243 18 15
R 0 0 243 18 15 attacks K 0 0 900 18 15: K 0 0 688 18 15
W 0 0 95 0 2 attacks P 0 0 500 0 2: P 0 0 246 0 2
P 0 0 246 0 2 attacks W 0 0 95 0 2: W dead
K 0 0 656 18 15 attacks R 0 0 243 18 15
R dead attacks K 0 0 656 18 15: K 0 0 444 18 15: R dead
W 0 0 400 6 7 attacks R 0 0 600 6 7: R 0 0 407 6 7
R 0 0 407 6 7 attacks W 0 0 400 6 7: W dead
P 0 0 500 1 19 attacks P 0 0 500 1 19
P dead attacks P 0 0 500 1 19: P dead: P dead
K 0 0 666 1 2 attacks R 0 0 600 1 2: R 0 0 243 1 2
R 0 0 243 1 2 attacks K 0 0 666 1 2: K 0 0 454 1 2
P 0 0 500 17 13 attacks W 0 0 400 17 13
W dead attacks P 0 0 500 17 13: P 0 0 220 17 13: W dead
K 0 0 422 1 2 attacks R 0 0 243 1 2
R dead attacks K 0 0 422 1 2: K 0 0 210 1 2: R dead
K 0 0 260 14 4 attacks K 0 0 260 14 4
K dead attacks K 0 0 260 14 4: K dead: K dead
R 0 0 600 2 3 attacks P 0 0 500 2 3: P 0 0 202 2 3
P 0 0 202 2 3 attacks R 0 0 600 2 3: R 0 0 100 2 3
P 0 200 246 18 17 attacks K 0 0 900 18 17: K 0 0 300 18 17
K 0 0 300 18 17 attacks P 0 200 246 18 17: P dead
W 0 0 400 17 12 attacks W 0 0 400 17 12: W 0 0 375 17 12
W 0 0 375 17 12 attacks W 0 0 400 17 12: W 0 0 375 17 12
K 0 200 114 1 3 attacks P 0 0 58 1 3
P dead attacks K 0 200 114 1 3: K dead: P dead
P 0 200 220 18 11 attacks K 0 0 900 18 11: K 0 0 300 18 11
K 0 0 300 18 11 attacks P 0 200 220 18 11: P dead
W 0 0 400 7 4 attacks R 0 200 407 7 4: R 0 200 264 7 4
R 0 200 264 7 4 attacks W 0 0 400 7 4: W 0 0 100 7 4
R 0 0 600 8 9 attacks K 0 0 900 8 9: K 0 0 688 8 9
K 0 0 688 8 9 attacks R 0 0 600 8 9: R 0 0 290 8 9
R 0 0 290 8 9 attacks K 0 0 656 8 9: K 0 0 444 8 9
K 0 0 444 8 9 attacks R 0 0 290 8 9: R dead
P 0 0 500 12 11 attacks K 0 0 900 12 11: K 0 0 150 12 11
P 0 0 500 11 1 attacks R 0 200 407 11 1
R dead attacks P 0 0 500 11 1: P 0 0 202 11 1: R dead
K 0 0 150 12 11 attacks P 0 0 500 12 11: P 0 0 190 12 11
P 0 0 500 11 11 attacks W 0 0 375 11 11
W dead attacks P 0 0 500 11 11: P 0 0 220 11 11: W dead
P 0 0 500 7 13 attacks W 0 0 400 7 13
W dead attacks P 0 0 500 7 13: P 0 0 220 7 13: W dead
W 0 0 400 8 7 attacks K 0 200 348 8 7: K 0 200 136 8 7
K 0 200 136 8 7 attacks W 0 0 400 8 7: W 0 0 135 8 7
R 0 0 600 3 13 attacks P 0 0 500 3 13: P 0 0 14 3 13
P 0 0 14 3 13 attacks R 0 0 600 3 13: R 0 0 200 3 13
W 0 0 400 8 5 attacks K 0 200 136 8 5
K dead attacks W 0 0 400 8 5: W 0 0 135 8 5: K dead
K 0 200 180 18 13 attacks K 0 200 348 18 13
K dead attacks K 0 200 180 18 13: K dead: K deadOK
Test	fightKKD	.....................................	
K 0 0 900 0 0 attacks K 0 0 900 0 0: K 0 0 580 0 0
K 0 0 580 0 0 attacks K 0 0 900 0 0: K 0 0 580 0 0
K 0 0 580 0 0 attacks K 0 0 580 0 0: K 0 0 260 0 0
K 0 0 260 0 0 attacks K 0 0 580 0 0: K 0 0 260 0 0OK
Test	fightKKL	.....................................	
K 0 0 900 0 0 attacks K 0 0 900 0 0: K 0 0 532 0 0
K 0 0 532 0 0 attacks K 0 0 900 0 0: K 0 0 532 0 0
K 0 0 532 0 0 attacks K 0 0 532 0 0: K 0 0 164 0 0
K 0 0 164 0 0 attacks K 0 0 532 0 0: K 0 0 164 0 0OK
Test	fightKKV	.....................................	
K 0 0 900 0 0 attacks K 0 0 900 0 0: K 0 0 580 0 0
K 0 0 580 0 0 attacks K 0 0 900 0 0: K 0 0 580 0 0
K 0 0 580 0 0 attacks K 0 0 580 0 0: K 0 0 260 0 0
K 0 0 260 0 0 attacks K 0 0 580 0 0: K 0 0 260 0 0OK
Test	fightKKW	.....................................	
K 0 0 900 0 0 attacks K 0 0 900 0 0: K 0 0 580 0 0
K 0 0 580 0 0 attacks K 0 0 900 0 0: K 0 0 580 0 0
K 0 0 580 0 0 attacks K 0 0 580 0 0: K 0 0 260 0 0
K 0 0 260 0 0 attacks K 0 0 580 0 0: K 0 0 260 0 0OK
Test	fightKPD	.....................................	
K 0 0 900 0 0 attacks P 0 0 500 0 0: P 0 0 190 0 0
P 0 0 190 0 0 attacks K 0 0 900 0 0: K 0 0 300 0 0
K 0 0 240 0 0 attacks P 0 0 190 0 0
P dead attacks K 0 0 240 0 0: K dead: P deadOK
Test	fightKPL	.....................................	
K 0 0 900 0 0 attacks P 0 0 500 0 0: P 0 0 143 0 0
P 0 0 143 0 0 attacks K 0 0 900 0 0: K 0 0 300 0 0
K 0 0 240 0 0 attacks P 0 0 143 0 0
P dead attacks K 0 0 240 0 0: K dead: P deadOK
Test	fightKPV	.....................................	
K 0 0 900 0 0 attacks P 0 0 500 0 0: P 0 0 190 0 0
P 0 0 190 0 0 attacks K 0 0 900 0 0: K 0 0 150 0 0
K 0 0 75 0 0 attacks P 0 0 190 0 0
P dead attacks K 0 0 75 0 0: K dead: P deadOK
Test	fightKPW	.....................................	
K 0 0 900 0 0 attacks P 0 0 500 0 0: P 0 0 190 0 0
P 0 0 190 0 0 attacks K 0 0 900 0 0: K 0 0 300 0 0
K 0 0 240 0 0 attacks P 0 0 190 0 0
P dead attacks K 0 0 240 0 0: K dead: P deadOK
Test	fightKRD	.....................................	
K 0 0 900 0 0 attacks R 0 0 600 0 0: R 0 0 290 0 0
R 0 0 290 0 0 attacks K 0 0 900 0 0: K 0 0 688 0 0
K 0 0 656 0 0 attacks R 0 0 290 0 0
R dead attacks K 0 0 656 0 0: K 0 0 444 0 0: R deadOK
Test	fightKRL	.....................................	
K 0 0 900 0 0 attacks R 0 0 600 0 0: R 0 0 243 0 0
R 0 0 243 0 0 attacks K 0 0 900 0 0: K 0 0 688 0 0
K 0 0 656 0 0 attacks R 0 0 243 0 0
R dead attacks K 0 0 656 0 0: K 0 0 444 0 0: R deadOK
Test	fightKRV	.....................................	
K 0 0 900 0 0 attacks R 0 0 600 0 0: R 0 0 290 0 0
R 0 0 290 0 0 attacks K 0 0 900 0 0: K 0 0 688 0 0
K 0 0 656 0 0 attacks R 0 0 290 0 0
R dead attacks K 0 0 656 0 0: K 0 0 444 0 0: R deadOK
Test	fightKRW	.....................................	
K 0 0 900 0 0 attacks R 0 0 600 0 0: R 0 0 290 0 0
R 0 0 290 0 0 attacks K 0 0 900 0 0: K 0 0 552 0 0
K 0 0 515 0 0 attacks R 0 0 290 0 0
R dead attacks K 0 0 515 0 0: K 0 0 271 0 0: R deadOK
Test	fightKWD	.....................................	
K 0 0 900 0 0 attacks W 0 0 400 0 0: W 0 0 135 0 0
W 0 0 135 0 0 attacks K 0 0 900 0 0: K 0 0 667 0 0
K 0 0 667 0 0 attacks W 0 0 135 0 0
W dead attacks K 0 0 667 0 0: K 0 0 434 0 0: W deadOK
Test	fightKWL	.....................................	
K 0 0 900 0 0 attacks W 0 0 400 0 0: W 0 0 95 0 0
W 0 0 95 0 0 attacks K 0 0 900 0 0: K 0 0 666 0 0
K 0 0 666 0 0 attacks W 0 0 95 0 0
W dead attacks K 0 0 666 0 0: K 0 0 432 0 0: W deadOK
Test	fightKWV	.....................................	
K 0 0 900 0 0 attacks W 0 0 400 0 0: W 0 0 135 0 0
W 0 0 135 0 0 attacks K 0 0 900 0 0: K 0 0 688 0 0
K 0 0 688 0 0 attacks W 0 0 135 0 0
W dead attacks K 0 0 688 0 0: K 0 0 476 0 0: W deadOK
Test	fightKWW	.....................................	
K 0 0 900 0 0 attacks W 0 0 400 0 0: W 0 0 135 0 0
W 0 0 135 0 0 attacks K 0 0 900 0 0: K 0 0 688 0 0
K 0 0 688 0 0 attacks W 0 0 135 0 0
W dead attacks K 0 0 688 0 0: K 0 0 476 0 0: W deadOK
Test	fightPKD	.....................................	
P 0 0 500 0 0 attacks K 0 0 900 0 0: K 0 0 300 0 0
K 0 0 300 0 0 attacks P 0 0 500 0 0: P 0 0 190 0 0
P 0 0 190 0 0 attacks K 0 0 240 0 0
K dead attacks P 0 0 190 0 0: P dead: K deadOK
Test	fightPKL	.....................................	
P 0 0 500 0 0 attacks K 0 0 900 0 0: K 0 0 300 0 0
K 0 0 300 0 0 attacks P 0 0 500 0 0: P 0 0 143 0 0
P 0 0 143 0 0 attacks K 0 0 240 0 0
K dead attacks P 0 0 143 0 0: P dead: K deadOK
Test	fightPKV	.....................................	
P 0 0 500 0 0 attacks K 0 0 900 0 0: K 0 0 150 0 0
K 0 0 150 0 0 attacks P 0 0 500 0 0: P 0 0 190 0 0
P 0 0 190 0 0 attacks K 0 0 75 0 0
K dead attacks P 0 0 190 0 0: P dead: K deadOK
Test	fightPKW	.....................................	
P 0 0 500 0 0 attacks K 0 0 900 0 0: K 0 0 300 0 0
K 0 0 300 0 0 attacks P 0 0 500 0 0: P 0 0 190 0 0
P 0 0 190 0 0 attacks K 0 0 240 0 0
K dead attacks P 0 0 190 0 0: P dead: K deadOK
Test	fightPPD	.....................................	
P 0 0 500 0 0 attacks P 0 0 500 0 0: P 0 0 50 0 0
P 0 0 50 0 0 attacks P 0 0 500 0 0: P 0 0 50 0 0
P 0 0 5 0 0 attacks P 0 0 5 0 0
P dead attacks P 0 0 5 0 0: P dead: P deadOK
Test	fightPPL	.....................................	
P 0 0 500 0 0 attacks P 0 0 500 0 0: P 0 0 50 0 0
P 0 0 50 0 0 attacks P 0 0 500 0 0: P 0 0 50 0 0
P 0 0 5 0 0 attacks P 0 0 5 0 0
P dead attacks P 0 0 5 0 0: P dead: P deadOK
Test	fightPPV	.....................................	
P 0 0 500 0 0 attacks P 0 0 500 0 0
P dead attacks P 0 0 500 0 0: P dead: P deadOK
Test	fightPPW	.....................................	
P 0 0 500 0 0 attacks P 0 0 500 0 0: P 0 0 50 0 0
P 0 0 50 0 0 attacks P 0 0 500 0 0: P 0 0 50 0 0
P 0 0 5 0 0 attacks P 0 0 5 0 0
P dead attacks P 0 0 5 0 0: P dead: P deadOK
Test	fightPRD	.....................................	
P 0 0 500 0 0 attacks R 0 0 600 0 0: R 0 0 200 0 0
R 0 0 200 0 0 attacks P 0 0 500 0 0: P 0 0 202 0 0
P 0 0 154 0 0 attacks R 0 0 160 0 0
R dead attacks P 0 0 154 0 0: P dead: R deadOK
Test	fightPRL	.....................................	
P 0 0 500 0 0 attacks R 0 0 600 0 0: R 0 0 200 0 0
R 0 0 200 0 0 attacks P 0 0 500 0 0: P 0 0 202 0 0
P 0 0 154 0 0 attacks R 0 0 160 0 0
R dead attacks P 0 0 154 0 0: P dead: R deadOK
Test	fightPRV	.....................................	
P 0 0 500 0 0 attacks R 0 0 600 0 0: R 0 0 100 0 0
R 0 0 100 0 0 attacks P 0 0 500 0 0: P 0 0 202 0 0
P 0 0 154 0 0 attacks R 0 0 50 0 0
R dead attacks P 0 0 154 0 0: P dead: R deadOK
Test	fightPRW	.....................................	
P 0 0 500 0 0 attacks R 0 0 600 0 0: R 0 0 200 0 0
R 0 0 200 0 0 attacks P 0 0 500 0 0: P 0 0 14 0 0OK
Test	fightPWD	.....................................	
P 0 0 500 0 0 attacks W 0 0 400 0 0
W dead attacks P 0 0 500 0 0: P 0 0 220 0 0: W deadOK
Test	fightPWL	.....................................	
P 0 0 500 0 0 attacks W 0 0 400 0 0
W dead attacks P 0 0 500 0 0: P 0 0 246 0 0: W deadOK
Test	fightPWV	.....................................	
P 0 0 500 0 0 attacks W 0 0 400 0 0
W dead attacks P 0 0 500 0 0: P 0 0 188 0 0: W deadOK
Test	fightPWW	.....................................	
P 0 0 500 0 0 attacks W 0 0 400 0 0
W dead attacks P 0 0 500 0 0: P 0 0 246 0 0: W deadOK
Test	fightRKD	.....................................	
R 0 0 600 0 0 attacks K 0 0 900 0 0: K 0 0 688 0 0
K 0 0 688 0 0 attacks R 0 0 600 0 0: R 0 0 290 0 0
R 0 0 290 0 0 attacks K 0 0 656 0 0: K 0 0 444 0 0
K 0 0 444 0 0 attacks R 0 0 290 0 0: R deadOK
Test	fightRKL	.....................................	
R 0 0 600 0 0 attacks K 0 0 900 0 0: K 0 0 688 0 0
K 0 0 688 0 0 attacks R 0 0 600 0 0: R 0 0 243 0 0
R 0 0 243 0 0 attacks K 0 0 656 0 0: K 0 0 444 0 0
K 0 0 444 0 0 attacks R 0 0 243 0 0: R deadOK
Test	fightRKV	.....................................	
R 0 0 600 0 0 attacks K 0 0 900 0 0: K 0 0 688 0 0
K 0 0 688 0 0 attacks R 0 0 600 0 0: R 0 0 290 0 0
R 0 0 290 0 0 attacks K 0 0 656 0 0: K 0 0 444 0 0
K 0 0 444 0 0 attacks R 0 0 290 0 0: R deadOK
Test	fightRKW	.....................................	
R 0 0 600 0 0 attacks K 0 0 900 0 0: K 0 0 552 0 0
K 0 0 552 0 0 attacks R 0 0 600 0 0: R 0 0 290 0 0
R 0 0 290 0 0 attacks K 0 0 515 0 0: K 0 0 271 0 0
K 0 0 271 0 0 attacks R 0 0 290 0 0: R deadOK
Test	fightRPD	.....................................	
R 0 0 600 0 0 attacks P 0 0 500 0 0: P 0 0 202 0 0
P 0 0 202 0 0 attacks R 0 0 600 0 0: R 0 0 200 0 0
R 0 0 160 0 0 attacks P 0 0 154 0 0
P dead attacks R 0 0 160 0 0: R dead: P deadOK
Test	fightRPL	.....................................	
R 0 0 600 0 0 attacks P 0 0 500 0 0: P 0 0 202 0 0
P 0 0 202 0 0 attacks R 0 0 600 0 0: R 0 0 200 0 0
R 0 0 160 0 0 attacks P 0 0 154 0 0
P dead attacks R 0 0 160 0 0: R dead: P deadOK
Test	fightRPV	.....................................	
R 0 0 600 0 0 attacks P 0 0 500 0 0: P 0 0 202 0 0
P 0 0 202 0 0 attacks R 0 0 600 0 0: R 0 0 100 0 0
R 0 0 50 0 0 attacks P 0 0 154 0 0
P dead attacks R 0 0 50 0 0: R dead: P deadOK
Test	fightRPW	.....................................	
R 0 0 600 0 0 attacks P 0 0 500 0 0: P 0 0 14 0 0
P 0 0 14 0 0 attacks R 0 0 600 0 0: R 0 0 200 0 0OK
Test	fightRRD	.....................................	
R 0 0 600 0 0 attacks R 0 0 600 0 0: R 0 0 324 0 0
R 0 0 324 0 0 attacks R 0 0 600 0 0: R 0 0 324 0 0
R 0 0 288 0 0 attacks R 0 0 288 0 0: R 0 0 12 0 0
R 0 0 12 0 0 attacks R 0 0 288 0 0: R 0 0 12 0 0OK
Test	fightRRL	.....................................	
R 0 0 600 0 0 attacks R 0 0 600 0 0: R 0 0 324 0 0
R 0 0 324 0 0 attacks R 0 0 600 0 0: R 0 0 324 0 0
R 0 0 288 0 0 attacks R 0 0 288 0 0: R 0 0 12 0 0
R 0 0 12 0 0 attacks R 0 0 288 0 0: R 0 0 12 0 0OK
Test	fightRRV	.....................................	
R 0 0 600 0 0 attacks R 0 0 600 0 0: R 0 0 324 0 0
R 0 0 324 0 0 attacks R 0 0 600 0 0: R 0 0 324 0 0
R 0 0 288 0 0 attacks R 0 0 288 0 0: R 0 0 12 0 0
R 0 0 12 0 0 attacks R 0 0 288 0 0: R 0 0 12 0 0OK
Test	fightRRW	.....................................	
R 0 0 600 0 0 attacks R 0 0 600 0 0: R 0 0 145 0 0
R 0 0 145 0 0 attacks R 0 0 600 0 0: R 0 0 145 0 0
R 0 0 104 0 0 attacks R 0 0 104 0 0
R dead attacks R 0 0 104 0 0: R dead: R deadOK
Test	fightRWD	.....................................	
R 0 0 600 0 0 attacks W 0 0 400 0 0: W 0 0 100 0 0
W 0 0 100 0 0 attacks R 0 0 600 0 0: R 0 0 457 0 0
R 0 0 457 0 0 attacks W 0 0 50 0 0
W dead attacks R 0 0 457 0 0: R 0 0 314 0 0: W deadOK
Test	fightRWL	.....................................	
R 0 0 600 0 0 attacks W 0 0 400 0 0: W 0 0 100 0 0
W 0 0 100 0 0 attacks R 0 0 600 0 0: R 0 0 470 0 0
R 0 0 470 0 0 attacks W 0 0 50 0 0
W dead attacks R 0 0 470 0 0: R 0 0 340 0 0: W deadOK
Test	fightRWV	.....................................	
R 0 0 600 0 0 attacks W 0 0 400 0 0: W 0 0 100 0 0
W 0 0 100 0 0 attacks R 0 0 600 0 0: R 0 0 470 0 0
R 0 0 470 0 0 attacks W 0 0 50 0 0
W dead attacks R 0 0 470 0 0: R 0 0 340 0 0: W deadOK
Test	fightRWW	.....................................	
R 0 0 600 0 0 attacks W 0 0 400 0 0
W dead attacks R 0 0 600 0 0: R 0 0 407 0 0: W deadOK
Test	fightWKD	.....................................	
W 0 0 400 0 0 attacks K 0 0 900 0 0: K 0 0 667 0 0
K 0 0 667 0 0 attacks W 0 0 400 0 0: W 0 0 135 0 0
W 0 0 135 0 0 attacks K 0 0 667 0 0: K 0 0 434 0 0
K 0 0 434 0 0 attacks W 0 0 135 0 0: W deadOK
Test	fightWKL	.....................................	
W 0 0 400 0 0 attacks K 0 0 900 0 0: K 0 0 666 0 0
K 0 0 666 0 0 attacks W 0 0 400 0 0: W 0 0 95 0 0
W 0 0 95 0 0 attacks K 0 0 666 0 0: K 0 0 432 0 0
K 0 0 432 0 0 attacks W 0 0 95 0 0: W deadOK
Test	fightWKV	.....................................	
W 0 0 400 0 0 attacks K 0 0 900 0 0: K 0 0 688 0 0
K 0 0 688 0 0 attacks W 0 0 400 0 0: W 0 0 135 0 0
W 0 0 135 0 0 attacks K 0 0 688 0 0: K 0 0 476 0 0
K 0 0 476 0 0 attacks W 0 0 135 0 0: W deadOK
Test	fightWKW	.....................................	
W 0 0 400 0 0 attacks K 0 0 900 0 0: K 0 0 688 0 0
K 0 0 688 0 0 attacks W 0 0 400 0 0: W 0 0 135 0 0
W 0 0 135 0 0 attacks K 0 0 688 0 0: K 0 0 476 0 0
K 0 0 476 0 0 attacks W 0 0 135 0 0: W deadOK
Test	fightWPD	.....................................	
W 0 0 400 0 0 attacks P 0 0 500 0 0: P 0 0 220 0 0
P 0 0 220 0 0 attacks W 0 0 400 0 0: W deadOK
Test	fightWPL	.....................................	
W 0 0 400 0 0 attacks P 0 0 500 0 0: P 0 0 246 0 0
P 0 0 246 0 0 attacks W 0 0 400 0 0: W deadOK
Test	fightWPV	.....................................	
W 0 0 400 0 0 attacks P 0 0 500 0 0: P 0 0 188 0 0
P 0 0 188 0 0 attacks W 0 0 400 0 0: W deadOK
Test	fightWPW	.....................................	
W 0 0 400 0 0 attacks P 0 0 500 0 0: P 0 0 246 0 0
P 0 0 246 0 0 attacks W 0 0 400 0 0: W deadOK
Test	fightWRD	.....................................	
W 0 0 400 0 0 attacks R 0 0 600 0 0: R 0 0 457 0 0
R 0 0 457 0 0 attacks W 0 0 400 0 0: W 0 0 100 0 0
W 0 0 50 0 0 attacks R 0 0 457 0 0: R 0 0 314 0 0
R 0 0 314 0 0 attacks W 0 0 50 0 0: W deadOK
Test	fightWRL	.....................................	
W 0 0 400 0 0 attacks R 0 0 600 0 0: R 0 0 470 0 0
R 0 0 470 0 0 attacks W 0 0 400 0 0: W 0 0 100 0 0
W 0 0 50 0 0 attacks R 0 0 470 0 0: R 0 0 340 0 0
R 0 0 340 0 0 attacks W 0 0 50 0 0: W deadOK
Test	fightWRV	.....................................	
W 0 0 400 0 0 attacks R 0 0 600 0 0: R 0 0 470 0 0
R 0 0 470 0 0 attacks W 0 0 400 0 0: W 0 0 100 0 0
W 0 0 50 0 0 attacks R 0 0 470 0 0: R 0 0 340 0 0
R 0 0 340 0 0 attacks W 0 0 50 0 0: W deadOK
Test	fightWRW	.....................................	
W 0 0 400 0 0 attacks R 0 0 600 0 0: R 0 0 407 0 0
R 0 0 407 0 0 attacks W 0 0 400 0 0: W deadOK
Test	fightWWD	.....................................	
W 0 0 400 0 0 attacks W 0 0 400 0 0: W 0 0 372 0 0
W 0 0 372 0 0 attacks W 0 0 400 0 0: W 0 0 372 0 0
W 0 0 372 0 0 attacks W 0 0 372 0 0: W 0 0 344 0 0
W 0 0 344 0 0 attacks W 0 0 372 0 0: W 0 0 344 0 0OK
Test	fightWWL	.....................................	
W 0 0 400 0 0 attacks W 0 0 400 0 0: W 0 0 375 0 0
W 0 0 375 0 0 attacks W 0 0 400 0 0: W 0 0 375 0 0
W 0 0 375 0 0 attacks W 0 0 375 0 0: W 0 0 350 0 0
W 0 0 350 0 0 attacks W 0 0 375 0 0: W 0 0 350 0 0OK
Test	fightWWV	.....................................	
W 0 0 400 0 0 attacks W 0 0 400 0 0: W 0 0 375 0 0
W 0 0 375 0 0 attacks W 0 0 400 0 0: W 0 0 375 0 0
W 0 0 375 0 0 attacks W 0 0 375 0 0: W 0 0 350 0 0
W 0 0 350 0 0 attacks W 0 0 375 0 0: W 0 0 350 0 0OK
Test	fightWWW	.....................................	
W 0 0 400 0 0 attacks W 0 0 400 0 0: W 0 0 375 0 0
W 0 0 375 0 0 attacks W 0 0 400 0 0: W 0 0 375 0 0
W 0 0 375 0 0 attacks W 0 0 375 0 0: W 0 0 350 0 0
W 0 0 350 0 0 attacks W 0 0 375 0 0: W 0 0 350 0 0OK
Bonus		.....................................	Starting audit...
[ERROR] /home/mihnea/facultate/poo/tema1/src/loop/Hero.java:87:5: Class 'Hero' looks like designed for extension (can be subclassed), but the method 'receiveDamage' does not have javadoc that explains how to do that safely. If class is not designed for extension consider making the class 'Hero' final or making the method 'receiveDamage' static/final/abstract/empty, or adding allowed annotation for the method. [DesignForExtension]
Audit done.
Checkstyle ends with 1 errors.
FAIL

-0 failed tests
-0 checkstyle errors

Test	3x3	.....................................	
R 0 0 600 0 1 attacks W 0 0 400 0 1: W dead
W dead attacks R 0 0 600 0 1: R 0 0 407 0 1
W 0 0 400 1 1 attacks W 0 0 400 1 1: W 0 0 375 1 1
W 0 0 375 1 1 attacks W 0 0 400 1 1: W 0 0 375 1 1
W 0 0 375 1 1 attacks W 0 0 375 1 1: W 0 0 350 1 1
W 0 0 350 1 1 attacks W 0 0 375 1 1: W 0 0 350 1 1
W 0 0 350 1 1 attacks W 0 0 350 1 1: W 0 0 325 1 1
W 0 0 325 1 1 attacks W 0 0 350 1 1: W 0 0 325 1 1
W 0 0 325 1 1 attacks W 0 0 325 1 1: W 0 0 300 1 1
W 0 0 300 1 1 attacks W 0 0 325 1 1: W 0 0 300 1 1
R 0 200 407 0 1 attacks W 0 0 300 0 1: W dead
W dead attacks R 0 200 407 0 1: R 0 200 262 0 1OK
Test	4x4	.....................................	
P 0 0 500 0 0 attacks K 0 0 900 0 0: K 0 0 150 0 0
K 0 0 150 0 0 attacks P 0 0 500 0 0: P 0 0 190 0 0
P 0 0 500 2 0 attacks K 0 0 900 2 0: K 0 0 150 2 0
K 0 0 150 2 0 attacks P 0 0 500 2 0: P 0 0 190 2 0
K 0 0 75 1 0 attacks W 0 0 400 1 0: W 0 0 135 1 0
W 0 0 135 1 0 attacks K 0 0 75 1 0: K dead
K 0 0 75 3 0 attacks W 0 0 400 3 0: W 0 0 135 3 0
W 0 0 135 3 0 attacks K 0 0 75 3 0: K dead
W 0 200 135 3 0 attacks R 0 0 600 3 0: R 0 0 470 3 0
R 0 0 470 3 0 attacks W 0 200 135 3 0: W dead
W 0 200 135 2 1 attacks R 0 200 470 2 1: R 0 200 325 2 1
R 0 200 325 2 1 attacks W 0 200 135 2 1: W deadOK
Test	5x5	.....................................	
R 0 0 600 0 3 attacks W 0 0 400 0 3: W dead
W dead attacks R 0 0 600 0 3: R 0 0 407 0 3
W 0 0 400 1 3 attacks W 0 0 400 1 3: W 0 0 375 1 3
W 0 0 375 1 3 attacks W 0 0 400 1 3: W 0 0 375 1 3
W 0 0 400 2 3 attacks W 0 0 400 2 3: W 0 0 375 2 3
W 0 0 375 2 3 attacks W 0 0 400 2 3: W 0 0 375 2 3
W 0 0 375 1 3 attacks W 0 0 375 1 3: W 0 0 350 1 3
W 0 0 350 1 3 attacks W 0 0 375 1 3: W 0 0 350 1 3
W 0 0 375 2 3 attacks W 0 0 375 2 3: W 0 0 350 2 3
W 0 0 350 2 3 attacks W 0 0 375 2 3: W 0 0 350 2 3
W 0 0 350 1 3 attacks W 0 0 350 1 3: W 0 0 325 1 3
W 0 0 325 1 3 attacks W 0 0 350 1 3: W 0 0 325 1 3
W 0 0 350 2 3 attacks W 0 0 350 2 3: W 0 0 325 2 3
W 0 0 325 2 3 attacks W 0 0 350 2 3: W 0 0 325 2 3
R 0 200 407 0 3 attacks W 0 0 325 0 3: W dead
W dead attacks R 0 200 407 0 3: R 0 200 262 0 3
W 0 0 325 2 3 attacks W 0 0 325 2 3: W 0 0 300 2 3
W 0 0 300 2 3 attacks W 0 0 325 2 3: W 0 0 300 2 3
W 0 0 300 3 3 attacks W 0 0 400 3 3: W 0 0 375 3 3
W 0 0 375 3 3 attacks W 0 0 300 3 3: W 0 0 275 3 3
W 0 0 275 3 3 attacks W 0 0 375 3 3: W 0 0 350 3 3
W 0 0 350 3 3 attacks W 0 0 275 3 3: W 0 0 250 3 3
W 0 0 250 3 3 attacks W 0 0 350 3 3: W 0 0 325 3 3
W 0 0 325 3 3 attacks W 0 0 250 3 3: W 0 0 225 3 3
W 0 0 225 3 3 attacks W 0 0 325 3 3: W 0 0 300 3 3
W 0 0 300 3 3 attacks W 0 0 225 3 3: W 0 0 200 3 3
W 0 0 200 3 3 attacks W 0 0 300 3 3: W 0 0 275 3 3
W 0 0 275 3 3 attacks W 0 0 200 3 3: W 0 0 175 3 3
W 0 0 175 3 3 attacks W 0 0 275 3 3: W 0 0 250 3 3
W 0 0 250 3 3 attacks W 0 0 175 3 3: W 0 0 150 3 3
W 0 0 250 3 2 attacks K 0 0 900 3 2: K 0 0 688 3 2
K 0 0 688 3 2 attacks W 0 0 250 3 2: W dead
W 0 0 300 3 3 attacks W 0 0 150 3 3: W 0 0 125 3 3
W 0 0 125 3 3 attacks W 0 0 300 3 3: W 0 0 275 3 3
W 0 0 275 3 3 attacks W 0 0 125 3 3: W 0 0 100 3 3
W 0 0 100 3 3 attacks W 0 0 275 3 3: W 0 0 250 3 3
W 0 0 250 3 3 attacks W 0 0 100 3 3: W 0 0 79 3 3
W 0 0 79 3 3 attacks W 0 0 250 3 3: W 0 0 225 3 3
W 0 0 225 3 3 attacks W 0 0 79 3 3: W 0 0 62 3 3
W 0 0 62 3 3 attacks W 0 0 225 3 3: W 0 0 200 3 3
W 0 0 62 3 2 attacks K 0 200 688 3 2: K 0 200 544 3 2
K 0 200 544 3 2 attacks W 0 0 62 3 2: W deadOK
Test	dense	.....................................	
K 0 0 900 14 5 attacks K 0 0 900 14 5: K 0 0 580 14 5
W 0 0 400 10 6 attacks R 0 0 600 10 6: R 0 0 407 10 6
R 0 0 407 10 6 attacks W 0 0 400 10 6: W dead
K 0 0 580 14 5 attacks K 0 0 900 14 5: K 0 0 580 14 5
K 0 0 900 0 3 attacks W 0 0 400 0 3: W 0 0 95 0 3
K 0 0 580 14 5 attacks K 0 0 580 14 5: K 0 0 260 14 5
W 0 0 95 0 3 attacks K 0 0 900 0 3: K 0 0 666 0 3
K 0 0 260 14 5 attacks K 0 0 580 14 5: K 0 0 260 14 5
P 0 0 500 17 18 attacks W 0 0 400 17 18: W dead
W dead attacks P 0 0 500 17 18: P 0 0 246 17 18
K 0 0 900 18 15 attacks R 0 0 600 18 15: R 0 0 243 18 15
R 0 0 243 18 15 attacks K 0 0 900 18 15: K 0 0 688 18 15
W 0 0 95 0 2 attacks P 0 0 500 0 2: P 0 0 246 0 2
P 0 0 246 0 2 attacks W 0 0 95 0 2: W dead
K 0 0 656 18 15 attacks R 0 0 243 18 15: R dead
R dead attacks K 0 0 656 18 15: K 0 0 444 18 15
W 0 0 400 6 7 attacks R 0 0 600 6 7: R 0 0 407 6 7
R 0 0 407 6 7 attacks W 0 0 400 6 7: W dead
P 0 0 500 1 19 attacks P 0 0 500 1 19: P dead
P dead attacks P 0 0 500 1 19: P dead
K 0 0 666 1 2 attacks R 0 0 600 1 2: R 0 0 243 1 2
R 0 0 243 1 2 attacks K 0 0 666 1 2: K 0 0 454 1 2
P 0 0 500 17 13 attacks W 0 0 400 17 13: W dead
W dead attacks P 0 0 500 17 13: P 0 0 220 17 13
K 0 0 422 1 2 attacks R 0 0 243 1 2: R dead
R dead attacks K 0 0 422 1 2: K 0 0 210 1 2
K 0 0 260 14 4 attacks K 0 0 260 14 4: K dead
K dead attacks K 0 0 260 14 4: K dead
R 0 0 600 2 3 attacks P 0 0 500 2 3: P 0 0 202 2 3
P 0 0 202 2 3 attacks R 0 0 600 2 3: R 0 0 100 2 3
P 0 200 246 18 17 attacks K 0 0 900 18 17: K 0 0 300 18 17
K 0 0 300 18 17 attacks P 0 200 246 18 17: P dead
W 0 0 400 17 12 attacks W 0 0 400 17 12: W 0 0 375 17 12
W 0 0 375 17 12 attacks W 0 0 400 17 12: W 0 0 375 17 12
K 0 200 114 1 3 attacks P 0 0 58 1 3: P dead
P dead attacks K 0 200 114 1 3: K dead
P 0 200 220 18 11 attacks K 0 0 900 18 11: K 0 0 300 18 11
K 0 0 300 18 11 attacks P 0 200 220 18 11: P dead
W 0 0 400 7 4 attacks R 0 200 407 7 4: R 0 200 264 7 4
R 0 200 264 7 4 attacks W 0 0 400 7 4: W 0 0 100 7 4
R 0 0 600 8 9 attacks K 0 0 900 8 9: K 0 0 688 8 9
K 0 0 688 8 9 attacks R 0 0 600 8 9: R 0 0 290 8 9
R 0 0 290 8 9 attacks K 0 0 656 8 9: K 0 0 444 8 9
K 0 0 444 8 9 attacks R 0 0 290 8 9: R dead
P 0 0 500 12 11 attacks K 0 0 900 12 11: K 0 0 150 12 11
P 0 0 500 11 1 attacks R 0 200 407 11 1: R dead
R dead attacks P 0 0 500 11 1: P 0 0 202 11 1
K 0 0 150 12 11 attacks P 0 0 500 12 11: P 0 0 190 12 11
P 0 0 500 11 11 attacks W 0 0 375 11 11: W dead
W dead attacks P 0 0 500 11 11: P 0 0 220 11 11
P 0 0 500 7 13 attacks W 0 0 400 7 13: W dead
W dead attacks P 0 0 500 7 13: P 0 0 220 7 13
W 0 0 400 8 7 attacks K 0 200 348 8 7: K 0 200 136 8 7
K 0 200 136 8 7 attacks W 0 0 400 8 7: W 0 0 135 8 7
R 0 0 600 3 13 attacks P 0 0 500 3 13: P 0 0 14 3 13
P 0 0 14 3 13 attacks R 0 0 600 3 13: R 0 0 200 3 13
W 0 0 400 8 5 attacks K 0 200 136 8 5: K dead
K dead attacks W 0 0 400 8 5: W 0 0 135 8 5
K 0 200 180 18 13 attacks K 0 200 348 18 13: K dead
K dead attacks K 0 200 180 18 13: K deadOK
Test	fightKKD	.....................................	
K 0 0 900 0 0 attacks K 0 0 900 0 0: K 0 0 580 0 0
K 0 0 580 0 0 attacks K 0 0 900 0 0: K 0 0 580 0 0
K 0 0 580 0 0 attacks K 0 0 580 0 0: K 0 0 260 0 0
K 0 0 260 0 0 attacks K 0 0 580 0 0: K 0 0 260 0 0OK
Test	fightKKL	.....................................	
K 0 0 900 0 0 attacks K 0 0 900 0 0: K 0 0 532 0 0
K 0 0 532 0 0 attacks K 0 0 900 0 0: K 0 0 532 0 0
K 0 0 532 0 0 attacks K 0 0 532 0 0: K 0 0 164 0 0
K 0 0 164 0 0 attacks K 0 0 532 0 0: K 0 0 164 0 0OK
Test	fightKKV	.....................................	
K 0 0 900 0 0 attacks K 0 0 900 0 0: K 0 0 580 0 0
K 0 0 580 0 0 attacks K 0 0 900 0 0: K 0 0 580 0 0
K 0 0 580 0 0 attacks K 0 0 580 0 0: K 0 0 260 0 0
K 0 0 260 0 0 attacks K 0 0 580 0 0: K 0 0 260 0 0OK
Test	fightKKW	.....................................	
K 0 0 900 0 0 attacks K 0 0 900 0 0: K 0 0 580 0 0
K 0 0 580 0 0 attacks K 0 0 900 0 0: K 0 0 580 0 0
K 0 0 580 0 0 attacks K 0 0 580 0 0: K 0 0 260 0 0
K 0 0 260 0 0 attacks K 0 0 580 0 0: K 0 0 260 0 0OK
Test	fightKPD	.....................................	
K 0 0 900 0 0 attacks P 0 0 500 0 0: P 0 0 190 0 0
P 0 0 190 0 0 attacks K 0 0 900 0 0: K 0 0 300 0 0
K 0 0 240 0 0 attacks P 0 0 190 0 0: P dead
P dead attacks K 0 0 240 0 0: K deadOK
Test	fightKPL	.....................................	
K 0 0 900 0 0 attacks P 0 0 500 0 0: P 0 0 143 0 0
P 0 0 143 0 0 attacks K 0 0 900 0 0: K 0 0 300 0 0
K 0 0 240 0 0 attacks P 0 0 143 0 0: P dead
P dead attacks K 0 0 240 0 0: K deadOK
Test	fightKPV	.....................................	
K 0 0 900 0 0 attacks P 0 0 500 0 0: P 0 0 190 0 0
P 0 0 190 0 0 attacks K 0 0 900 0 0: K 0 0 150 0 0
K 0 0 75 0 0 attacks P 0 0 190 0 0: P dead
P dead attacks K 0 0 75 0 0: K deadOK
Test	fightKPW	.....................................	
K 0 0 900 0 0 attacks P 0 0 500 0 0: P 0 0 190 0 0
P 0 0 190 0 0 attacks K 0 0 900 0 0: K 0 0 300 0 0
K 0 0 240 0 0 attacks P 0 0 190 0 0: P dead
P dead attacks K 0 0 240 0 0: K deadOK
Test	fightKRD	.....................................	
K 0 0 900 0 0 attacks R 0 0 600 0 0: R 0 0 290 0 0
R 0 0 290 0 0 attacks K 0 0 900 0 0: K 0 0 688 0 0
K 0 0 656 0 0 attacks R 0 0 290 0 0: R dead
R dead attacks K 0 0 656 0 0: K 0 0 444 0 0OK
Test	fightKRL	.....................................	
K 0 0 900 0 0 attacks R 0 0 600 0 0: R 0 0 243 0 0
R 0 0 243 0 0 attacks K 0 0 900 0 0: K 0 0 688 0 0
K 0 0 656 0 0 attacks R 0 0 243 0 0: R dead
R dead attacks K 0 0 656 0 0: K 0 0 444 0 0OK
Test	fightKRV	.....................................	
K 0 0 900 0 0 attacks R 0 0 600 0 0: R 0 0 290 0 0
R 0 0 290 0 0 attacks K 0 0 900 0 0: K 0 0 688 0 0
K 0 0 656 0 0 attacks R 0 0 290 0 0: R dead
R dead attacks K 0 0 656 0 0: K 0 0 444 0 0OK
Test	fightKRW	.....................................	
K 0 0 900 0 0 attacks R 0 0 600 0 0: R 0 0 290 0 0
R 0 0 290 0 0 attacks K 0 0 900 0 0: K 0 0 552 0 0
K 0 0 515 0 0 attacks R 0 0 290 0 0: R dead
R dead attacks K 0 0 515 0 0: K 0 0 271 0 0OK
Test	fightKWD	.....................................	
K 0 0 900 0 0 attacks W 0 0 400 0 0: W 0 0 135 0 0
W 0 0 135 0 0 attacks K 0 0 900 0 0: K 0 0 667 0 0
K 0 0 667 0 0 attacks W 0 0 135 0 0: W dead
W dead attacks K 0 0 667 0 0: K 0 0 434 0 0OK
Test	fightKWL	.....................................	
K 0 0 900 0 0 attacks W 0 0 400 0 0: W 0 0 95 0 0
W 0 0 95 0 0 attacks K 0 0 900 0 0: K 0 0 666 0 0
K 0 0 666 0 0 attacks W 0 0 95 0 0: W dead
W dead attacks K 0 0 666 0 0: K 0 0 432 0 0OK
Test	fightKWV	.....................................	
K 0 0 900 0 0 attacks W 0 0 400 0 0: W 0 0 135 0 0
W 0 0 135 0 0 attacks K 0 0 900 0 0: K 0 0 688 0 0
K 0 0 688 0 0 attacks W 0 0 135 0 0: W dead
W dead attacks K 0 0 688 0 0: K 0 0 476 0 0OK
Test	fightKWW	.....................................	
K 0 0 900 0 0 attacks W 0 0 400 0 0: W 0 0 135 0 0
W 0 0 135 0 0 attacks K 0 0 900 0 0: K 0 0 688 0 0
K 0 0 688 0 0 attacks W 0 0 135 0 0: W dead
W dead attacks K 0 0 688 0 0: K 0 0 476 0 0OK
Test	fightPKD	.....................................	
P 0 0 500 0 0 attacks K 0 0 900 0 0: K 0 0 300 0 0
K 0 0 300 0 0 attacks P 0 0 500 0 0: P 0 0 190 0 0
P 0 0 190 0 0 attacks K 0 0 240 0 0: K dead
K dead attacks P 0 0 190 0 0: P deadOK
Test	fightPKL	.....................................	
P 0 0 500 0 0 attacks K 0 0 900 0 0: K 0 0 300 0 0
K 0 0 300 0 0 attacks P 0 0 500 0 0: P 0 0 143 0 0
P 0 0 143 0 0 attacks K 0 0 240 0 0: K dead
K dead attacks P 0 0 143 0 0: P deadOK
Test	fightPKV	.....................................	
P 0 0 500 0 0 attacks K 0 0 900 0 0: K 0 0 150 0 0
K 0 0 150 0 0 attacks P 0 0 500 0 0: P 0 0 190 0 0
P 0 0 190 0 0 attacks K 0 0 75 0 0: K dead
K dead attacks P 0 0 190 0 0: P deadOK
Test	fightPKW	.....................................	
P 0 0 500 0 0 attacks K 0 0 900 0 0: K 0 0 300 0 0
K 0 0 300 0 0 attacks P 0 0 500 0 0: P 0 0 190 0 0
P 0 0 190 0 0 attacks K 0 0 240 0 0: K dead
K dead attacks P 0 0 190 0 0: P deadOK
Test	fightPPD	.....................................	
P 0 0 500 0 0 attacks P 0 0 500 0 0: P 0 0 50 0 0
P 0 0 50 0 0 attacks P 0 0 500 0 0: P 0 0 50 0 0
P 0 0 5 0 0 attacks P 0 0 5 0 0: P dead
P dead attacks P 0 0 5 0 0: P deadOK
Test	fightPPL	.....................................	
P 0 0 500 0 0 attacks P 0 0 500 0 0: P 0 0 50 0 0
P 0 0 50 0 0 attacks P 0 0 500 0 0: P 0 0 50 0 0
P 0 0 5 0 0 attacks P 0 0 5 0 0: P dead
P dead attacks P 0 0 5 0 0: P deadOK
Test	fightPPV	.....................................	
P 0 0 500 0 0 attacks P 0 0 500 0 0: P dead
P dead attacks P 0 0 500 0 0: P deadOK
Test	fightPPW	.....................................	
P 0 0 500 0 0 attacks P 0 0 500 0 0: P 0 0 50 0 0
P 0 0 50 0 0 attacks P 0 0 500 0 0: P 0 0 50 0 0
P 0 0 5 0 0 attacks P 0 0 5 0 0: P dead
P dead attacks P 0 0 5 0 0: P deadOK
Test	fightPRD	.....................................	
P 0 0 500 0 0 attacks R 0 0 600 0 0: R 0 0 200 0 0
R 0 0 200 0 0 attacks P 0 0 500 0 0: P 0 0 202 0 0
P 0 0 154 0 0 attacks R 0 0 160 0 0: R dead
R dead attacks P 0 0 154 0 0: P deadOK
Test	fightPRL	.....................................	
P 0 0 500 0 0 attacks R 0 0 600 0 0: R 0 0 200 0 0
R 0 0 200 0 0 attacks P 0 0 500 0 0: P 0 0 202 0 0
P 0 0 154 0 0 attacks R 0 0 160 0 0: R dead
R dead attacks P 0 0 154 0 0: P deadOK
Test	fightPRV	.....................................	
P 0 0 500 0 0 attacks R 0 0 600 0 0: R 0 0 100 0 0
R 0 0 100 0 0 attacks P 0 0 500 0 0: P 0 0 202 0 0
P 0 0 154 0 0 attacks R 0 0 50 0 0: R dead
R dead attacks P 0 0 154 0 0: P deadOK
Test	fightPRW	.....................................	
P 0 0 500 0 0 attacks R 0 0 600 0 0: R 0 0 200 0 0
R 0 0 200 0 0 attacks P 0 0 500 0 0: P 0 0 14 0 0OK
Test	fightPWD	.....................................	
P 0 0 500 0 0 attacks W 0 0 400 0 0: W dead
W dead attacks P 0 0 500 0 0: P 0 0 220 0 0OK
Test	fightPWL	.....................................	
P 0 0 500 0 0 attacks W 0 0 400 0 0: W dead
W dead attacks P 0 0 500 0 0: P 0 0 246 0 0OK
Test	fightPWV	.....................................	
P 0 0 500 0 0 attacks W 0 0 400 0 0: W dead
W dead attacks P 0 0 500 0 0: P 0 0 188 0 0OK
Test	fightPWW	.....................................	
P 0 0 500 0 0 attacks W 0 0 400 0 0: W dead
W dead attacks P 0 0 500 0 0: P 0 0 246 0 0OK
Test	fightRKD	.....................................	
R 0 0 600 0 0 attacks K 0 0 900 0 0: K 0 0 688 0 0
K 0 0 688 0 0 attacks R 0 0 600 0 0: R 0 0 290 0 0
R 0 0 290 0 0 attacks K 0 0 656 0 0: K 0 0 444 0 0
K 0 0 444 0 0 attacks R 0 0 290 0 0: R deadOK
Test	fightRKL	.....................................	
R 0 0 600 0 0 attacks K 0 0 900 0 0: K 0 0 688 0 0
K 0 0 688 0 0 attacks R 0 0 600 0 0: R 0 0 243 0 0
R 0 0 243 0 0 attacks K 0 0 656 0 0: K 0 0 444 0 0
K 0 0 444 0 0 attacks R 0 0 243 0 0: R deadOK
Test	fightRKV	.....................................	
R 0 0 600 0 0 attacks K 0 0 900 0 0: K 0 0 688 0 0
K 0 0 688 0 0 attacks R 0 0 600 0 0: R 0 0 290 0 0
R 0 0 290 0 0 attacks K 0 0 656 0 0: K 0 0 444 0 0
K 0 0 444 0 0 attacks R 0 0 290 0 0: R deadOK
Test	fightRKW	.....................................	
R 0 0 600 0 0 attacks K 0 0 900 0 0: K 0 0 552 0 0
K 0 0 552 0 0 attacks R 0 0 600 0 0: R 0 0 290 0 0
R 0 0 290 0 0 attacks K 0 0 515 0 0: K 0 0 271 0 0
K 0 0 271 0 0 attacks R 0 0 290 0 0: R deadOK
Test	fightRPD	.....................................	
R 0 0 600 0 0 attacks P 0 0 500 0 0: P 0 0 202 0 0
P 0 0 202 0 0 attacks R 0 0 600 0 0: R 0 0 200 0 0
R 0 0 160 0 0 attacks P 0 0 154 0 0: P dead
P dead attacks R 0 0 160 0 0: R deadOK
Test	fightRPL	.....................................	
R 0 0 600 0 0 attacks P 0 0 500 0 0: P 0 0 202 0 0
P 0 0 202 0 0 attacks R 0 0 600 0 0: R 0 0 200 0 0
R 0 0 160 0 0 attacks P 0 0 154 0 0: P dead
P dead attacks R 0 0 160 0 0: R deadOK
Test	fightRPV	.....................................	
R 0 0 600 0 0 attacks P 0 0 500 0 0: P 0 0 202 0 0
P 0 0 202 0 0 attacks R 0 0 600 0 0: R 0 0 100 0 0
R 0 0 50 0 0 attacks P 0 0 154 0 0: P dead
P dead attacks R 0 0 50 0 0: R deadOK
Test	fightRPW	.....................................	
R 0 0 600 0 0 attacks P 0 0 500 0 0: P 0 0 14 0 0
P 0 0 14 0 0 attacks R 0 0 600 0 0: R 0 0 200 0 0OK
Test	fightRRD	.....................................	
R 0 0 600 0 0 attacks R 0 0 600 0 0: R 0 0 324 0 0
R 0 0 324 0 0 attacks R 0 0 600 0 0: R 0 0 324 0 0
R 0 0 288 0 0 attacks R 0 0 288 0 0: R 0 0 12 0 0
R 0 0 12 0 0 attacks R 0 0 288 0 0: R 0 0 12 0 0OK
Test	fightRRL	.....................................	
R 0 0 600 0 0 attacks R 0 0 600 0 0: R 0 0 324 0 0
R 0 0 324 0 0 attacks R 0 0 600 0 0: R 0 0 324 0 0
R 0 0 288 0 0 attacks R 0 0 288 0 0: R 0 0 12 0 0
R 0 0 12 0 0 attacks R 0 0 288 0 0: R 0 0 12 0 0OK
Test	fightRRV	.....................................	
R 0 0 600 0 0 attacks R 0 0 600 0 0: R 0 0 324 0 0
R 0 0 324 0 0 attacks R 0 0 600 0 0: R 0 0 324 0 0
R 0 0 288 0 0 attacks R 0 0 288 0 0: R 0 0 12 0 0
R 0 0 12 0 0 attacks R 0 0 288 0 0: R 0 0 12 0 0OK
Test	fightRRW	.....................................	
R 0 0 600 0 0 attacks R 0 0 600 0 0: R 0 0 145 0 0
R 0 0 145 0 0 attacks R 0 0 600 0 0: R 0 0 145 0 0
R 0 0 104 0 0 attacks R 0 0 104 0 0: R dead
R dead attacks R 0 0 104 0 0: R deadOK
Test	fightRWD	.....................................	
R 0 0 600 0 0 attacks W 0 0 400 0 0: W 0 0 100 0 0
W 0 0 100 0 0 attacks R 0 0 600 0 0: R 0 0 457 0 0
R 0 0 457 0 0 attacks W 0 0 50 0 0: W dead
W dead attacks R 0 0 457 0 0: R 0 0 314 0 0OK
Test	fightRWL	.....................................	
R 0 0 600 0 0 attacks W 0 0 400 0 0: W 0 0 100 0 0
W 0 0 100 0 0 attacks R 0 0 600 0 0: R 0 0 470 0 0
R 0 0 470 0 0 attacks W 0 0 50 0 0: W dead
W dead attacks R 0 0 470 0 0: R 0 0 340 0 0OK
Test	fightRWV	.....................................	
R 0 0 600 0 0 attacks W 0 0 400 0 0: W 0 0 100 0 0
W 0 0 100 0 0 attacks R 0 0 600 0 0: R 0 0 470 0 0
R 0 0 470 0 0 attacks W 0 0 50 0 0: W dead
W dead attacks R 0 0 470 0 0: R 0 0 340 0 0OK
Test	fightRWW	.....................................	
R 0 0 600 0 0 attacks W 0 0 400 0 0: W dead
W dead attacks R 0 0 600 0 0: R 0 0 407 0 0OK
Test	fightWKD	.....................................	
W 0 0 400 0 0 attacks K 0 0 900 0 0: K 0 0 667 0 0
K 0 0 667 0 0 attacks W 0 0 400 0 0: W 0 0 135 0 0
W 0 0 135 0 0 attacks K 0 0 667 0 0: K 0 0 434 0 0
K 0 0 434 0 0 attacks W 0 0 135 0 0: W deadOK
Test	fightWKL	.....................................	
W 0 0 400 0 0 attacks K 0 0 900 0 0: K 0 0 666 0 0
K 0 0 666 0 0 attacks W 0 0 400 0 0: W 0 0 95 0 0
W 0 0 95 0 0 attacks K 0 0 666 0 0: K 0 0 432 0 0
K 0 0 432 0 0 attacks W 0 0 95 0 0: W deadOK
Test	fightWKV	.....................................	
W 0 0 400 0 0 attacks K 0 0 900 0 0: K 0 0 688 0 0
K 0 0 688 0 0 attacks W 0 0 400 0 0: W 0 0 135 0 0
W 0 0 135 0 0 attacks K 0 0 688 0 0: K 0 0 476 0 0
K 0 0 476 0 0 attacks W 0 0 135 0 0: W deadOK
Test	fightWKW	.....................................	
W 0 0 400 0 0 attacks K 0 0 900 0 0: K 0 0 688 0 0
K 0 0 688 0 0 attacks W 0 0 400 0 0: W 0 0 135 0 0
W 0 0 135 0 0 attacks K 0 0 688 0 0: K 0 0 476 0 0
K 0 0 476 0 0 attacks W 0 0 135 0 0: W deadOK
Test	fightWPD	.....................................	
W 0 0 400 0 0 attacks P 0 0 500 0 0: P 0 0 220 0 0
P 0 0 220 0 0 attacks W 0 0 400 0 0: W deadOK
Test	fightWPL	.....................................	
W 0 0 400 0 0 attacks P 0 0 500 0 0: P 0 0 246 0 0
P 0 0 246 0 0 attacks W 0 0 400 0 0: W deadOK
Test	fightWPV	.....................................	
W 0 0 400 0 0 attacks P 0 0 500 0 0: P 0 0 188 0 0
P 0 0 188 0 0 attacks W 0 0 400 0 0: W deadOK
Test	fightWPW	.....................................	
W 0 0 400 0 0 attacks P 0 0 500 0 0: P 0 0 246 0 0
P 0 0 246 0 0 attacks W 0 0 400 0 0: W deadOK
Test	fightWRD	.....................................	
W 0 0 400 0 0 attacks R 0 0 600 0 0: R 0 0 457 0 0
R 0 0 457 0 0 attacks W 0 0 400 0 0: W 0 0 100 0 0
W 0 0 50 0 0 attacks R 0 0 457 0 0: R 0 0 314 0 0
R 0 0 314 0 0 attacks W 0 0 50 0 0: W deadOK
Test	fightWRL	.....................................	
W 0 0 400 0 0 attacks R 0 0 600 0 0: R 0 0 470 0 0
R 0 0 470 0 0 attacks W 0 0 400 0 0: W 0 0 100 0 0
W 0 0 50 0 0 attacks R 0 0 470 0 0: R 0 0 340 0 0
R 0 0 340 0 0 attacks W 0 0 50 0 0: W deadOK
Test	fightWRV	.....................................	
W 0 0 400 0 0 attacks R 0 0 600 0 0: R 0 0 470 0 0
R 0 0 470 0 0 attacks W 0 0 400 0 0: W 0 0 100 0 0
W 0 0 50 0 0 attacks R 0 0 470 0 0: R 0 0 340 0 0
R 0 0 340 0 0 attacks W 0 0 50 0 0: W deadOK
Test	fightWRW	.....................................	
W 0 0 400 0 0 attacks R 0 0 600 0 0: R 0 0 407 0 0
R 0 0 407 0 0 attacks W 0 0 400 0 0: W deadOK
Test	fightWWD	.....................................	
W 0 0 400 0 0 attacks W 0 0 400 0 0: W 0 0 372 0 0
W 0 0 372 0 0 attacks W 0 0 400 0 0: W 0 0 372 0 0
W 0 0 372 0 0 attacks W 0 0 372 0 0: W 0 0 344 0 0
W 0 0 344 0 0 attacks W 0 0 372 0 0: W 0 0 344 0 0OK
Test	fightWWL	.....................................	
W 0 0 400 0 0 attacks W 0 0 400 0 0: W 0 0 375 0 0
W 0 0 375 0 0 attacks W 0 0 400 0 0: W 0 0 375 0 0
W 0 0 375 0 0 attacks W 0 0 375 0 0: W 0 0 350 0 0
W 0 0 350 0 0 attacks W 0 0 375 0 0: W 0 0 350 0 0OK
Test	fightWWV	.....................................	
W 0 0 400 0 0 attacks W 0 0 400 0 0: W 0 0 375 0 0
W 0 0 375 0 0 attacks W 0 0 400 0 0: W 0 0 375 0 0
W 0 0 375 0 0 attacks W 0 0 375 0 0: W 0 0 350 0 0
W 0 0 350 0 0 attacks W 0 0 375 0 0: W 0 0 350 0 0OK
Test	fightWWW	.....................................	
W 0 0 400 0 0 attacks W 0 0 400 0 0: W 0 0 375 0 0
W 0 0 375 0 0 attacks W 0 0 400 0 0: W 0 0 375 0 0
W 0 0 375 0 0 attacks W 0 0 375 0 0: W 0 0 350 0 0
W 0 0 350 0 0 attacks W 0 0 375 0 0: W 0 0 350 0 0OK
Bonus		.....................................	Starting audit...
[ERROR] /home/mihnea/facultate/poo/tema1/src/loop/Hero.java:87:5: Class 'Hero' looks like designed for extension (can be subclassed), but the method 'receiveDamage' does not have javadoc that explains how to do that safely. If class is not designed for extension consider making the class 'Hero' final or making the method 'receiveDamage' static/final/abstract/empty, or adding allowed annotation for the method. [DesignForExtension]
Audit done.
Checkstyle ends with 1 errors.
FAIL

-0 failed tests
-0 checkstyle errors

