
Profiling started at Wed Nov 15 04:02:13 2017
Profiling stopped at Wed Nov 15 04:04:42 2017

-- OProfile/operf Statistics --
Nr. non-backtrace samples: 4602996
Nr. kernel samples: 271326
Nr. user space samples: 4331670
Nr. samples lost due to sample address not in expected range for domain: 0
Nr. lost kernel samples: 0
Nr. samples lost due to sample file open failure: 0
Nr. samples lost due to no permanent mapping: 102
Nr. user context kernel samples lost due to no app info available: 0
Nr. user samples lost due to no app info available: 0
Nr. backtraces skipped due to no file mapping: 0
Nr. hypervisor samples dropped due to address out-of-range: 0
Nr. samples lost reported by perf_events kernel: 0

Profiling started at Wed Nov 15 04:04:51 2017
Profiling stopped at Wed Nov 15 04:07:34 2017

-- OProfile/operf Statistics --
Nr. non-backtrace samples: 4957431
Nr. kernel samples: 136588
Nr. user space samples: 4820843
Nr. samples lost due to sample address not in expected range for domain: 0
Nr. lost kernel samples: 0
Nr. samples lost due to sample file open failure: 0
Nr. samples lost due to no permanent mapping: 101
Nr. user context kernel samples lost due to no app info available: 0
Nr. user samples lost due to no app info available: 0
Nr. backtraces skipped due to no file mapping: 0
Nr. hypervisor samples dropped due to address out-of-range: 0
Nr. samples lost reported by perf_events kernel: 0
